2018-12-03 11:33:39,768 [main] INFO  org.mule.module.launcher.application.DefaultMuleApplication - 
++++++++++++++++++++++++++++++++++++++++++++++++++++++++++++
+ Initializing app 'ajaxspellchecker'                      +
++++++++++++++++++++++++++++++++++++++++++++++++++++++++++++
2018-12-03 11:33:39,969 [main] INFO  org.mule.lifecycle.AbstractLifecycleManager - Initialising RegistryBroker
2018-12-03 11:33:40,101 [main] INFO  org.mule.module.extension.internal.manager.DefaultExtensionManager - Starting discovery of extensions
2018-12-03 11:33:40,274 [main] INFO  org.mule.module.extension.internal.manager.DefaultExtensionManager - Discovered 1 extensions
2018-12-03 11:33:40,275 [main] INFO  org.mule.module.extension.internal.manager.DefaultExtensionManager - Registering extension validation (version 3.8)
2018-12-03 11:33:40,369 [main] INFO  org.mule.config.spring.MuleArtifactContext - Refreshing org.mule.config.spring.MuleArtifactContext@6d1d4d7: startup date [Mon Dec 03 11:33:40 CET 2018]; root of context hierarchy
2018-12-03 11:33:42,323 [main] INFO  org.mule.config.spring.processors.NoDevkitInjectorProcessor - JSR-330 'javax.inject.Inject' annotation found and supported for autowiring
2018-12-03 11:33:43,609 [main] WARN  org.mule.module.ognl.expression.OgnlExpressionEvaluator - OGNL module is deprecated and will be removed in Mule 4.0. Use MEL expressions instead.
2018-12-03 11:33:43,885 [main] INFO  org.mule.util.journal.TransactionJournal - Using files for tx logs /Users/juan/Documents/AnypointStudio/workspace/.mule/./.mule/ajaxspellchecker/queue-tx-log/tx1.log and /Users/juan/Documents/AnypointStudio/workspace/.mule/./.mule/ajaxspellchecker/queue-tx-log/tx2.log
2018-12-03 11:33:43,900 [main] INFO  org.mule.util.journal.TransactionJournal - Using files for tx logs /Users/juan/Documents/AnypointStudio/workspace/.mule/./.mule/ajaxspellchecker/queue-xa-tx-log/tx1.log and /Users/juan/Documents/AnypointStudio/workspace/.mule/./.mule/ajaxspellchecker/queue-xa-tx-log/tx2.log
2018-12-03 11:33:43,904 [main] INFO  org.mule.lifecycle.AbstractLifecycleManager - Initialising connector: Ajax
2018-12-03 11:33:44,059 [main] WARN  org.mule.transport.http.HttpConnector - HTTP transport is deprecated and will be removed in Mule 4.0. Use HTTP module instead.
2018-12-03 11:33:44,171 [main] INFO  org.mule.lifecycle.AbstractLifecycleManager - Initialising connector: connector.http.mule.default
2018-12-03 11:33:44,357 [main] INFO  org.mule.lifecycle.AbstractLifecycleManager - Initialising model: _muleSystemModel
2018-12-03 11:33:44,361 [main] INFO  org.mule.construct.FlowConstructLifecycleManager - Initialising flow: ajaxspellcheckerFlow
2018-12-03 11:33:44,361 [main] INFO  org.mule.exception.DefaultMessagingExceptionStrategy - Initialising exception listener: org.mule.exception.DefaultMessagingExceptionStrategy@4ace284d
2018-12-03 11:33:44,381 [main] INFO  org.mule.processor.SedaStageLifecycleManager - Initialising service: ajaxspellcheckerFlow.stage1
2018-12-03 11:33:45,518 [main] INFO  org.mule.component.ComponentLifecycleManager - Initialising component: component.1778257620
2018-12-03 11:33:45,992 [main] INFO  org.mule.config.spring.SpringXmlConfigurationBuilder - Configured Mule using "org.mule.config.spring.SpringXmlConfigurationBuilder" with configuration resource(s): "[ConfigResource{resourceName='/Users/juan/Documents/AnypointStudio/workspace/.mule/apps/ajaxspellchecker/ajaxspellchecker.xml'}]"
2018-12-03 11:33:45,992 [main] INFO  org.mule.config.builders.AutoConfigurationBuilder - Configured Mule using "org.mule.config.builders.AutoConfigurationBuilder" with configuration resource(s): "[ConfigResource{resourceName='/Users/juan/Documents/AnypointStudio/workspace/.mule/apps/ajaxspellchecker/ajaxspellchecker.xml'}]"
2018-12-03 11:33:49,170 [main] INFO  org.mule.module.launcher.application.DefaultMuleApplication - 
++++++++++++++++++++++++++++++++++++++++++++++++++++++++++++
+ Starting app 'ajaxspellchecker'                          +
++++++++++++++++++++++++++++++++++++++++++++++++++++++++++++
2018-12-03 11:33:49,173 [main] INFO  org.mule.util.queue.QueueXaResourceManager - Starting ResourceManager
2018-12-03 11:33:49,174 [main] INFO  org.mule.util.queue.QueueXaResourceManager - Started ResourceManager
2018-12-03 11:33:49,210 [main] INFO  org.mule.transport.ajax.embedded.AjaxConnector - Connector not started because 'initialStateStopped' is true
2018-12-03 11:33:49,214 [main] INFO  org.mule.transport.http.HttpConnector - Connected: HttpConnector
{
  name=connector.http.mule.default
  lifecycle=initialise
  this=31142d58
  numberOfConcurrentTransactedReceivers=4
  createMultipleTransactedReceivers=true
  connected=true
  supportedProtocols=[http]
  serviceOverrides=<none>
}

2018-12-03 11:33:49,214 [main] INFO  org.mule.transport.http.HttpConnector - Starting: HttpConnector
{
  name=connector.http.mule.default
  lifecycle=initialise
  this=31142d58
  numberOfConcurrentTransactedReceivers=4
  createMultipleTransactedReceivers=true
  connected=true
  supportedProtocols=[http]
  serviceOverrides=<none>
}

2018-12-03 11:33:49,216 [main] INFO  org.mule.lifecycle.AbstractLifecycleManager - Starting connector: connector.http.mule.default
2018-12-03 11:33:49,220 [main] INFO  org.mule.modules.oauth2.provider.agents.DefaultSplashScreenAgent - 
++++++++++++++++++++++++++++++++++++++++++++++++++++++++++++++++++++++++++++++++
+ DevKit Extensions (0) used in this application 
                             +
++++++++++++++++++++++++++++++++++++++++++++++++++++++++++++++++++++++++++++++++
2018-12-03 11:33:49,225 [main] INFO  org.mule.lifecycle.AbstractLifecycleManager - Starting model: _muleSystemModel
2018-12-03 11:33:49,227 [main] INFO  org.mule.construct.FlowConstructLifecycleManager - Starting flow: ajaxspellcheckerFlow
2018-12-03 11:33:49,229 [main] INFO  org.mule.processor.SedaStageLifecycleManager - Starting service: ajaxspellcheckerFlow.stage1
2018-12-03 11:33:49,238 [main] INFO  org.mule.component.ComponentLifecycleManager - Starting component: component.1778257620
2018-12-03 11:33:49,261 [main] INFO  org.mule.transport.ajax.embedded.AjaxConnector - Registering listener: ajaxspellcheckerFlow on endpointUri: ajax:///service/echo
2018-12-03 11:33:49,277 [main] INFO  org.mule.transport.service.DefaultTransportServiceDescriptor - Loading default response transformer: org.mule.module.json.transformers.ObjectToJson
2018-12-03 11:33:49,292 [main] INFO  org.mule.lifecycle.AbstractLifecycleManager - Initialising: 'null'. Object is: AjaxMessageReceiver
2018-12-03 11:33:49,911 [main] INFO  org.mule.module.management.agent.WrapperManagerAgent - This JVM hasn't been launched by the wrapper, the agent will not run.
2018-12-03 11:33:49,959 [main] INFO  org.mule.module.management.agent.AbstractJmxAgent - Attempting to register service with name: Mule.ajaxspellchecker:type=Endpoint,service="ajaxspellcheckerFlow",connector=Ajax,name="endpoint.ajax.service.echo"
2018-12-03 11:33:49,961 [main] INFO  org.mule.module.management.agent.AbstractJmxAgent - Registered Endpoint Service with name: Mule.ajaxspellchecker:type=Endpoint,service="ajaxspellcheckerFlow",connector=Ajax,name="endpoint.ajax.service.echo"
2018-12-03 11:33:49,983 [main] INFO  org.mule.module.management.agent.AbstractJmxAgent - Registered Connector Service with name Mule.ajaxspellchecker:type=Connector,name="Ajax.1"
2018-12-03 11:33:49,983 [main] INFO  org.mule.module.management.agent.AbstractJmxAgent - Registered Connector Service with name Mule.ajaxspellchecker:type=Connector,name="connector.http.mule.default.1"
2018-12-03 11:33:49,988 [main] INFO  org.mule.transport.ajax.AjaxMessageReceiver - Connecting clusterizable message receiver
2018-12-03 11:33:49,993 [main] INFO  org.mule.transport.ajax.embedded.AjaxConnector - Connected: AjaxConnector
{
  name=Ajax
  lifecycle=initialise
  this=1f67761b
  numberOfConcurrentTransactedReceivers=4
  createMultipleTransactedReceivers=true
  connected=true
  supportedProtocols=[ajax]
  serviceOverrides=<none>
}

2018-12-03 11:33:49,993 [main] INFO  org.mule.transport.ajax.embedded.AjaxConnector - Starting: AjaxConnector
{
  name=Ajax
  lifecycle=initialise
  this=1f67761b
  numberOfConcurrentTransactedReceivers=4
  createMultipleTransactedReceivers=true
  connected=true
  supportedProtocols=[ajax]
  serviceOverrides=<none>
}

2018-12-03 11:33:49,993 [main] INFO  org.mule.lifecycle.AbstractLifecycleManager - Starting connector: Ajax
2018-12-03 11:33:50,016 [main] INFO  org.eclipse.jetty - jetty-9.0.7.v20131107
2018-12-03 11:33:50,252 [main] INFO  org.mortbay.log - Logging to org.apache.logging.slf4j.Log4jLogger@79add732 via org.mortbay.log.Slf4jLog
2018-12-03 11:33:50,279 [main] INFO  org.eclipse.jetty - JSONCommented is deprecated
2018-12-03 11:33:50,291 [main] INFO  org.eclipse.jetty - Started o.e.j.s.ServletContextHandler@5fb5ad40{/,null,AVAILABLE,@localhost:8081}
2018-12-03 11:33:50,291 [main] INFO  org.eclipse.jetty - Started o.e.j.s.ServletContextHandler@615439f7{/ajaxSpellChecker,file:/Users/juan/Documents/AnypointStudio/workspace/ajaxspellchecker/src/main/app/docroot/,AVAILABLE}
2018-12-03 11:33:50,351 [main] INFO  org.eclipse.jetty - Started localhost:8081@50005507{HTTP/1.1}{localhost:8081}
2018-12-03 11:33:50,354 [main] INFO  org.mule.lifecycle.AbstractLifecycleManager - Starting: 'null'. Object is: AjaxMessageReceiver
2018-12-03 11:33:50,354 [main] INFO  org.mule.transport.ajax.AjaxMessageReceiver - Starting clusterizable message receiver
2018-12-03 11:33:50,373 [main] INFO  org.mule.DefaultMuleContext - 
**********************************************************************
* Application: ajaxspellchecker                                      *
* OS encoding: /, Mule encoding: UTF-8                               *
*                                                                    *
* Agents Running:                                                    *
*   JMX Agent                                                        *
*   DevKit Extension Information                                     *
*   Batch module default engine                                      *
*   Wrapper Manager                                                  *
**********************************************************************
