2018-12-03 13:58:42,915 [main] INFO  org.mule.module.launcher.application.DefaultMuleApplication - 
++++++++++++++++++++++++++++++++++++++++++++++++++++++++++++
+ Initializing app 'database'                              +
++++++++++++++++++++++++++++++++++++++++++++++++++++++++++++
2018-12-03 13:58:43,092 [main] INFO  org.mule.lifecycle.AbstractLifecycleManager - Initialising RegistryBroker
2018-12-03 13:58:43,233 [main] INFO  org.mule.module.extension.internal.manager.DefaultExtensionManager - Starting discovery of extensions
2018-12-03 13:58:43,391 [main] INFO  org.mule.module.extension.internal.manager.DefaultExtensionManager - Discovered 1 extensions
2018-12-03 13:58:43,392 [main] INFO  org.mule.module.extension.internal.manager.DefaultExtensionManager - Registering extension validation (version 3.8)
2018-12-03 13:58:43,476 [main] INFO  org.mule.config.spring.MuleArtifactContext - Refreshing org.mule.config.spring.MuleArtifactContext@69c79f09: startup date [Mon Dec 03 13:58:43 CET 2018]; root of context hierarchy
2018-12-03 13:58:45,429 [main] INFO  org.mule.config.spring.processors.NoDevkitInjectorProcessor - JSR-330 'javax.inject.Inject' annotation found and supported for autowiring
2018-12-03 13:58:45,955 [main] WARN  org.mule.expression.DefaultExpressionManager - Expression string is not an expression.  Use isExpression(String) to validate first
2018-12-03 13:58:45,955 [main] WARN  org.mule.expression.DefaultExpressionManager - Expression string is not an expression.  Use isExpression(String) to validate first
2018-12-03 13:58:46,825 [main] WARN  org.mule.module.ognl.expression.OgnlExpressionEvaluator - OGNL module is deprecated and will be removed in Mule 4.0. Use MEL expressions instead.
2018-12-03 13:58:47,372 [main] INFO  org.mule.util.journal.TransactionJournal - Using files for tx logs /Users/juan/Documents/AnypointStudio/workspace/.mule/./.mule/database/queue-tx-log/tx1.log and /Users/juan/Documents/AnypointStudio/workspace/.mule/./.mule/database/queue-tx-log/tx2.log
2018-12-03 13:58:47,386 [main] INFO  org.mule.util.journal.TransactionJournal - Using files for tx logs /Users/juan/Documents/AnypointStudio/workspace/.mule/./.mule/database/queue-xa-tx-log/tx1.log and /Users/juan/Documents/AnypointStudio/workspace/.mule/./.mule/database/queue-xa-tx-log/tx2.log
2018-12-03 13:58:47,390 [main] INFO  org.mule.lifecycle.AbstractLifecycleManager - Initialising connector: connector.file.mule.default
2018-12-03 13:58:47,552 [main] INFO  org.mule.lifecycle.AbstractLifecycleManager - Initialising model: _muleSystemModel
2018-12-03 13:58:47,557 [main] INFO  org.mule.construct.FlowConstructLifecycleManager - Initialising flow: databaseFlow
2018-12-03 13:58:47,559 [main] INFO  org.mule.exception.DefaultMessagingExceptionStrategy - Initialising exception listener: org.mule.exception.DefaultMessagingExceptionStrategy@54e12f4c
2018-12-03 13:58:47,588 [main] INFO  org.mule.processor.SedaStageLifecycleManager - Initialising service: databaseFlow.stage1
2018-12-03 13:58:47,975 [main] INFO  org.mule.config.spring.SpringXmlConfigurationBuilder - Configured Mule using "org.mule.config.spring.SpringXmlConfigurationBuilder" with configuration resource(s): "[ConfigResource{resourceName='/Users/juan/Documents/AnypointStudio/workspace/.mule/apps/database/database.xml'}]"
2018-12-03 13:58:47,975 [main] INFO  org.mule.config.builders.AutoConfigurationBuilder - Configured Mule using "org.mule.config.builders.AutoConfigurationBuilder" with configuration resource(s): "[ConfigResource{resourceName='/Users/juan/Documents/AnypointStudio/workspace/.mule/apps/database/database.xml'}]"
2018-12-03 13:58:51,283 [main] INFO  org.mule.module.launcher.application.DefaultMuleApplication - 
++++++++++++++++++++++++++++++++++++++++++++++++++++++++++++
+ Starting app 'database'                                  +
++++++++++++++++++++++++++++++++++++++++++++++++++++++++++++
2018-12-03 13:58:51,286 [main] INFO  org.mule.util.queue.QueueXaResourceManager - Starting ResourceManager
2018-12-03 13:58:51,286 [main] INFO  org.mule.util.queue.QueueXaResourceManager - Started ResourceManager
2018-12-03 13:58:51,355 [main] INFO  org.mule.module.http.internal.listener.DefaultHttpListenerConfig - Listening for requests on http://0.0.0.0:8081
2018-12-03 13:58:51,358 [main] INFO  org.mule.transport.file.FileConnector - Connected: FileConnector
{
  name=connector.file.mule.default
  lifecycle=initialise
  this=6198e9b5
  numberOfConcurrentTransactedReceivers=4
  createMultipleTransactedReceivers=true
  connected=true
  supportedProtocols=[file]
  serviceOverrides=<none>
}

2018-12-03 13:58:51,358 [main] INFO  org.mule.transport.file.FileConnector - Starting: FileConnector
{
  name=connector.file.mule.default
  lifecycle=initialise
  this=6198e9b5
  numberOfConcurrentTransactedReceivers=4
  createMultipleTransactedReceivers=true
  connected=true
  supportedProtocols=[file]
  serviceOverrides=<none>
}

2018-12-03 13:58:51,359 [main] INFO  org.mule.lifecycle.AbstractLifecycleManager - Starting connector: connector.file.mule.default
2018-12-03 13:58:51,362 [main] INFO  org.mule.modules.oauth2.provider.agents.DefaultSplashScreenAgent - 
++++++++++++++++++++++++++++++++++++++++++++++++++++++++++++++++++++++++++++++++
+ DevKit Extensions (0) used in this application 
                             +
++++++++++++++++++++++++++++++++++++++++++++++++++++++++++++++++++++++++++++++++
2018-12-03 13:58:51,364 [main] INFO  org.mule.lifecycle.AbstractLifecycleManager - Starting model: _muleSystemModel
2018-12-03 13:58:51,366 [main] INFO  org.mule.construct.FlowConstructLifecycleManager - Starting flow: databaseFlow
2018-12-03 13:58:51,367 [main] INFO  org.mule.processor.SedaStageLifecycleManager - Starting service: databaseFlow.stage1
2018-12-03 13:58:51,409 [main] INFO  org.mule.module.management.agent.WrapperManagerAgent - This JVM hasn't been launched by the wrapper, the agent will not run.
2018-12-03 13:58:51,426 [main] INFO  org.mule.module.management.agent.AbstractJmxAgent - Registered Connector Service with name Mule.database:type=Connector,name="connector.file.mule.default.1"
2018-12-03 13:58:51,430 [main] INFO  org.mule.DefaultMuleContext - 
**********************************************************************
* Application: database                                              *
* OS encoding: /, Mule encoding: UTF-8                               *
*                                                                    *
* Agents Running:                                                    *
*   JMX Agent                                                        *
*   DevKit Extension Information                                     *
*   Batch module default engine                                      *
*   Wrapper Manager                                                  *
**********************************************************************
2018-12-03 13:59:43,279 [[database].HTTP_Listener_Configuration.worker.01] INFO  org.mule.lifecycle.AbstractLifecycleManager - Initialising: 'connector.file.mule.default.dispatcher.1477634833'. Object is: FileMessageDispatcher
2018-12-03 13:59:43,291 [[database].HTTP_Listener_Configuration.worker.01] INFO  org.mule.lifecycle.AbstractLifecycleManager - Starting: 'connector.file.mule.default.dispatcher.1477634833'. Object is: FileMessageDispatcher
2018-12-03 13:59:43,298 [[database].HTTP_Listener_Configuration.worker.01] INFO  org.mule.transport.file.FileConnector - Writing file to: /Users/juan/Documents/AnypointStudio/anypointstudio_6_1_2/examples_ITSI2019/myfile03-12-18_13-59-43.297.txt
