2018-11-29 13:45:37,571 [main] INFO  org.mule.module.launcher.application.DefaultMuleApplication - 
++++++++++++++++++++++++++++++++++++++++++++++++++++++++++++
+ Initializing app 'holamundo'                             +
++++++++++++++++++++++++++++++++++++++++++++++++++++++++++++
2018-11-29 13:45:37,835 [main] INFO  org.mule.lifecycle.AbstractLifecycleManager - Initialising RegistryBroker
2018-11-29 13:45:38,006 [main] INFO  org.mule.module.extension.internal.manager.DefaultExtensionManager - Starting discovery of extensions
2018-11-29 13:45:38,264 [main] INFO  org.mule.module.extension.internal.manager.DefaultExtensionManager - Discovered 1 extensions
2018-11-29 13:45:38,264 [main] INFO  org.mule.module.extension.internal.manager.DefaultExtensionManager - Registering extension validation (version 3.8)
2018-11-29 13:45:38,357 [main] INFO  org.mule.config.spring.MuleArtifactContext - Refreshing org.mule.config.spring.MuleArtifactContext@69c79f09: startup date [Thu Nov 29 13:45:38 CET 2018]; root of context hierarchy
2018-11-29 13:45:40,225 [main] INFO  org.mule.config.spring.processors.NoDevkitInjectorProcessor - JSR-330 'javax.inject.Inject' annotation found and supported for autowiring
2018-11-29 13:45:41,544 [main] WARN  org.mule.module.ognl.expression.OgnlExpressionEvaluator - OGNL module is deprecated and will be removed in Mule 4.0. Use MEL expressions instead.
2018-11-29 13:45:42,205 [main] INFO  org.mule.util.journal.TransactionJournal - Using files for tx logs /Users/juan/Documents/AnypointStudio/workspace/.mule/./.mule/holamundo/queue-tx-log/tx1.log and /Users/juan/Documents/AnypointStudio/workspace/.mule/./.mule/holamundo/queue-tx-log/tx2.log
2018-11-29 13:45:42,246 [main] INFO  org.mule.util.journal.TransactionJournal - Using files for tx logs /Users/juan/Documents/AnypointStudio/workspace/.mule/./.mule/holamundo/queue-xa-tx-log/tx1.log and /Users/juan/Documents/AnypointStudio/workspace/.mule/./.mule/holamundo/queue-xa-tx-log/tx2.log
2018-11-29 13:45:42,527 [main] INFO  org.mule.lifecycle.AbstractLifecycleManager - Initialising model: _muleSystemModel
2018-11-29 13:45:42,533 [main] INFO  org.mule.construct.FlowConstructLifecycleManager - Initialising flow: holamundoFlow
2018-11-29 13:45:42,533 [main] INFO  org.mule.exception.DefaultMessagingExceptionStrategy - Initialising exception listener: org.mule.exception.DefaultMessagingExceptionStrategy@12f49ca8
2018-11-29 13:45:42,595 [main] INFO  org.mule.processor.SedaStageLifecycleManager - Initialising service: holamundoFlow.stage1
2018-11-29 13:45:42,626 [main] INFO  org.mule.component.ComponentLifecycleManager - Initialising component: component.278536229
2018-11-29 13:45:43,082 [main] INFO  org.mule.config.spring.SpringXmlConfigurationBuilder - Configured Mule using "org.mule.config.spring.SpringXmlConfigurationBuilder" with configuration resource(s): "[ConfigResource{resourceName='/Users/juan/Documents/AnypointStudio/workspace/.mule/apps/holamundo/holamundo.xml'}]"
2018-11-29 13:45:43,082 [main] INFO  org.mule.config.builders.AutoConfigurationBuilder - Configured Mule using "org.mule.config.builders.AutoConfigurationBuilder" with configuration resource(s): "[ConfigResource{resourceName='/Users/juan/Documents/AnypointStudio/workspace/.mule/apps/holamundo/holamundo.xml'}]"
2018-11-29 13:45:46,349 [main] INFO  org.mule.module.launcher.application.DefaultMuleApplication - 
++++++++++++++++++++++++++++++++++++++++++++++++++++++++++++
+ Starting app 'holamundo'                                 +
++++++++++++++++++++++++++++++++++++++++++++++++++++++++++++
2018-11-29 13:45:46,352 [main] INFO  org.mule.util.queue.QueueXaResourceManager - Starting ResourceManager
2018-11-29 13:45:46,352 [main] INFO  org.mule.util.queue.QueueXaResourceManager - Started ResourceManager
2018-11-29 13:45:46,668 [main] INFO  org.mule.module.http.internal.listener.DefaultHttpListenerConfig - Listening for requests on http://0.0.0.0:8081
2018-11-29 13:45:46,671 [main] INFO  org.mule.modules.oauth2.provider.agents.DefaultSplashScreenAgent - 
++++++++++++++++++++++++++++++++++++++++++++++++++++++++++++++++++++++++++++++++
+ DevKit Extensions (0) used in this application 
                             +
++++++++++++++++++++++++++++++++++++++++++++++++++++++++++++++++++++++++++++++++
2018-11-29 13:45:46,674 [main] INFO  org.mule.lifecycle.AbstractLifecycleManager - Starting model: _muleSystemModel
2018-11-29 13:45:46,679 [main] INFO  org.mule.construct.FlowConstructLifecycleManager - Starting flow: holamundoFlow
2018-11-29 13:45:46,681 [main] INFO  org.mule.processor.SedaStageLifecycleManager - Starting service: holamundoFlow.stage1
2018-11-29 13:45:46,695 [main] INFO  org.mule.component.ComponentLifecycleManager - Starting component: component.278536229
2018-11-29 13:45:46,764 [main] INFO  org.mule.module.management.agent.WrapperManagerAgent - This JVM hasn't been launched by the wrapper, the agent will not run.
2018-11-29 13:45:46,786 [main] INFO  org.mule.DefaultMuleContext - 
**********************************************************************
* Application: holamundo                                             *
* OS encoding: /, Mule encoding: UTF-8                               *
*                                                                    *
* Agents Running:                                                    *
*   JMX Agent                                                        *
*   DevKit Extension Information                                     *
*   Batch module default engine                                      *
*   Wrapper Manager                                                  *
**********************************************************************
