2018-12-03 16:35:50,659 [main] INFO  org.mule.module.launcher.application.DefaultMuleApplication - 
++++++++++++++++++++++++++++++++++++++++++++++++++++++++++++
+ Initializing app 'json'                                  +
++++++++++++++++++++++++++++++++++++++++++++++++++++++++++++
2018-12-03 16:35:50,848 [main] INFO  org.mule.lifecycle.AbstractLifecycleManager - Initialising RegistryBroker
2018-12-03 16:35:50,971 [main] INFO  org.mule.module.extension.internal.manager.DefaultExtensionManager - Starting discovery of extensions
2018-12-03 16:35:51,182 [main] INFO  org.mule.module.extension.internal.manager.DefaultExtensionManager - Discovered 1 extensions
2018-12-03 16:35:51,183 [main] INFO  org.mule.module.extension.internal.manager.DefaultExtensionManager - Registering extension validation (version 3.8)
2018-12-03 16:35:51,256 [main] INFO  org.mule.config.spring.MuleArtifactContext - Refreshing org.mule.config.spring.MuleArtifactContext@69c79f09: startup date [Mon Dec 03 16:35:51 CET 2018]; root of context hierarchy
2018-12-03 16:35:52,997 [main] INFO  org.mule.config.spring.processors.NoDevkitInjectorProcessor - JSR-330 'javax.inject.Inject' annotation found and supported for autowiring
2018-12-03 16:35:53,625 [main] WARN  org.mule.expression.DefaultExpressionManager - Expression string is not an expression.  Use isExpression(String) to validate first
2018-12-03 16:35:53,625 [main] WARN  org.mule.expression.DefaultExpressionManager - Expression string is not an expression.  Use isExpression(String) to validate first
2018-12-03 16:35:54,781 [main] WARN  org.mule.module.ognl.expression.OgnlExpressionEvaluator - OGNL module is deprecated and will be removed in Mule 4.0. Use MEL expressions instead.
2018-12-03 16:35:55,138 [main] INFO  org.mule.util.journal.TransactionJournal - Using files for tx logs /Users/juan/Documents/AnypointStudio/workspace/.mule/./.mule/json/queue-tx-log/tx1.log and /Users/juan/Documents/AnypointStudio/workspace/.mule/./.mule/json/queue-tx-log/tx2.log
2018-12-03 16:35:55,156 [main] INFO  org.mule.util.journal.TransactionJournal - Using files for tx logs /Users/juan/Documents/AnypointStudio/workspace/.mule/./.mule/json/queue-xa-tx-log/tx1.log and /Users/juan/Documents/AnypointStudio/workspace/.mule/./.mule/json/queue-xa-tx-log/tx2.log
2018-12-03 16:35:55,161 [main] INFO  org.mule.lifecycle.AbstractLifecycleManager - Initialising connector: connector.file.mule.default
2018-12-03 16:35:55,340 [main] INFO  org.mule.lifecycle.AbstractLifecycleManager - Initialising model: _muleSystemModel
2018-12-03 16:35:55,345 [main] INFO  org.mule.construct.FlowConstructLifecycleManager - Initialising flow: jsonFlow
2018-12-03 16:35:55,346 [main] INFO  org.mule.exception.DefaultMessagingExceptionStrategy - Initialising exception listener: org.mule.exception.DefaultMessagingExceptionStrategy@59bbb974
2018-12-03 16:35:55,377 [main] INFO  org.mule.processor.SedaStageLifecycleManager - Initialising service: jsonFlow.stage1
2018-12-03 16:35:55,929 [main] INFO  org.mule.config.spring.SpringXmlConfigurationBuilder - Configured Mule using "org.mule.config.spring.SpringXmlConfigurationBuilder" with configuration resource(s): "[ConfigResource{resourceName='/Users/juan/Documents/AnypointStudio/workspace/.mule/apps/json/json.xml'}]"
2018-12-03 16:35:55,929 [main] INFO  org.mule.config.builders.AutoConfigurationBuilder - Configured Mule using "org.mule.config.builders.AutoConfigurationBuilder" with configuration resource(s): "[ConfigResource{resourceName='/Users/juan/Documents/AnypointStudio/workspace/.mule/apps/json/json.xml'}]"
2018-12-03 16:35:59,257 [main] INFO  org.mule.module.launcher.application.DefaultMuleApplication - 
++++++++++++++++++++++++++++++++++++++++++++++++++++++++++++
+ Starting app 'json'                                      +
++++++++++++++++++++++++++++++++++++++++++++++++++++++++++++
2018-12-03 16:35:59,260 [main] INFO  org.mule.util.queue.QueueXaResourceManager - Starting ResourceManager
2018-12-03 16:35:59,260 [main] INFO  org.mule.util.queue.QueueXaResourceManager - Started ResourceManager
2018-12-03 16:35:59,280 [main] INFO  org.mule.transport.file.FileConnector - Connected: FileConnector
{
  name=connector.file.mule.default
  lifecycle=initialise
  this=c017175
  numberOfConcurrentTransactedReceivers=4
  createMultipleTransactedReceivers=true
  connected=true
  supportedProtocols=[file]
  serviceOverrides=<none>
}

2018-12-03 16:35:59,280 [main] INFO  org.mule.transport.file.FileConnector - Starting: FileConnector
{
  name=connector.file.mule.default
  lifecycle=initialise
  this=c017175
  numberOfConcurrentTransactedReceivers=4
  createMultipleTransactedReceivers=true
  connected=true
  supportedProtocols=[file]
  serviceOverrides=<none>
}

2018-12-03 16:35:59,281 [main] INFO  org.mule.lifecycle.AbstractLifecycleManager - Starting connector: connector.file.mule.default
2018-12-03 16:35:59,284 [main] INFO  org.mule.modules.oauth2.provider.agents.DefaultSplashScreenAgent - 
++++++++++++++++++++++++++++++++++++++++++++++++++++++++++++++++++++++++++++++++
+ DevKit Extensions (0) used in this application 
                             +
++++++++++++++++++++++++++++++++++++++++++++++++++++++++++++++++++++++++++++++++
2018-12-03 16:35:59,288 [main] INFO  org.mule.lifecycle.AbstractLifecycleManager - Starting model: _muleSystemModel
2018-12-03 16:35:59,290 [main] INFO  org.mule.construct.FlowConstructLifecycleManager - Starting flow: jsonFlow
2018-12-03 16:35:59,291 [main] INFO  org.mule.processor.SedaStageLifecycleManager - Starting service: jsonFlow.stage1
2018-12-03 16:35:59,300 [main] INFO  org.mule.transport.file.FileConnector - Registering listener: jsonFlow on endpointUri: file:///Users/juan/Documents/AnypointStudio/anypointstudio_6_1_2/examples_ITSI2019/JSON/imput
2018-12-03 16:35:59,337 [main] INFO  org.mule.lifecycle.AbstractLifecycleManager - Initialising: 'null'. Object is: FileMessageReceiver
2018-12-03 16:35:59,343 [main] INFO  org.mule.transport.file.FileMessageReceiver - Connecting clusterizable message receiver
2018-12-03 16:35:59,344 [main] INFO  org.mule.lifecycle.AbstractLifecycleManager - Starting: 'null'. Object is: FileMessageReceiver
2018-12-03 16:35:59,344 [main] INFO  org.mule.transport.file.FileMessageReceiver - Starting clusterizable message receiver
2018-12-03 16:35:59,406 [main] INFO  org.mule.module.management.agent.WrapperManagerAgent - This JVM hasn't been launched by the wrapper, the agent will not run.
2018-12-03 16:35:59,457 [main] INFO  org.mule.module.management.agent.AbstractJmxAgent - Attempting to register service with name: Mule.json:type=Endpoint,service="jsonFlow",connector=connector.file.mule.default,name="endpoint.file.Users.juan.Documents.AnypointStudio.anypointstudio.6.1.2.examples.ITSI2019.JSON.imput"
2018-12-03 16:35:59,459 [main] INFO  org.mule.module.management.agent.AbstractJmxAgent - Registered Endpoint Service with name: Mule.json:type=Endpoint,service="jsonFlow",connector=connector.file.mule.default,name="endpoint.file.Users.juan.Documents.AnypointStudio.anypointstudio.6.1.2.examples.ITSI2019.JSON.imput"
2018-12-03 16:35:59,461 [main] INFO  org.mule.module.management.agent.AbstractJmxAgent - Registered Connector Service with name Mule.json:type=Connector,name="connector.file.mule.default.1"
2018-12-03 16:35:59,476 [main] INFO  org.mule.DefaultMuleContext - 
**********************************************************************
* Application: json                                                  *
* OS encoding: /, Mule encoding: UTF-8                               *
*                                                                    *
* Agents Running:                                                    *
*   JMX Agent                                                        *
*   DevKit Extension Information                                     *
*   Batch module default engine                                      *
*   Wrapper Manager                                                  *
**********************************************************************
2018-12-03 16:36:00,363 [[json].connector.file.mule.default.receiver.01] INFO  org.mule.transport.file.FileMessageReceiver - Lock obtained on file: /Users/juan/Documents/AnypointStudio/anypointstudio_6_1_2/examples_ITSI2019/JSON/imput/employee.json
2018-12-03 16:36:00,404 [[json].connector.file.mule.default.receiver.01] INFO  org.mule.transport.file.FileMessageReceiver - Lock obtained on file: /Users/juan/Documents/AnypointStudio/anypointstudio_6_1_2/examples_ITSI2019/JSON/imput/.DS_Store
2018-12-03 16:36:00,462 [[json].jsonFlow.stage1.03] ERROR org.mule.exception.DefaultMessagingExceptionStrategy - 
********************************************************************************
Message               : Failed to transform from "json" to "java.util.List"
Payload               : org.mule.transport.file.ReceiverFileInputStream@7d9a912f
Transformer           : JsonToObject{this=6bcb12e6, name='JsonToList', ignoreBadInput=false, returnClass=SimpleDataType{type=java.util.List, mimeType='application/json', encoding='null'}, sourceTypes=[SimpleDataType{type=java.io.Reader, mimeType='*/*', encoding='null'}, SimpleDataType{type=java.net.URL, mimeType='*/*', encoding='null'}, SimpleDataType{type=java.io.File, mimeType='*/*', encoding='null'}, SimpleDataType{type=java.lang.String, mimeType='*/*', encoding='null'}, SimpleDataType{type=java.io.InputStream, mimeType='*/*', encoding='null'}, SimpleDataType{type=[B, mimeType='*/*', encoding='null'}]}
Element               : /jsonFlow/processors/0 @ json:json.xml:14 (JSON to Object)
Element XML           : <json:json-to-object-transformer returnClass="java.util.List" doc:name="JSON to Object"></json:json-to-object-transformer>
--------------------------------------------------------------------------------
Root Exception stack trace:
org.codehaus.jackson.JsonParseException: Illegal character ((CTRL-CHAR, code 0)): only regular white space (\r, \n, \t) is allowed between tokens
 at [Source: java.io.InputStreamReader@78c93ce6; line: 1, column: 2]
	at org.codehaus.jackson.JsonParser._constructError(JsonParser.java:1433)
	at org.codehaus.jackson.impl.JsonParserMinimalBase._reportError(JsonParserMinimalBase.java:521)
	at org.codehaus.jackson.impl.JsonParserMinimalBase._throwInvalidSpace(JsonParserMinimalBase.java:467)
	at org.codehaus.jackson.impl.ReaderBasedParser._skipWSOrEnd(ReaderBasedParser.java:1491)
	at org.codehaus.jackson.impl.ReaderBasedParser.nextToken(ReaderBasedParser.java:368)
	at org.codehaus.jackson.map.ObjectMapper._initForReading(ObjectMapper.java:2770)
	at org.codehaus.jackson.map.ObjectMapper._readMapAndClose(ObjectMapper.java:2718)
	at org.codehaus.jackson.map.ObjectMapper.readValue(ObjectMapper.java:1886)
	at org.mule.module.json.transformers.JsonToObject.transformMessage(JsonToObject.java:126)
	at org.mule.transformer.AbstractMessageTransformer.transform(AbstractMessageTransformer.java:141)
	at org.mule.transformer.AbstractMessageTransformer.transform(AbstractMessageTransformer.java:89)
	at org.mule.DefaultMuleMessage.transformMessage(DefaultMuleMessage.java:1639)
	at org.mule.DefaultMuleMessage.applyAllTransformers(DefaultMuleMessage.java:1542)
	at org.mule.DefaultMuleMessage.applyTransformers(DefaultMuleMessage.java:1516)
	at org.mule.DefaultMuleMessage.applyTransformers(DefaultMuleMessage.java:1508)
	at org.mule.transformer.AbstractTransformer.process(AbstractTransformer.java:114)
	at org.mule.execution.ExceptionToMessagingExceptionExecutionInterceptor.execute(ExceptionToMessagingExceptionExecutionInterceptor.java:27)
	at org.mule.execution.MessageProcessorNotificationExecutionInterceptor.execute(MessageProcessorNotificationExecutionInterceptor.java:108)
	at org.mule.execution.MessageProcessorExecutionTemplate.execute(MessageProcessorExecutionTemplate.java:44)
	at org.mule.processor.BlockingProcessorExecutor.executeNext(BlockingProcessorExecutor.java:98)
	at org.mule.processor.BlockingProcessorExecutor.execute(BlockingProcessorExecutor.java:59)
	at org.mule.execution.ExceptionToMessagingExceptionExecutionInterceptor.execute(ExceptionToMessagingExceptionExecutionInterceptor.java:27)
	at org.mule.execution.MessageProcessorExecutionTemplate.execute(MessageProcessorExecutionTemplate.java:44)
	at org.mule.processor.BlockingProcessorExecutor.executeNext(BlockingProcessorExecutor.java:98)
	at org.mule.processor.BlockingProcessorExecutor.execute(BlockingProcessorExecutor.java:59)
	at org.mule.interceptor.AbstractEnvelopeInterceptor.processBlocking(AbstractEnvelopeInterceptor.java:58)
	at org.mule.processor.AbstractRequestResponseMessageProcessor.process(AbstractRequestResponseMessageProcessor.java:47)
	at org.mule.processor.AsyncInterceptingMessageProcessor.processNextTimed(AsyncInterceptingMessageProcessor.java:123)
	at org.mule.processor.AsyncInterceptingMessageProcessor$AsyncMessageProcessorWorker$1.process(AsyncInterceptingMessageProcessor.java:208)
	at org.mule.processor.AsyncInterceptingMessageProcessor$AsyncMessageProcessorWorker$1.process(AsyncInterceptingMessageProcessor.java:201)
	at org.mule.execution.ExecuteCallbackInterceptor.execute(ExecuteCallbackInterceptor.java:16)
	at org.mule.execution.CommitTransactionInterceptor.execute(CommitTransactionInterceptor.java:35)
	at org.mule.execution.CommitTransactionInterceptor.execute(CommitTransactionInterceptor.java:22)
	at org.mule.execution.HandleExceptionInterceptor.execute(HandleExceptionInterceptor.java:30)
	at org.mule.execution.HandleExceptionInterceptor.execute(HandleExceptionInterceptor.java:14)
	at org.mule.execution.BeginAndResolveTransactionInterceptor.execute(BeginAndResolveTransactionInterceptor.java:67)
	at org.mule.execution.ResolvePreviousTransactionInterceptor.execute(ResolvePreviousTransactionInterceptor.java:44)
	at org.mule.execution.SuspendXaTransactionInterceptor.execute(SuspendXaTransactionInterceptor.java:50)
	at org.mule.execution.ValidateTransactionalStateInterceptor.execute(ValidateTransactionalStateInterceptor.java:40)
	at org.mule.execution.IsolateCurrentTransactionInterceptor.execute(IsolateCurrentTransactionInterceptor.java:41)
	at org.mule.execution.ExternalTransactionInterceptor.execute(ExternalTransactionInterceptor.java:48)
	at org.mule.execution.RethrowExceptionInterceptor.execute(RethrowExceptionInterceptor.java:28)
	at org.mule.execution.RethrowExceptionInterceptor.execute(RethrowExceptionInterceptor.java:13)
	at org.mule.execution.TransactionalErrorHandlingExecutionTemplate.execute(TransactionalErrorHandlingExecutionTemplate.java:110)
	at org.mule.execution.TransactionalErrorHandlingExecutionTemplate.execute(TransactionalErrorHandlingExecutionTemplate.java:30)
	at org.mule.processor.AsyncInterceptingMessageProcessor$AsyncMessageProcessorWorker.doRun(AsyncInterceptingMessageProcessor.java:200)
	at org.mule.work.AbstractMuleEventWork.run(AbstractMuleEventWork.java:53)
	at org.mule.work.WorkerContext.run(WorkerContext.java:301)
	at java.util.concurrent.ThreadPoolExecutor.runWorker(ThreadPoolExecutor.java:1149)
	at java.util.concurrent.ThreadPoolExecutor$Worker.run(ThreadPoolExecutor.java:624)
	at java.lang.Thread.run(Thread.java:748)

********************************************************************************

2018-12-03 16:36:00,849 [[json].jsonFlow.stage1.02] ERROR org.mule.exception.DefaultMessagingExceptionStrategy - 
********************************************************************************
Message               : ERROR: relation "tblemployee" does not exist
  Position: 13 (org.postgresql.util.PSQLException).
Payload               : {empid=01, empname=AzazDesai, empage=25, empdesignation=Liferay/Mule Developer}
Payload Type          : java.util.LinkedHashMap
Element               : /jsonFlow/processors/2 @ json:json.xml:16
Element XML           : <db:insert config-ref="Generic_Database_Configuration" doc:name="Database">
                        <db:parameterized-query>INSERT INTO tblemployee(empid,empname,empage,empdesignation)VALUES(#[message.payload.empid],#[message.payload.empname],#[message.payload.empage],#[message.payload.empdesignation])</db:parameterized-query>
                        </db:insert>
--------------------------------------------------------------------------------
Root Exception stack trace:
org.postgresql.util.PSQLException: ERROR: relation "tblemployee" does not exist
  Position: 13
	at org.postgresql.core.v3.QueryExecutorImpl.receiveErrorResponse(QueryExecutorImpl.java:2440)
	at org.postgresql.core.v3.QueryExecutorImpl.processResults(QueryExecutorImpl.java:2183)
	at org.postgresql.core.v3.QueryExecutorImpl.execute(QueryExecutorImpl.java:308)
	at org.postgresql.jdbc.PgStatement.executeInternal(PgStatement.java:441)
	at org.postgresql.jdbc.PgStatement.execute(PgStatement.java:365)
	at org.postgresql.jdbc.PgPreparedStatement.executeWithFlags(PgPreparedStatement.java:143)
	at org.postgresql.jdbc.PgPreparedStatement.executeUpdate(PgPreparedStatement.java:120)
	at org.mule.module.db.internal.domain.autogeneratedkey.NoAutoGeneratedKeyStrategy.executeUpdate(NoAutoGeneratedKeyStrategy.java:55)
	at org.mule.module.db.internal.domain.executor.UpdateExecutor.doExecuteQuery(UpdateExecutor.java:45)
	at org.mule.module.db.internal.domain.executor.AbstractSingleQueryExecutor.execute(AbstractSingleQueryExecutor.java:48)
	at org.mule.module.db.internal.processor.UpdateMessageProcessor.doExecuteQuery(UpdateMessageProcessor.java:59)
	at org.mule.module.db.internal.processor.AbstractSingleQueryDbMessageProcessor.executeQuery(AbstractSingleQueryDbMessageProcessor.java:52)
	at org.mule.module.db.internal.processor.AbstractDbMessageProcessor.process(AbstractDbMessageProcessor.java:81)
	at org.mule.execution.ExceptionToMessagingExceptionExecutionInterceptor.execute(ExceptionToMessagingExceptionExecutionInterceptor.java:27)
	at org.mule.execution.MessageProcessorNotificationExecutionInterceptor.execute(MessageProcessorNotificationExecutionInterceptor.java:108)
	at org.mule.execution.MessageProcessorExecutionTemplate.execute(MessageProcessorExecutionTemplate.java:44)
	at org.mule.processor.BlockingProcessorExecutor.executeNext(BlockingProcessorExecutor.java:98)
	at org.mule.processor.BlockingProcessorExecutor.execute(BlockingProcessorExecutor.java:59)
	at org.mule.routing.outbound.AbstractMessageSequenceSplitter.processParts(AbstractMessageSequenceSplitter.java:138)
	at org.mule.routing.outbound.AbstractMessageSequenceSplitter.process(AbstractMessageSequenceSplitter.java:60)
	at org.mule.execution.ExceptionToMessagingExceptionExecutionInterceptor.execute(ExceptionToMessagingExceptionExecutionInterceptor.java:27)
	at org.mule.execution.MessageProcessorNotificationExecutionInterceptor.execute(MessageProcessorNotificationExecutionInterceptor.java:108)
	at org.mule.execution.MessageProcessorExecutionTemplate.execute(MessageProcessorExecutionTemplate.java:44)
	at org.mule.processor.BlockingProcessorExecutor.executeNext(BlockingProcessorExecutor.java:88)
	at org.mule.processor.BlockingProcessorExecutor.execute(BlockingProcessorExecutor.java:59)
	at org.mule.execution.ExceptionToMessagingExceptionExecutionInterceptor.execute(ExceptionToMessagingExceptionExecutionInterceptor.java:27)
	at org.mule.execution.MessageProcessorExecutionTemplate.execute(MessageProcessorExecutionTemplate.java:44)
	at org.mule.processor.BlockingProcessorExecutor.executeNext(BlockingProcessorExecutor.java:98)
	at org.mule.processor.BlockingProcessorExecutor.execute(BlockingProcessorExecutor.java:59)
	at org.mule.interceptor.AbstractEnvelopeInterceptor.processBlocking(AbstractEnvelopeInterceptor.java:58)
	at org.mule.processor.AbstractRequestResponseMessageProcessor.process(AbstractRequestResponseMessageProcessor.java:47)
	at org.mule.processor.AsyncInterceptingMessageProcessor.processNextTimed(AsyncInterceptingMessageProcessor.java:123)
	at org.mule.processor.AsyncInterceptingMessageProcessor$AsyncMessageProcessorWorker$1.process(AsyncInterceptingMessageProcessor.java:208)
	at org.mule.processor.AsyncInterceptingMessageProcessor$AsyncMessageProcessorWorker$1.process(AsyncInterceptingMessageProcessor.java:201)
	at org.mule.execution.ExecuteCallbackInterceptor.execute(ExecuteCallbackInterceptor.java:16)
	at org.mule.execution.CommitTransactionInterceptor.execute(CommitTransactionInterceptor.java:35)
	at org.mule.execution.CommitTransactionInterceptor.execute(CommitTransactionInterceptor.java:22)
	at org.mule.execution.HandleExceptionInterceptor.execute(HandleExceptionInterceptor.java:30)
	at org.mule.execution.HandleExceptionInterceptor.execute(HandleExceptionInterceptor.java:14)
	at org.mule.execution.BeginAndResolveTransactionInterceptor.execute(BeginAndResolveTransactionInterceptor.java:67)
	at org.mule.execution.ResolvePreviousTransactionInterceptor.execute(ResolvePreviousTransactionInterceptor.java:44)
	at org.mule.execution.SuspendXaTransactionInterceptor.execute(SuspendXaTransactionInterceptor.java:50)
	at org.mule.execution.ValidateTransactionalStateInterceptor.execute(ValidateTransactionalStateInterceptor.java:40)
	at org.mule.execution.IsolateCurrentTransactionInterceptor.execute(IsolateCurrentTransactionInterceptor.java:41)
	at org.mule.execution.ExternalTransactionInterceptor.execute(ExternalTransactionInterceptor.java:48)
	at org.mule.execution.RethrowExceptionInterceptor.execute(RethrowExceptionInterceptor.java:28)
	at org.mule.execution.RethrowExceptionInterceptor.execute(RethrowExceptionInterceptor.java:13)
	at org.mule.execution.TransactionalErrorHandlingExecutionTemplate.execute(TransactionalErrorHandlingExecutionTemplate.java:110)
	at org.mule.execution.TransactionalErrorHandlingExecutionTemplate.execute(TransactionalErrorHandlingExecutionTemplate.java:30)
	at org.mule.processor.AsyncInterceptingMessageProcessor$AsyncMessageProcessorWorker.doRun(AsyncInterceptingMessageProcessor.java:200)
	at org.mule.work.AbstractMuleEventWork.run(AbstractMuleEventWork.java:53)
	at org.mule.work.WorkerContext.run(WorkerContext.java:301)
	at java.util.concurrent.ThreadPoolExecutor.runWorker(ThreadPoolExecutor.java:1149)
	at java.util.concurrent.ThreadPoolExecutor$Worker.run(ThreadPoolExecutor.java:624)
	at java.lang.Thread.run(Thread.java:748)

********************************************************************************

2018-12-03 16:44:32,178 [[json].connector.file.mule.default.receiver.01] INFO  org.mule.transport.file.FileMessageReceiver - Lock obtained on file: /Users/juan/Documents/AnypointStudio/anypointstudio_6_1_2/examples_ITSI2019/JSON/imput/employee.json
2018-12-03 16:44:32,219 [[json].jsonFlow.stage1.04] ERROR org.mule.exception.DefaultMessagingExceptionStrategy - 
********************************************************************************
Message               : ERROR: relation "tblemployee" does not exist
  Position: 13 (org.postgresql.util.PSQLException).
Payload               : {empid=01, empname=AzazDesai, empage=25, empdesignation=Liferay/Mule Developer}
Payload Type          : java.util.LinkedHashMap
Element               : /jsonFlow/processors/2 @ json:json.xml:16
Element XML           : <db:insert config-ref="Generic_Database_Configuration" doc:name="Database">
                        <db:parameterized-query>INSERT INTO tblemployee(empid,empname,empage,empdesignation)VALUES(#[message.payload.empid],#[message.payload.empname],#[message.payload.empage],#[message.payload.empdesignation])</db:parameterized-query>
                        </db:insert>
--------------------------------------------------------------------------------
Root Exception stack trace:
org.postgresql.util.PSQLException: ERROR: relation "tblemployee" does not exist
  Position: 13
	at org.postgresql.core.v3.QueryExecutorImpl.receiveErrorResponse(QueryExecutorImpl.java:2440)
	at org.postgresql.core.v3.QueryExecutorImpl.processResults(QueryExecutorImpl.java:2183)
	at org.postgresql.core.v3.QueryExecutorImpl.execute(QueryExecutorImpl.java:308)
	at org.postgresql.jdbc.PgStatement.executeInternal(PgStatement.java:441)
	at org.postgresql.jdbc.PgStatement.execute(PgStatement.java:365)
	at org.postgresql.jdbc.PgPreparedStatement.executeWithFlags(PgPreparedStatement.java:143)
	at org.postgresql.jdbc.PgPreparedStatement.executeUpdate(PgPreparedStatement.java:120)
	at org.mule.module.db.internal.domain.autogeneratedkey.NoAutoGeneratedKeyStrategy.executeUpdate(NoAutoGeneratedKeyStrategy.java:55)
	at org.mule.module.db.internal.domain.executor.UpdateExecutor.doExecuteQuery(UpdateExecutor.java:45)
	at org.mule.module.db.internal.domain.executor.AbstractSingleQueryExecutor.execute(AbstractSingleQueryExecutor.java:48)
	at org.mule.module.db.internal.processor.UpdateMessageProcessor.doExecuteQuery(UpdateMessageProcessor.java:59)
	at org.mule.module.db.internal.processor.AbstractSingleQueryDbMessageProcessor.executeQuery(AbstractSingleQueryDbMessageProcessor.java:52)
	at org.mule.module.db.internal.processor.AbstractDbMessageProcessor.process(AbstractDbMessageProcessor.java:81)
	at org.mule.execution.ExceptionToMessagingExceptionExecutionInterceptor.execute(ExceptionToMessagingExceptionExecutionInterceptor.java:27)
	at org.mule.execution.MessageProcessorNotificationExecutionInterceptor.execute(MessageProcessorNotificationExecutionInterceptor.java:108)
	at org.mule.execution.MessageProcessorExecutionTemplate.execute(MessageProcessorExecutionTemplate.java:44)
	at org.mule.processor.BlockingProcessorExecutor.executeNext(BlockingProcessorExecutor.java:98)
	at org.mule.processor.BlockingProcessorExecutor.execute(BlockingProcessorExecutor.java:59)
	at org.mule.routing.outbound.AbstractMessageSequenceSplitter.processParts(AbstractMessageSequenceSplitter.java:138)
	at org.mule.routing.outbound.AbstractMessageSequenceSplitter.process(AbstractMessageSequenceSplitter.java:60)
	at org.mule.execution.ExceptionToMessagingExceptionExecutionInterceptor.execute(ExceptionToMessagingExceptionExecutionInterceptor.java:27)
	at org.mule.execution.MessageProcessorNotificationExecutionInterceptor.execute(MessageProcessorNotificationExecutionInterceptor.java:108)
	at org.mule.execution.MessageProcessorExecutionTemplate.execute(MessageProcessorExecutionTemplate.java:44)
	at org.mule.processor.BlockingProcessorExecutor.executeNext(BlockingProcessorExecutor.java:88)
	at org.mule.processor.BlockingProcessorExecutor.execute(BlockingProcessorExecutor.java:59)
	at org.mule.execution.ExceptionToMessagingExceptionExecutionInterceptor.execute(ExceptionToMessagingExceptionExecutionInterceptor.java:27)
	at org.mule.execution.MessageProcessorExecutionTemplate.execute(MessageProcessorExecutionTemplate.java:44)
	at org.mule.processor.BlockingProcessorExecutor.executeNext(BlockingProcessorExecutor.java:98)
	at org.mule.processor.BlockingProcessorExecutor.execute(BlockingProcessorExecutor.java:59)
	at org.mule.interceptor.AbstractEnvelopeInterceptor.processBlocking(AbstractEnvelopeInterceptor.java:58)
	at org.mule.processor.AbstractRequestResponseMessageProcessor.process(AbstractRequestResponseMessageProcessor.java:47)
	at org.mule.processor.AsyncInterceptingMessageProcessor.processNextTimed(AsyncInterceptingMessageProcessor.java:123)
	at org.mule.processor.AsyncInterceptingMessageProcessor$AsyncMessageProcessorWorker$1.process(AsyncInterceptingMessageProcessor.java:208)
	at org.mule.processor.AsyncInterceptingMessageProcessor$AsyncMessageProcessorWorker$1.process(AsyncInterceptingMessageProcessor.java:201)
	at org.mule.execution.ExecuteCallbackInterceptor.execute(ExecuteCallbackInterceptor.java:16)
	at org.mule.execution.CommitTransactionInterceptor.execute(CommitTransactionInterceptor.java:35)
	at org.mule.execution.CommitTransactionInterceptor.execute(CommitTransactionInterceptor.java:22)
	at org.mule.execution.HandleExceptionInterceptor.execute(HandleExceptionInterceptor.java:30)
	at org.mule.execution.HandleExceptionInterceptor.execute(HandleExceptionInterceptor.java:14)
	at org.mule.execution.BeginAndResolveTransactionInterceptor.execute(BeginAndResolveTransactionInterceptor.java:67)
	at org.mule.execution.ResolvePreviousTransactionInterceptor.execute(ResolvePreviousTransactionInterceptor.java:44)
	at org.mule.execution.SuspendXaTransactionInterceptor.execute(SuspendXaTransactionInterceptor.java:50)
	at org.mule.execution.ValidateTransactionalStateInterceptor.execute(ValidateTransactionalStateInterceptor.java:40)
	at org.mule.execution.IsolateCurrentTransactionInterceptor.execute(IsolateCurrentTransactionInterceptor.java:41)
	at org.mule.execution.ExternalTransactionInterceptor.execute(ExternalTransactionInterceptor.java:48)
	at org.mule.execution.RethrowExceptionInterceptor.execute(RethrowExceptionInterceptor.java:28)
	at org.mule.execution.RethrowExceptionInterceptor.execute(RethrowExceptionInterceptor.java:13)
	at org.mule.execution.TransactionalErrorHandlingExecutionTemplate.execute(TransactionalErrorHandlingExecutionTemplate.java:110)
	at org.mule.execution.TransactionalErrorHandlingExecutionTemplate.execute(TransactionalErrorHandlingExecutionTemplate.java:30)
	at org.mule.processor.AsyncInterceptingMessageProcessor$AsyncMessageProcessorWorker.doRun(AsyncInterceptingMessageProcessor.java:200)
	at org.mule.work.AbstractMuleEventWork.run(AbstractMuleEventWork.java:53)
	at org.mule.work.WorkerContext.run(WorkerContext.java:301)
	at java.util.concurrent.ThreadPoolExecutor.runWorker(ThreadPoolExecutor.java:1149)
	at java.util.concurrent.ThreadPoolExecutor$Worker.run(ThreadPoolExecutor.java:624)
	at java.lang.Thread.run(Thread.java:748)

********************************************************************************

2018-12-03 16:50:59,804 [main] INFO  org.mule.module.launcher.application.DefaultMuleApplication - 
++++++++++++++++++++++++++++++++++++++++++++++++++++++++++++
+ Initializing app 'json'                                  +
++++++++++++++++++++++++++++++++++++++++++++++++++++++++++++
2018-12-03 16:50:59,982 [main] INFO  org.mule.lifecycle.AbstractLifecycleManager - Initialising RegistryBroker
2018-12-03 16:51:00,105 [main] INFO  org.mule.module.extension.internal.manager.DefaultExtensionManager - Starting discovery of extensions
2018-12-03 16:51:00,302 [main] INFO  org.mule.module.extension.internal.manager.DefaultExtensionManager - Discovered 1 extensions
2018-12-03 16:51:00,302 [main] INFO  org.mule.module.extension.internal.manager.DefaultExtensionManager - Registering extension validation (version 3.8)
2018-12-03 16:51:00,361 [main] INFO  org.mule.config.spring.MuleArtifactContext - Refreshing org.mule.config.spring.MuleArtifactContext@69c79f09: startup date [Mon Dec 03 16:51:00 CET 2018]; root of context hierarchy
2018-12-03 16:51:02,102 [main] INFO  org.mule.config.spring.processors.NoDevkitInjectorProcessor - JSR-330 'javax.inject.Inject' annotation found and supported for autowiring
2018-12-03 16:51:02,589 [main] WARN  org.mule.expression.DefaultExpressionManager - Expression string is not an expression.  Use isExpression(String) to validate first
2018-12-03 16:51:02,589 [main] WARN  org.mule.expression.DefaultExpressionManager - Expression string is not an expression.  Use isExpression(String) to validate first
2018-12-03 16:51:03,358 [main] WARN  org.mule.module.ognl.expression.OgnlExpressionEvaluator - OGNL module is deprecated and will be removed in Mule 4.0. Use MEL expressions instead.
2018-12-03 16:51:03,609 [main] INFO  org.mule.util.journal.TransactionJournal - Using files for tx logs /Users/juan/Documents/AnypointStudio/workspace/.mule/./.mule/json/queue-tx-log/tx1.log and /Users/juan/Documents/AnypointStudio/workspace/.mule/./.mule/json/queue-tx-log/tx2.log
2018-12-03 16:51:03,627 [main] INFO  org.mule.util.journal.TransactionJournal - Using files for tx logs /Users/juan/Documents/AnypointStudio/workspace/.mule/./.mule/json/queue-xa-tx-log/tx1.log and /Users/juan/Documents/AnypointStudio/workspace/.mule/./.mule/json/queue-xa-tx-log/tx2.log
2018-12-03 16:51:03,632 [main] INFO  org.mule.lifecycle.AbstractLifecycleManager - Initialising connector: connector.file.mule.default
2018-12-03 16:51:03,820 [main] INFO  org.mule.lifecycle.AbstractLifecycleManager - Initialising model: _muleSystemModel
2018-12-03 16:51:03,824 [main] INFO  org.mule.construct.FlowConstructLifecycleManager - Initialising flow: jsonFlow
2018-12-03 16:51:03,824 [main] INFO  org.mule.exception.DefaultMessagingExceptionStrategy - Initialising exception listener: org.mule.exception.DefaultMessagingExceptionStrategy@7219ac49
2018-12-03 16:51:03,845 [main] INFO  org.mule.processor.SedaStageLifecycleManager - Initialising service: jsonFlow.stage1
2018-12-03 16:51:04,326 [main] INFO  org.mule.config.spring.SpringXmlConfigurationBuilder - Configured Mule using "org.mule.config.spring.SpringXmlConfigurationBuilder" with configuration resource(s): "[ConfigResource{resourceName='/Users/juan/Documents/AnypointStudio/workspace/.mule/apps/json/json.xml'}]"
2018-12-03 16:51:04,327 [main] INFO  org.mule.config.builders.AutoConfigurationBuilder - Configured Mule using "org.mule.config.builders.AutoConfigurationBuilder" with configuration resource(s): "[ConfigResource{resourceName='/Users/juan/Documents/AnypointStudio/workspace/.mule/apps/json/json.xml'}]"
2018-12-03 16:51:07,487 [main] INFO  org.mule.module.launcher.application.DefaultMuleApplication - 
++++++++++++++++++++++++++++++++++++++++++++++++++++++++++++
+ Starting app 'json'                                      +
++++++++++++++++++++++++++++++++++++++++++++++++++++++++++++
2018-12-03 16:51:07,489 [main] INFO  org.mule.util.queue.QueueXaResourceManager - Starting ResourceManager
2018-12-03 16:51:07,489 [main] INFO  org.mule.util.queue.QueueXaResourceManager - Started ResourceManager
2018-12-03 16:51:07,669 [main] INFO  org.mule.transport.file.FileConnector - Connected: FileConnector
{
  name=connector.file.mule.default
  lifecycle=initialise
  this=5a8816cc
  numberOfConcurrentTransactedReceivers=4
  createMultipleTransactedReceivers=true
  connected=true
  supportedProtocols=[file]
  serviceOverrides=<none>
}

2018-12-03 16:51:07,669 [main] INFO  org.mule.transport.file.FileConnector - Starting: FileConnector
{
  name=connector.file.mule.default
  lifecycle=initialise
  this=5a8816cc
  numberOfConcurrentTransactedReceivers=4
  createMultipleTransactedReceivers=true
  connected=true
  supportedProtocols=[file]
  serviceOverrides=<none>
}

2018-12-03 16:51:07,671 [main] INFO  org.mule.lifecycle.AbstractLifecycleManager - Starting connector: connector.file.mule.default
2018-12-03 16:51:07,674 [main] INFO  org.mule.modules.oauth2.provider.agents.DefaultSplashScreenAgent - 
++++++++++++++++++++++++++++++++++++++++++++++++++++++++++++++++++++++++++++++++
+ DevKit Extensions (0) used in this application 
                             +
++++++++++++++++++++++++++++++++++++++++++++++++++++++++++++++++++++++++++++++++
2018-12-03 16:51:07,677 [main] INFO  org.mule.lifecycle.AbstractLifecycleManager - Starting model: _muleSystemModel
2018-12-03 16:51:07,679 [main] INFO  org.mule.construct.FlowConstructLifecycleManager - Starting flow: jsonFlow
2018-12-03 16:51:07,679 [main] INFO  org.mule.processor.SedaStageLifecycleManager - Starting service: jsonFlow.stage1
2018-12-03 16:51:07,685 [main] INFO  org.mule.transport.file.FileConnector - Registering listener: jsonFlow on endpointUri: file:///Users/juan/Documents/AnypointStudio/anypointstudio_6_1_2/examples_ITSI2019/JSON/imput
2018-12-03 16:51:07,711 [main] INFO  org.mule.lifecycle.AbstractLifecycleManager - Initialising: 'null'. Object is: FileMessageReceiver
2018-12-03 16:51:07,716 [main] INFO  org.mule.transport.file.FileMessageReceiver - Connecting clusterizable message receiver
2018-12-03 16:51:07,717 [main] INFO  org.mule.lifecycle.AbstractLifecycleManager - Starting: 'null'. Object is: FileMessageReceiver
2018-12-03 16:51:07,718 [main] INFO  org.mule.transport.file.FileMessageReceiver - Starting clusterizable message receiver
2018-12-03 16:51:07,761 [main] INFO  org.mule.module.management.agent.WrapperManagerAgent - This JVM hasn't been launched by the wrapper, the agent will not run.
2018-12-03 16:51:07,783 [main] INFO  org.mule.module.management.agent.AbstractJmxAgent - Attempting to register service with name: Mule.json:type=Endpoint,service="jsonFlow",connector=connector.file.mule.default,name="endpoint.file.Users.juan.Documents.AnypointStudio.anypointstudio.6.1.2.examples.ITSI2019.JSON.imput"
2018-12-03 16:51:07,784 [main] INFO  org.mule.module.management.agent.AbstractJmxAgent - Registered Endpoint Service with name: Mule.json:type=Endpoint,service="jsonFlow",connector=connector.file.mule.default,name="endpoint.file.Users.juan.Documents.AnypointStudio.anypointstudio.6.1.2.examples.ITSI2019.JSON.imput"
2018-12-03 16:51:07,785 [main] INFO  org.mule.module.management.agent.AbstractJmxAgent - Registered Connector Service with name Mule.json:type=Connector,name="connector.file.mule.default.1"
2018-12-03 16:51:07,790 [main] INFO  org.mule.DefaultMuleContext - 
**********************************************************************
* Application: json                                                  *
* OS encoding: /, Mule encoding: UTF-8                               *
*                                                                    *
* Agents Running:                                                    *
*   JMX Agent                                                        *
*   DevKit Extension Information                                     *
*   Batch module default engine                                      *
*   Wrapper Manager                                                  *
**********************************************************************
2018-12-03 16:51:08,735 [[json].connector.file.mule.default.receiver.01] INFO  org.mule.transport.file.FileMessageReceiver - Lock obtained on file: /Users/juan/Documents/AnypointStudio/anypointstudio_6_1_2/examples_ITSI2019/JSON/imput/employee.json
