2018-12-17 12:52:45,418 [main] INFO  org.mule.module.launcher.application.DefaultMuleApplication - 
++++++++++++++++++++++++++++++++++++++++++++++++++++++++++++
+ Initializing app 'logicfilter'                           +
++++++++++++++++++++++++++++++++++++++++++++++++++++++++++++
2018-12-17 12:52:45,655 [main] INFO  org.mule.lifecycle.AbstractLifecycleManager - Initialising RegistryBroker
2018-12-17 12:52:45,823 [main] INFO  org.mule.module.extension.internal.manager.DefaultExtensionManager - Starting discovery of extensions
2018-12-17 12:52:45,974 [main] INFO  org.mule.module.extension.internal.manager.DefaultExtensionManager - Discovered 1 extensions
2018-12-17 12:52:45,974 [main] INFO  org.mule.module.extension.internal.manager.DefaultExtensionManager - Registering extension validation (version 3.8)
2018-12-17 12:52:46,072 [main] INFO  org.mule.config.spring.MuleArtifactContext - Refreshing org.mule.config.spring.MuleArtifactContext@29a60c27: startup date [Mon Dec 17 12:52:46 CET 2018]; root of context hierarchy
2018-12-17 12:52:49,828 [main] INFO  org.mule.config.spring.processors.NoDevkitInjectorProcessor - JSR-330 'javax.inject.Inject' annotation found and supported for autowiring
2018-12-17 12:52:51,688 [main] WARN  org.mule.module.ognl.expression.OgnlExpressionEvaluator - OGNL module is deprecated and will be removed in Mule 4.0. Use MEL expressions instead.
2018-12-17 12:52:52,619 [main] INFO  org.mule.util.journal.TransactionJournal - Using files for tx logs /Users/juan/Documents/AnypointStudio/workspace/.mule/./.mule/logicfilter/queue-tx-log/tx1.log and /Users/juan/Documents/AnypointStudio/workspace/.mule/./.mule/logicfilter/queue-tx-log/tx2.log
2018-12-17 12:52:52,645 [main] INFO  org.mule.util.journal.TransactionJournal - Using files for tx logs /Users/juan/Documents/AnypointStudio/workspace/.mule/./.mule/logicfilter/queue-xa-tx-log/tx1.log and /Users/juan/Documents/AnypointStudio/workspace/.mule/./.mule/logicfilter/queue-xa-tx-log/tx2.log
2018-12-17 12:52:52,877 [main] INFO  org.mule.lifecycle.AbstractLifecycleManager - Initialising model: _muleSystemModel
2018-12-17 12:52:52,884 [main] INFO  org.mule.construct.FlowConstructLifecycleManager - Initialising flow: logicfilterFlow
2018-12-17 12:52:52,886 [main] INFO  org.mule.exception.DefaultMessagingExceptionStrategy - Initialising exception listener: org.mule.exception.DefaultMessagingExceptionStrategy@3003e580
2018-12-17 12:52:52,936 [main] INFO  org.mule.processor.SedaStageLifecycleManager - Initialising service: logicfilterFlow.stage1
2018-12-17 12:52:52,956 [main] INFO  org.mule.component.ComponentLifecycleManager - Initialising component: component.1544031987
2018-12-17 12:52:53,403 [main] INFO  org.mule.config.spring.SpringXmlConfigurationBuilder - Configured Mule using "org.mule.config.spring.SpringXmlConfigurationBuilder" with configuration resource(s): "[ConfigResource{resourceName='/Users/juan/Documents/AnypointStudio/workspace/.mule/apps/logicfilter/logicfilter.xml'}]"
2018-12-17 12:52:53,403 [main] INFO  org.mule.config.builders.AutoConfigurationBuilder - Configured Mule using "org.mule.config.builders.AutoConfigurationBuilder" with configuration resource(s): "[ConfigResource{resourceName='/Users/juan/Documents/AnypointStudio/workspace/.mule/apps/logicfilter/logicfilter.xml'}]"
2018-12-17 12:52:56,558 [main] INFO  org.mule.module.launcher.application.DefaultMuleApplication - 
++++++++++++++++++++++++++++++++++++++++++++++++++++++++++++
+ Starting app 'logicfilter'                               +
++++++++++++++++++++++++++++++++++++++++++++++++++++++++++++
2018-12-17 12:52:56,560 [main] INFO  org.mule.util.queue.QueueXaResourceManager - Starting ResourceManager
2018-12-17 12:52:56,561 [main] INFO  org.mule.util.queue.QueueXaResourceManager - Started ResourceManager
2018-12-17 12:52:56,807 [main] INFO  org.mule.module.http.internal.listener.DefaultHttpListenerConfig - Listening for requests on http://0.0.0.0:7676
2018-12-17 12:52:56,811 [main] INFO  org.mule.modules.oauth2.provider.agents.DefaultSplashScreenAgent - 
++++++++++++++++++++++++++++++++++++++++++++++++++++++++++++++++++++++++++++++++
+ DevKit Extensions (0) used in this application 
                             +
++++++++++++++++++++++++++++++++++++++++++++++++++++++++++++++++++++++++++++++++
2018-12-17 12:52:56,815 [main] INFO  org.mule.lifecycle.AbstractLifecycleManager - Starting model: _muleSystemModel
2018-12-17 12:52:56,818 [main] INFO  org.mule.construct.FlowConstructLifecycleManager - Starting flow: logicfilterFlow
2018-12-17 12:52:56,819 [main] INFO  org.mule.processor.SedaStageLifecycleManager - Starting service: logicfilterFlow.stage1
2018-12-17 12:52:56,825 [main] INFO  org.mule.component.ComponentLifecycleManager - Starting component: component.1544031987
2018-12-17 12:52:56,879 [main] INFO  org.mule.module.management.agent.WrapperManagerAgent - This JVM hasn't been launched by the wrapper, the agent will not run.
2018-12-17 12:52:56,901 [main] INFO  org.mule.DefaultMuleContext - 
**********************************************************************
* Application: logicfilter                                           *
* OS encoding: /, Mule encoding: UTF-8                               *
*                                                                    *
* Agents Running:                                                    *
*   JMX Agent                                                        *
*   DevKit Extension Information                                     *
*   Batch module default engine                                      *
*   Wrapper Manager                                                  *
**********************************************************************
