2018-12-03 09:16:52,569 [main] INFO  org.mule.module.launcher.application.DefaultMuleApplication - 
++++++++++++++++++++++++++++++++++++++++++++++++++++++++++++
+ Initializing app 'messageregister'                       +
++++++++++++++++++++++++++++++++++++++++++++++++++++++++++++
2018-12-03 09:16:52,817 [main] INFO  org.mule.lifecycle.AbstractLifecycleManager - Initialising RegistryBroker
2018-12-03 09:16:52,973 [main] INFO  org.mule.module.extension.internal.manager.DefaultExtensionManager - Starting discovery of extensions
2018-12-03 09:16:53,172 [main] INFO  org.mule.module.extension.internal.manager.DefaultExtensionManager - Discovered 1 extensions
2018-12-03 09:16:53,172 [main] INFO  org.mule.module.extension.internal.manager.DefaultExtensionManager - Registering extension validation (version 3.8)
2018-12-03 09:16:53,263 [main] INFO  org.mule.config.spring.MuleArtifactContext - Refreshing org.mule.config.spring.MuleArtifactContext@69c79f09: startup date [Mon Dec 03 09:16:53 CET 2018]; root of context hierarchy
2018-12-03 09:16:55,361 [main] INFO  org.mule.config.spring.processors.NoDevkitInjectorProcessor - JSR-330 'javax.inject.Inject' annotation found and supported for autowiring
2018-12-03 09:16:56,626 [main] WARN  org.mule.module.ognl.expression.OgnlExpressionEvaluator - OGNL module is deprecated and will be removed in Mule 4.0. Use MEL expressions instead.
2018-12-03 09:16:57,049 [main] INFO  org.mule.util.journal.TransactionJournal - Using files for tx logs /Users/juan/Documents/AnypointStudio/workspace/.mule/./.mule/messageregister/queue-tx-log/tx1.log and /Users/juan/Documents/AnypointStudio/workspace/.mule/./.mule/messageregister/queue-tx-log/tx2.log
2018-12-03 09:16:57,067 [main] INFO  org.mule.util.journal.TransactionJournal - Using files for tx logs /Users/juan/Documents/AnypointStudio/workspace/.mule/./.mule/messageregister/queue-xa-tx-log/tx1.log and /Users/juan/Documents/AnypointStudio/workspace/.mule/./.mule/messageregister/queue-xa-tx-log/tx2.log
2018-12-03 09:16:57,073 [main] INFO  org.mule.lifecycle.AbstractLifecycleManager - Initialising connector: Ajax
2018-12-03 09:16:57,251 [main] WARN  org.mule.transport.http.HttpConnector - HTTP transport is deprecated and will be removed in Mule 4.0. Use HTTP module instead.
2018-12-03 09:16:57,384 [main] INFO  org.mule.lifecycle.AbstractLifecycleManager - Initialising connector: File
2018-12-03 09:16:57,430 [main] INFO  org.mule.lifecycle.AbstractLifecycleManager - Initialising connector: connector.http.mule.default
2018-12-03 09:16:57,630 [main] INFO  org.mule.lifecycle.AbstractLifecycleManager - Initialising model: _muleSystemModel
2018-12-03 09:16:57,635 [main] INFO  org.mule.construct.FlowConstructLifecycleManager - Initialising flow: messageregisterFlow
2018-12-03 09:16:57,637 [main] INFO  org.mule.exception.DefaultMessagingExceptionStrategy - Initialising exception listener: org.mule.exception.DefaultMessagingExceptionStrategy@594d9f07
2018-12-03 09:16:57,670 [main] INFO  org.mule.processor.SedaStageLifecycleManager - Initialising service: messageregisterFlow.stage1
2018-12-03 09:16:57,682 [main] INFO  org.mule.component.ComponentLifecycleManager - Initialising component: component.110233108
2018-12-03 09:16:59,190 [main] INFO  org.mule.config.spring.SpringXmlConfigurationBuilder - Configured Mule using "org.mule.config.spring.SpringXmlConfigurationBuilder" with configuration resource(s): "[ConfigResource{resourceName='/Users/juan/Documents/AnypointStudio/workspace/.mule/apps/messageregister/messageregister.xml'}]"
2018-12-03 09:16:59,191 [main] INFO  org.mule.config.builders.AutoConfigurationBuilder - Configured Mule using "org.mule.config.builders.AutoConfigurationBuilder" with configuration resource(s): "[ConfigResource{resourceName='/Users/juan/Documents/AnypointStudio/workspace/.mule/apps/messageregister/messageregister.xml'}]"
2018-12-03 09:17:02,627 [main] INFO  org.mule.module.launcher.application.DefaultMuleApplication - 
++++++++++++++++++++++++++++++++++++++++++++++++++++++++++++
+ Starting app 'messageregister'                           +
++++++++++++++++++++++++++++++++++++++++++++++++++++++++++++
2018-12-03 09:17:02,651 [main] INFO  org.mule.util.queue.QueueXaResourceManager - Starting ResourceManager
2018-12-03 09:17:02,651 [main] INFO  org.mule.util.queue.QueueXaResourceManager - Started ResourceManager
2018-12-03 09:17:02,867 [main] INFO  org.mule.transport.ajax.embedded.AjaxConnector - Connector not started because 'initialStateStopped' is true
2018-12-03 09:17:02,877 [main] INFO  org.mule.transport.file.FileConnector - Connected: FileConnector
{
  name=File
  lifecycle=initialise
  this=66236a0a
  numberOfConcurrentTransactedReceivers=4
  createMultipleTransactedReceivers=true
  connected=true
  supportedProtocols=[file]
  serviceOverrides=<none>
}

2018-12-03 09:17:02,879 [main] INFO  org.mule.transport.file.FileConnector - Starting: FileConnector
{
  name=File
  lifecycle=initialise
  this=66236a0a
  numberOfConcurrentTransactedReceivers=4
  createMultipleTransactedReceivers=true
  connected=true
  supportedProtocols=[file]
  serviceOverrides=<none>
}

2018-12-03 09:17:02,884 [main] INFO  org.mule.lifecycle.AbstractLifecycleManager - Starting connector: File
2018-12-03 09:17:02,892 [main] INFO  org.mule.transport.http.HttpConnector - Connected: HttpConnector
{
  name=connector.http.mule.default
  lifecycle=initialise
  this=75e27856
  numberOfConcurrentTransactedReceivers=4
  createMultipleTransactedReceivers=true
  connected=true
  supportedProtocols=[http]
  serviceOverrides=<none>
}

2018-12-03 09:17:02,892 [main] INFO  org.mule.transport.http.HttpConnector - Starting: HttpConnector
{
  name=connector.http.mule.default
  lifecycle=initialise
  this=75e27856
  numberOfConcurrentTransactedReceivers=4
  createMultipleTransactedReceivers=true
  connected=true
  supportedProtocols=[http]
  serviceOverrides=<none>
}

2018-12-03 09:17:02,893 [main] INFO  org.mule.lifecycle.AbstractLifecycleManager - Starting connector: connector.http.mule.default
2018-12-03 09:17:02,903 [main] INFO  org.mule.modules.oauth2.provider.agents.DefaultSplashScreenAgent - 
++++++++++++++++++++++++++++++++++++++++++++++++++++++++++++++++++++++++++++++++
+ DevKit Extensions (0) used in this application 
                             +
++++++++++++++++++++++++++++++++++++++++++++++++++++++++++++++++++++++++++++++++
2018-12-03 09:17:02,918 [main] INFO  org.mule.lifecycle.AbstractLifecycleManager - Starting model: _muleSystemModel
2018-12-03 09:17:02,923 [main] INFO  org.mule.construct.FlowConstructLifecycleManager - Starting flow: messageregisterFlow
2018-12-03 09:17:02,941 [main] INFO  org.mule.processor.SedaStageLifecycleManager - Starting service: messageregisterFlow.stage1
2018-12-03 09:17:02,976 [main] INFO  org.mule.component.ComponentLifecycleManager - Starting component: component.110233108
2018-12-03 09:17:03,021 [main] INFO  org.mule.transport.ajax.embedded.AjaxConnector - Registering listener: messageregisterFlow on endpointUri: ajax:///register/message
2018-12-03 09:17:03,034 [main] INFO  org.mule.transport.service.DefaultTransportServiceDescriptor - Loading default response transformer: org.mule.module.json.transformers.ObjectToJson
2018-12-03 09:17:03,042 [main] INFO  org.mule.lifecycle.AbstractLifecycleManager - Initialising: 'null'. Object is: AjaxMessageReceiver
2018-12-03 09:17:03,095 [main] INFO  org.mule.transport.ajax.AjaxMessageReceiver - Connecting clusterizable message receiver
2018-12-03 09:17:03,095 [main] INFO  org.mule.transport.ajax.embedded.AjaxConnector - Connected: AjaxConnector
{
  name=Ajax
  lifecycle=initialise
  this=48904d5a
  numberOfConcurrentTransactedReceivers=4
  createMultipleTransactedReceivers=true
  connected=true
  supportedProtocols=[ajax]
  serviceOverrides=<none>
}

2018-12-03 09:17:03,095 [main] INFO  org.mule.transport.ajax.embedded.AjaxConnector - Starting: AjaxConnector
{
  name=Ajax
  lifecycle=initialise
  this=48904d5a
  numberOfConcurrentTransactedReceivers=4
  createMultipleTransactedReceivers=true
  connected=true
  supportedProtocols=[ajax]
  serviceOverrides=<none>
}

2018-12-03 09:17:03,095 [main] INFO  org.mule.lifecycle.AbstractLifecycleManager - Starting connector: Ajax
2018-12-03 09:17:03,101 [main] INFO  org.eclipse.jetty - jetty-9.0.7.v20131107
2018-12-03 09:17:03,403 [main] INFO  org.mortbay.log - Logging to org.apache.logging.slf4j.Log4jLogger@1fecfaea via org.mortbay.log.Slf4jLog
2018-12-03 09:17:03,474 [main] INFO  org.eclipse.jetty - JSONCommented is deprecated
2018-12-03 09:17:03,519 [main] INFO  org.eclipse.jetty - Started o.e.j.s.ServletContextHandler@2d5a1588{/,null,AVAILABLE,@localhost:8081}
2018-12-03 09:17:03,523 [main] INFO  org.eclipse.jetty - Started o.e.j.s.ServletContextHandler@4f116ca2{/registerMessages,file:/Users/juan/Documents/AnypointStudio/workspace/messageregister/src/main/app/docroot/,AVAILABLE}
2018-12-03 09:17:03,681 [main] INFO  org.eclipse.jetty - Started localhost:8081@131a7516{HTTP/1.1}{localhost:8081}
2018-12-03 09:17:03,683 [main] INFO  org.mule.lifecycle.AbstractLifecycleManager - Starting: 'null'. Object is: AjaxMessageReceiver
2018-12-03 09:17:03,683 [main] INFO  org.mule.transport.ajax.AjaxMessageReceiver - Starting clusterizable message receiver
2018-12-03 09:17:03,708 [main] INFO  org.mule.module.management.agent.WrapperManagerAgent - This JVM hasn't been launched by the wrapper, the agent will not run.
2018-12-03 09:17:03,737 [main] INFO  org.mule.module.management.agent.AbstractJmxAgent - Attempting to register service with name: Mule.messageregister:type=Endpoint,service="messageregisterFlow",connector=Ajax,name="endpoint.ajax.register.message"
2018-12-03 09:17:03,739 [main] INFO  org.mule.module.management.agent.AbstractJmxAgent - Registered Endpoint Service with name: Mule.messageregister:type=Endpoint,service="messageregisterFlow",connector=Ajax,name="endpoint.ajax.register.message"
2018-12-03 09:17:03,740 [main] INFO  org.mule.module.management.agent.AbstractJmxAgent - Registered Connector Service with name Mule.messageregister:type=Connector,name="Ajax.1"
2018-12-03 09:17:03,740 [main] INFO  org.mule.module.management.agent.AbstractJmxAgent - Registered Connector Service with name Mule.messageregister:type=Connector,name="File.1"
2018-12-03 09:17:03,742 [main] INFO  org.mule.module.management.agent.AbstractJmxAgent - Registered Connector Service with name Mule.messageregister:type=Connector,name="connector.http.mule.default.1"
2018-12-03 09:17:03,746 [main] INFO  org.mule.DefaultMuleContext - 
**********************************************************************
* Application: messageregister                                       *
* OS encoding: /, Mule encoding: UTF-8                               *
*                                                                    *
* Agents Running:                                                    *
*   JMX Agent                                                        *
*   DevKit Extension Information                                     *
*   Batch module default engine                                      *
*   Wrapper Manager                                                  *
**********************************************************************
2018-12-03 09:22:58,951 [qtp366226635-42] INFO  org.mule.component.simple.LogComponent - 
********************************************************************************
* Message received in service: messageregisterFlow. Content is: 'Saludos       *
* desde Mule de jrb085'                                                        *
********************************************************************************
2018-12-03 09:22:58,998 [qtp366226635-42] INFO  org.mule.lifecycle.AbstractLifecycleManager - Initialising: 'File.dispatcher.534690272'. Object is: FileMessageDispatcher
2018-12-03 09:22:59,018 [qtp366226635-42] INFO  org.mule.lifecycle.AbstractLifecycleManager - Starting: 'File.dispatcher.534690272'. Object is: FileMessageDispatcher
2018-12-03 09:30:24,475 [Mule.app.deployer.monitor.1.thread.1] INFO  org.mule.module.launcher.application.DefaultMuleApplication - 
++++++++++++++++++++++++++++++++++++++++++++++++++++++++++++
+ Stopping app 'messageregister'                           +
++++++++++++++++++++++++++++++++++++++++++++++++++++++++++++
2018-12-03 09:30:24,477 [Mule.app.deployer.monitor.1.thread.1] INFO  org.mule.construct.FlowConstructLifecycleManager - Stopping flow: messageregisterFlow
2018-12-03 09:30:24,477 [Mule.app.deployer.monitor.1.thread.1] INFO  org.mule.transport.ajax.embedded.AjaxConnector - Removing listener on endpointUri: ajax:///register/message
2018-12-03 09:30:24,478 [Mule.app.deployer.monitor.1.thread.1] INFO  org.mule.lifecycle.AbstractLifecycleManager - Stopping: 'null'. Object is: AjaxMessageReceiver
2018-12-03 09:30:24,482 [Mule.app.deployer.monitor.1.thread.1] INFO  org.mule.lifecycle.AbstractLifecycleManager - Disposing: 'null'. Object is: AjaxMessageReceiver
2018-12-03 09:30:24,483 [Mule.app.deployer.monitor.1.thread.1] INFO  org.mule.processor.SedaStageLifecycleManager - Stopping service: messageregisterFlow.stage1
2018-12-03 09:30:24,570 [Mule.app.deployer.monitor.1.thread.1] INFO  org.mule.component.ComponentLifecycleManager - Stopping component: component.110233108
2018-12-03 09:30:24,576 [Mule.app.deployer.monitor.1.thread.1] INFO  org.mule.lifecycle.AbstractLifecycleManager - Stopping model: _muleSystemModel
2018-12-03 09:30:24,580 [Mule.app.deployer.monitor.1.thread.1] INFO  org.mule.lifecycle.AbstractLifecycleManager - Stopping connector: Ajax
2018-12-03 09:30:24,588 [Mule.app.deployer.monitor.1.thread.1] INFO  org.eclipse.jetty - Stopped localhost:8081@131a7516{HTTP/1.1}{localhost:8081}
2018-12-03 09:30:24,590 [Mule.app.deployer.monitor.1.thread.1] INFO  org.eclipse.jetty - Stopped o.e.j.s.ServletContextHandler@4f116ca2{/registerMessages,file:/Users/juan/Documents/AnypointStudio/workspace/messageregister/src/main/app/docroot/,UNAVAILABLE}
2018-12-03 09:30:24,593 [qtp366226635-44] WARN  org.eclipse.jetty - /ajax/cometd
java.lang.IllegalStateException: STREAM
	at org.eclipse.jetty.server.Response.getWriter(Response.java:720) ~[jetty-server-9.0.7.v20131107.jar:9.0.7.v20131107]
	at org.mortbay.cometd.JSONTransport.send(JSONTransport.java:60) ~[cometd-server-6.1.26.jar:6.1.26]
	at org.mortbay.cometd.continuation.ContinuationCometdServlet.service(ContinuationCometdServlet.java:304) ~[cometd-server-6.1.26.jar:6.1.26]
	at org.mule.transport.ajax.container.MuleAjaxServlet.service(MuleAjaxServlet.java:105) ~[mule-transport-ajax-3.8.2.jar:3.8.2]
	at org.mortbay.cometd.AbstractCometdServlet.service(AbstractCometdServlet.java:265) ~[cometd-server-6.1.26.jar:6.1.26]
	at org.eclipse.jetty.servlet.ServletHolder.handle(ServletHolder.java:696) ~[jetty-servlet-9.0.7.v20131107.jar:9.0.7.v20131107]
	at org.eclipse.jetty.servlet.ServletHandler.doHandle(ServletHandler.java:521) ~[jetty-servlet-9.0.7.v20131107.jar:9.0.7.v20131107]
	at org.eclipse.jetty.server.handler.ContextHandler.doHandle(ContextHandler.java:1097) ~[jetty-server-9.0.7.v20131107.jar:9.0.7.v20131107]
	at org.eclipse.jetty.servlet.ServletHandler.doScope(ServletHandler.java:448) ~[jetty-servlet-9.0.7.v20131107.jar:9.0.7.v20131107]
	at org.eclipse.jetty.server.handler.ContextHandler.doScope(ContextHandler.java:1031) ~[jetty-server-9.0.7.v20131107.jar:9.0.7.v20131107]
	at org.eclipse.jetty.server.handler.ScopedHandler.handle(ScopedHandler.java:136) ~[jetty-server-9.0.7.v20131107.jar:9.0.7.v20131107]
	at org.eclipse.jetty.server.handler.ContextHandlerCollection.handle(ContextHandlerCollection.java:200) ~[jetty-server-9.0.7.v20131107.jar:9.0.7.v20131107]
	at org.eclipse.jetty.server.handler.HandlerWrapper.handle(HandlerWrapper.java:97) ~[jetty-server-9.0.7.v20131107.jar:9.0.7.v20131107]
	at org.eclipse.jetty.server.Server.handle(Server.java:446) ~[jetty-server-9.0.7.v20131107.jar:9.0.7.v20131107]
	at org.eclipse.jetty.server.HttpChannel.handle(HttpChannel.java:271) ~[jetty-server-9.0.7.v20131107.jar:9.0.7.v20131107]
	at org.eclipse.jetty.server.HttpConnection.onFillable(HttpConnection.java:246) ~[jetty-server-9.0.7.v20131107.jar:9.0.7.v20131107]
	at org.eclipse.jetty.io.AbstractConnection$ReadCallback.run(AbstractConnection.java:358) ~[jetty-io-9.0.7.v20131107.jar:9.0.7.v20131107]
	at org.eclipse.jetty.util.thread.QueuedThreadPool.runJob(QueuedThreadPool.java:601) ~[jetty-util-9.0.7.v20131107.jar:9.0.7.v20131107]
	at org.eclipse.jetty.util.thread.QueuedThreadPool$3.run(QueuedThreadPool.java:532) ~[jetty-util-9.0.7.v20131107.jar:9.0.7.v20131107]
	at java.lang.Thread.run(Thread.java:748) [?:1.8.0_191]
2018-12-03 09:30:24,593 [Mule.app.deployer.monitor.1.thread.1] INFO  org.eclipse.jetty - Stopped o.e.j.s.ServletContextHandler@2d5a1588{/,null,UNAVAILABLE,@localhost:8081}
2018-12-03 09:30:24,598 [Mule.app.deployer.monitor.1.thread.1] INFO  org.mule.lifecycle.AbstractLifecycleManager - Stopping connector: File
2018-12-03 09:30:24,599 [Mule.app.deployer.monitor.1.thread.1] INFO  org.mule.lifecycle.AbstractLifecycleManager - Stopping: 'File.dispatcher.534690272'. Object is: FileMessageDispatcher
2018-12-03 09:30:24,600 [Mule.app.deployer.monitor.1.thread.1] INFO  org.mule.lifecycle.AbstractLifecycleManager - Disposing: 'File.dispatcher.534690272'. Object is: FileMessageDispatcher
2018-12-03 09:30:24,600 [Mule.app.deployer.monitor.1.thread.1] INFO  org.mule.lifecycle.AbstractLifecycleManager - Stopping connector: connector.http.mule.default
2018-12-03 09:30:24,605 [Mule.app.deployer.monitor.1.thread.1] INFO  org.mule.util.queue.QueueXaResourceManager - Stopping ResourceManager
2018-12-03 09:30:24,605 [Mule.app.deployer.monitor.1.thread.1] INFO  org.mule.util.queue.QueueXaResourceManager - Stopped ResourceManager
2018-12-03 09:30:24,612 [Mule.app.deployer.monitor.1.thread.1] INFO  org.mule.module.launcher.application.DefaultMuleApplication - 
++++++++++++++++++++++++++++++++++++++++++++++++++++++++++++
+ Disposing app 'messageregister'                          +
++++++++++++++++++++++++++++++++++++++++++++++++++++++++++++
2018-12-03 09:30:24,613 [Mule.app.deployer.monitor.1.thread.1] INFO  org.mule.lifecycle.AbstractLifecycleManager - Disposing RegistryBroker
2018-12-03 09:30:24,614 [Mule.app.deployer.monitor.1.thread.1] INFO  org.mule.construct.FlowConstructLifecycleManager - Disposing flow: messageregisterFlow
2018-12-03 09:30:24,617 [Mule.app.deployer.monitor.1.thread.1] INFO  org.mule.processor.SedaStageLifecycleManager - Disposing service: messageregisterFlow.stage1
2018-12-03 09:30:24,619 [Mule.app.deployer.monitor.1.thread.1] INFO  org.mule.component.ComponentLifecycleManager - Disposing component: component.110233108
2018-12-03 09:30:24,623 [Mule.app.deployer.monitor.1.thread.1] INFO  org.mule.lifecycle.AbstractLifecycleManager - Disposing model: _muleSystemModel
2018-12-03 09:30:24,628 [Mule.app.deployer.monitor.1.thread.1] INFO  org.mule.transport.ajax.embedded.AjaxConnector - Disconnected: AjaxConnector
{
  name=Ajax
  lifecycle=stop
  this=48904d5a
  numberOfConcurrentTransactedReceivers=4
  createMultipleTransactedReceivers=true
  connected=true
  supportedProtocols=[ajax]
  serviceOverrides=<none>
}

2018-12-03 09:30:24,629 [Mule.app.deployer.monitor.1.thread.1] INFO  org.mule.lifecycle.AbstractLifecycleManager - Disposing connector: Ajax
2018-12-03 09:30:24,633 [Mule.app.deployer.monitor.1.thread.1] INFO  org.mule.transport.file.FileConnector - Disconnected: FileConnector
{
  name=File
  lifecycle=stop
  this=66236a0a
  numberOfConcurrentTransactedReceivers=4
  createMultipleTransactedReceivers=true
  connected=true
  supportedProtocols=[file]
  serviceOverrides=<none>
}

2018-12-03 09:30:24,633 [Mule.app.deployer.monitor.1.thread.1] INFO  org.mule.lifecycle.AbstractLifecycleManager - Disposing connector: File
2018-12-03 09:30:24,637 [Mule.app.deployer.monitor.1.thread.1] INFO  org.mule.transport.http.HttpConnector - Disconnected: HttpConnector
{
  name=connector.http.mule.default
  lifecycle=stop
  this=75e27856
  numberOfConcurrentTransactedReceivers=4
  createMultipleTransactedReceivers=true
  connected=true
  supportedProtocols=[http]
  serviceOverrides=<none>
}

2018-12-03 09:30:24,637 [Mule.app.deployer.monitor.1.thread.1] INFO  org.mule.lifecycle.AbstractLifecycleManager - Disposing connector: connector.http.mule.default
2018-12-03 09:30:24,637 [Mule.app.deployer.monitor.1.thread.1] INFO  org.mule.util.monitor.ExpiryMonitor - disposing monitor
2018-12-03 09:30:24,842 [Mule.app.deployer.monitor.1.thread.1] INFO  org.mule.config.spring.MuleArtifactContext - Closing org.mule.config.spring.MuleArtifactContext@69c79f09: startup date [Mon Dec 03 09:16:53 CET 2018]; root of context hierarchy
2018-12-03 09:30:24,933 [Mule.app.deployer.monitor.1.thread.1] INFO  org.mule.DefaultMuleContext - 
**********************************************************************
* Application "messageregister" shut down normally on: 12/3/18 9:30  *
* AM                                                                 *
* Up for: 0 days, 0 hours, 13 mins, 22.302 sec                       *
**********************************************************************
2018-12-03 09:30:25,278 [Mule.app.deployer.monitor.1.thread.1] INFO  org.mule.module.launcher.application.DefaultMuleApplication - 
++++++++++++++++++++++++++++++++++++++++++++++++++++++++++++
+ Initializing app 'messageregister'                       +
++++++++++++++++++++++++++++++++++++++++++++++++++++++++++++
2018-12-03 09:30:25,308 [Mule.app.deployer.monitor.1.thread.1] WARN  com.mulesoft.module.client.APIPlatformClientCoreExtension - Client ID or Client Secret were not provided. API Manager client is DISABLED for app messageregister
2018-12-03 09:30:25,317 [Mule.app.deployer.monitor.1.thread.1] INFO  org.mule.lifecycle.AbstractLifecycleManager - Initialising RegistryBroker
2018-12-03 09:30:25,325 [Mule.app.deployer.monitor.1.thread.1] INFO  org.mule.module.extension.internal.manager.DefaultExtensionManager - Starting discovery of extensions
2018-12-03 09:30:25,369 [Mule.app.deployer.monitor.1.thread.1] INFO  org.mule.module.extension.internal.manager.DefaultExtensionManager - Discovered 1 extensions
2018-12-03 09:30:25,369 [Mule.app.deployer.monitor.1.thread.1] INFO  org.mule.module.extension.internal.manager.DefaultExtensionManager - Registering extension validation (version 3.8)
2018-12-03 09:30:25,380 [Mule.app.deployer.monitor.1.thread.1] INFO  org.mule.config.spring.MuleArtifactContext - Refreshing org.mule.config.spring.MuleArtifactContext@c061b43: startup date [Mon Dec 03 09:30:25 CET 2018]; root of context hierarchy
2018-12-03 09:30:25,917 [Mule.app.deployer.monitor.1.thread.1] INFO  org.mule.config.spring.processors.NoDevkitInjectorProcessor - JSR-330 'javax.inject.Inject' annotation found and supported for autowiring
2018-12-03 09:30:26,193 [Mule.app.deployer.monitor.1.thread.1] INFO  org.mule.util.journal.TransactionJournal - Using files for tx logs /Users/juan/Documents/AnypointStudio/workspace/.mule/./.mule/messageregister/queue-tx-log/tx1.log and /Users/juan/Documents/AnypointStudio/workspace/.mule/./.mule/messageregister/queue-tx-log/tx2.log
2018-12-03 09:30:26,196 [Mule.app.deployer.monitor.1.thread.1] INFO  org.mule.util.journal.TransactionJournal - Using files for tx logs /Users/juan/Documents/AnypointStudio/workspace/.mule/./.mule/messageregister/queue-xa-tx-log/tx1.log and /Users/juan/Documents/AnypointStudio/workspace/.mule/./.mule/messageregister/queue-xa-tx-log/tx2.log
2018-12-03 09:30:26,201 [Mule.app.deployer.monitor.1.thread.1] INFO  org.mule.lifecycle.AbstractLifecycleManager - Initialising connector: Ajax
2018-12-03 09:30:26,240 [Mule.app.deployer.monitor.1.thread.1] INFO  org.mule.lifecycle.AbstractLifecycleManager - Initialising connector: File
2018-12-03 09:30:26,267 [Mule.app.deployer.monitor.1.thread.1] INFO  org.mule.lifecycle.AbstractLifecycleManager - Initialising connector: connector.http.mule.default
2018-12-03 09:30:26,304 [Mule.app.deployer.monitor.1.thread.1] INFO  org.mule.lifecycle.AbstractLifecycleManager - Initialising model: _muleSystemModel
2018-12-03 09:30:26,306 [Mule.app.deployer.monitor.1.thread.1] INFO  org.mule.construct.FlowConstructLifecycleManager - Initialising flow: messageregisterFlow
2018-12-03 09:30:26,306 [Mule.app.deployer.monitor.1.thread.1] INFO  org.mule.exception.DefaultMessagingExceptionStrategy - Initialising exception listener: org.mule.exception.DefaultMessagingExceptionStrategy@e4a98e7
2018-12-03 09:30:26,310 [Mule.app.deployer.monitor.1.thread.1] INFO  org.mule.processor.SedaStageLifecycleManager - Initialising service: messageregisterFlow.stage1
2018-12-03 09:30:26,311 [Mule.app.deployer.monitor.1.thread.1] INFO  org.mule.component.ComponentLifecycleManager - Initialising component: component.1563681534
2018-12-03 09:30:26,361 [Mule.app.deployer.monitor.1.thread.1] INFO  org.mule.config.spring.SpringXmlConfigurationBuilder - Configured Mule using "org.mule.config.spring.SpringXmlConfigurationBuilder" with configuration resource(s): "[ConfigResource{resourceName='/Users/juan/Documents/AnypointStudio/workspace/.mule/apps/messageregister/messageregister.xml'}]"
2018-12-03 09:30:26,362 [Mule.app.deployer.monitor.1.thread.1] INFO  org.mule.config.builders.AutoConfigurationBuilder - Configured Mule using "org.mule.config.builders.AutoConfigurationBuilder" with configuration resource(s): "[ConfigResource{resourceName='/Users/juan/Documents/AnypointStudio/workspace/.mule/apps/messageregister/messageregister.xml'}]"
2018-12-03 09:30:29,373 [Mule.app.deployer.monitor.1.thread.1] INFO  org.mule.module.launcher.application.DefaultMuleApplication - 
++++++++++++++++++++++++++++++++++++++++++++++++++++++++++++
+ Starting app 'messageregister'                           +
++++++++++++++++++++++++++++++++++++++++++++++++++++++++++++
2018-12-03 09:30:29,375 [Mule.app.deployer.monitor.1.thread.1] INFO  org.mule.util.queue.QueueXaResourceManager - Starting ResourceManager
2018-12-03 09:30:29,375 [Mule.app.deployer.monitor.1.thread.1] INFO  org.mule.util.queue.QueueXaResourceManager - Started ResourceManager
2018-12-03 09:30:29,387 [Mule.app.deployer.monitor.1.thread.1] INFO  org.mule.transport.ajax.embedded.AjaxConnector - Connector not started because 'initialStateStopped' is true
2018-12-03 09:30:29,387 [Mule.app.deployer.monitor.1.thread.1] INFO  org.mule.transport.file.FileConnector - Connected: FileConnector
{
  name=File
  lifecycle=initialise
  this=d4aa2c
  numberOfConcurrentTransactedReceivers=4
  createMultipleTransactedReceivers=true
  connected=true
  supportedProtocols=[file]
  serviceOverrides=<none>
}

2018-12-03 09:30:29,387 [Mule.app.deployer.monitor.1.thread.1] INFO  org.mule.transport.file.FileConnector - Starting: FileConnector
{
  name=File
  lifecycle=initialise
  this=d4aa2c
  numberOfConcurrentTransactedReceivers=4
  createMultipleTransactedReceivers=true
  connected=true
  supportedProtocols=[file]
  serviceOverrides=<none>
}

2018-12-03 09:30:29,387 [Mule.app.deployer.monitor.1.thread.1] INFO  org.mule.lifecycle.AbstractLifecycleManager - Starting connector: File
2018-12-03 09:30:29,387 [Mule.app.deployer.monitor.1.thread.1] INFO  org.mule.transport.http.HttpConnector - Connected: HttpConnector
{
  name=connector.http.mule.default
  lifecycle=initialise
  this=3b8b6b19
  numberOfConcurrentTransactedReceivers=4
  createMultipleTransactedReceivers=true
  connected=true
  supportedProtocols=[http]
  serviceOverrides=<none>
}

2018-12-03 09:30:29,387 [Mule.app.deployer.monitor.1.thread.1] INFO  org.mule.transport.http.HttpConnector - Starting: HttpConnector
{
  name=connector.http.mule.default
  lifecycle=initialise
  this=3b8b6b19
  numberOfConcurrentTransactedReceivers=4
  createMultipleTransactedReceivers=true
  connected=true
  supportedProtocols=[http]
  serviceOverrides=<none>
}

2018-12-03 09:30:29,387 [Mule.app.deployer.monitor.1.thread.1] INFO  org.mule.lifecycle.AbstractLifecycleManager - Starting connector: connector.http.mule.default
2018-12-03 09:30:29,390 [Mule.app.deployer.monitor.1.thread.1] INFO  org.mule.modules.oauth2.provider.agents.DefaultSplashScreenAgent - 
++++++++++++++++++++++++++++++++++++++++++++++++++++++++++++++++++++++++++++++++
+ DevKit Extensions (0) used in this application 
                             +
++++++++++++++++++++++++++++++++++++++++++++++++++++++++++++++++++++++++++++++++
2018-12-03 09:30:29,393 [Mule.app.deployer.monitor.1.thread.1] INFO  org.mule.lifecycle.AbstractLifecycleManager - Starting model: _muleSystemModel
2018-12-03 09:30:29,395 [Mule.app.deployer.monitor.1.thread.1] INFO  org.mule.construct.FlowConstructLifecycleManager - Starting flow: messageregisterFlow
2018-12-03 09:30:29,395 [Mule.app.deployer.monitor.1.thread.1] INFO  org.mule.processor.SedaStageLifecycleManager - Starting service: messageregisterFlow.stage1
2018-12-03 09:30:29,398 [Mule.app.deployer.monitor.1.thread.1] INFO  org.mule.component.ComponentLifecycleManager - Starting component: component.1563681534
2018-12-03 09:30:29,400 [Mule.app.deployer.monitor.1.thread.1] INFO  org.mule.transport.ajax.embedded.AjaxConnector - Registering listener: messageregisterFlow on endpointUri: ajax:///register/message
2018-12-03 09:30:29,400 [Mule.app.deployer.monitor.1.thread.1] INFO  org.mule.transport.service.DefaultTransportServiceDescriptor - Loading default response transformer: org.mule.module.json.transformers.ObjectToJson
2018-12-03 09:30:29,401 [Mule.app.deployer.monitor.1.thread.1] INFO  org.mule.lifecycle.AbstractLifecycleManager - Initialising: 'null'. Object is: AjaxMessageReceiver
2018-12-03 09:30:29,419 [Mule.app.deployer.monitor.1.thread.1] INFO  org.mule.transport.ajax.AjaxMessageReceiver - Connecting clusterizable message receiver
2018-12-03 09:30:29,419 [Mule.app.deployer.monitor.1.thread.1] INFO  org.mule.transport.ajax.embedded.AjaxConnector - Connected: AjaxConnector
{
  name=Ajax
  lifecycle=initialise
  this=c11b494
  numberOfConcurrentTransactedReceivers=4
  createMultipleTransactedReceivers=true
  connected=true
  supportedProtocols=[ajax]
  serviceOverrides=<none>
}

2018-12-03 09:30:29,419 [Mule.app.deployer.monitor.1.thread.1] INFO  org.mule.transport.ajax.embedded.AjaxConnector - Starting: AjaxConnector
{
  name=Ajax
  lifecycle=initialise
  this=c11b494
  numberOfConcurrentTransactedReceivers=4
  createMultipleTransactedReceivers=true
  connected=true
  supportedProtocols=[ajax]
  serviceOverrides=<none>
}

2018-12-03 09:30:29,419 [Mule.app.deployer.monitor.1.thread.1] INFO  org.mule.lifecycle.AbstractLifecycleManager - Starting connector: Ajax
2018-12-03 09:30:29,420 [Mule.app.deployer.monitor.1.thread.1] INFO  org.eclipse.jetty - jetty-9.0.7.v20131107
2018-12-03 09:30:29,423 [Mule.app.deployer.monitor.1.thread.1] INFO  org.eclipse.jetty - JSONCommented is deprecated
2018-12-03 09:30:29,425 [Mule.app.deployer.monitor.1.thread.1] INFO  org.eclipse.jetty - Started o.e.j.s.ServletContextHandler@6d9b88dc{/,null,AVAILABLE,@localhost:8081}
2018-12-03 09:30:29,426 [Mule.app.deployer.monitor.1.thread.1] INFO  org.eclipse.jetty - Started o.e.j.s.ServletContextHandler@453a02b8{/registerMessages,file:/Users/juan/Documents/AnypointStudio/workspace/messageregister/src/main/app/docroot/,AVAILABLE}
2018-12-03 09:30:29,442 [Mule.app.deployer.monitor.1.thread.1] INFO  org.eclipse.jetty - Started localhost:8081@490f75fe{HTTP/1.1}{localhost:8081}
2018-12-03 09:30:29,446 [Mule.app.deployer.monitor.1.thread.1] INFO  org.mule.lifecycle.AbstractLifecycleManager - Starting: 'null'. Object is: AjaxMessageReceiver
2018-12-03 09:30:29,446 [Mule.app.deployer.monitor.1.thread.1] INFO  org.mule.transport.ajax.AjaxMessageReceiver - Starting clusterizable message receiver
2018-12-03 09:30:29,447 [Mule.app.deployer.monitor.1.thread.1] INFO  org.mule.module.management.agent.WrapperManagerAgent - This JVM hasn't been launched by the wrapper, the agent will not run.
2018-12-03 09:30:29,461 [Mule.app.deployer.monitor.1.thread.1] INFO  org.mule.module.management.agent.AbstractJmxAgent - Attempting to register service with name: Mule.messageregister:type=Endpoint,service="messageregisterFlow",connector=Ajax,name="endpoint.ajax.register.message"
2018-12-03 09:30:29,461 [Mule.app.deployer.monitor.1.thread.1] INFO  org.mule.module.management.agent.AbstractJmxAgent - Registered Endpoint Service with name: Mule.messageregister:type=Endpoint,service="messageregisterFlow",connector=Ajax,name="endpoint.ajax.register.message"
2018-12-03 09:30:29,463 [Mule.app.deployer.monitor.1.thread.1] INFO  org.mule.module.management.agent.AbstractJmxAgent - Registered Connector Service with name Mule.messageregister:type=Connector,name="Ajax.1"
2018-12-03 09:30:29,464 [Mule.app.deployer.monitor.1.thread.1] INFO  org.mule.module.management.agent.AbstractJmxAgent - Registered Connector Service with name Mule.messageregister:type=Connector,name="File.1"
2018-12-03 09:30:29,464 [Mule.app.deployer.monitor.1.thread.1] INFO  org.mule.module.management.agent.AbstractJmxAgent - Registered Connector Service with name Mule.messageregister:type=Connector,name="connector.http.mule.default.1"
2018-12-03 09:30:29,468 [Mule.app.deployer.monitor.1.thread.1] INFO  org.mule.DefaultMuleContext - 
**********************************************************************
* Application: messageregister                                       *
* OS encoding: /, Mule encoding: UTF-8                               *
*                                                                    *
* Agents Running:                                                    *
*   JMX Agent                                                        *
*   DevKit Extension Information                                     *
*   Batch module default engine                                      *
*   Wrapper Manager                                                  *
**********************************************************************
2018-12-03 09:30:33,916 [main] INFO  org.mule.module.launcher.application.DefaultMuleApplication - 
++++++++++++++++++++++++++++++++++++++++++++++++++++++++++++
+ Initializing app 'messageregister'                       +
++++++++++++++++++++++++++++++++++++++++++++++++++++++++++++
2018-12-03 09:30:34,059 [main] INFO  org.mule.lifecycle.AbstractLifecycleManager - Initialising RegistryBroker
2018-12-03 09:30:34,165 [main] INFO  org.mule.module.extension.internal.manager.DefaultExtensionManager - Starting discovery of extensions
2018-12-03 09:30:34,298 [main] INFO  org.mule.module.extension.internal.manager.DefaultExtensionManager - Discovered 1 extensions
2018-12-03 09:30:34,299 [main] INFO  org.mule.module.extension.internal.manager.DefaultExtensionManager - Registering extension validation (version 3.8)
2018-12-03 09:30:34,376 [main] INFO  org.mule.config.spring.MuleArtifactContext - Refreshing org.mule.config.spring.MuleArtifactContext@69c79f09: startup date [Mon Dec 03 09:30:34 CET 2018]; root of context hierarchy
2018-12-03 09:30:36,329 [main] INFO  org.mule.config.spring.processors.NoDevkitInjectorProcessor - JSR-330 'javax.inject.Inject' annotation found and supported for autowiring
2018-12-03 09:30:37,836 [main] WARN  org.mule.module.ognl.expression.OgnlExpressionEvaluator - OGNL module is deprecated and will be removed in Mule 4.0. Use MEL expressions instead.
2018-12-03 09:30:38,214 [main] INFO  org.mule.util.journal.TransactionJournal - Using files for tx logs /Users/juan/Documents/AnypointStudio/workspace/.mule/./.mule/messageregister/queue-tx-log/tx1.log and /Users/juan/Documents/AnypointStudio/workspace/.mule/./.mule/messageregister/queue-tx-log/tx2.log
2018-12-03 09:30:38,230 [main] INFO  org.mule.util.journal.TransactionJournal - Using files for tx logs /Users/juan/Documents/AnypointStudio/workspace/.mule/./.mule/messageregister/queue-xa-tx-log/tx1.log and /Users/juan/Documents/AnypointStudio/workspace/.mule/./.mule/messageregister/queue-xa-tx-log/tx2.log
2018-12-03 09:30:38,234 [main] INFO  org.mule.lifecycle.AbstractLifecycleManager - Initialising connector: Ajax
2018-12-03 09:30:38,427 [main] WARN  org.mule.transport.http.HttpConnector - HTTP transport is deprecated and will be removed in Mule 4.0. Use HTTP module instead.
2018-12-03 09:30:38,531 [main] INFO  org.mule.lifecycle.AbstractLifecycleManager - Initialising connector: File
2018-12-03 09:30:38,569 [main] INFO  org.mule.lifecycle.AbstractLifecycleManager - Initialising connector: connector.http.mule.default
2018-12-03 09:30:38,768 [main] INFO  org.mule.lifecycle.AbstractLifecycleManager - Initialising model: _muleSystemModel
2018-12-03 09:30:38,774 [main] INFO  org.mule.construct.FlowConstructLifecycleManager - Initialising flow: messageregisterFlow
2018-12-03 09:30:38,775 [main] INFO  org.mule.exception.DefaultMessagingExceptionStrategy - Initialising exception listener: org.mule.exception.DefaultMessagingExceptionStrategy@2fd64b11
2018-12-03 09:30:38,806 [main] INFO  org.mule.processor.SedaStageLifecycleManager - Initialising service: messageregisterFlow.stage1
2018-12-03 09:30:38,815 [main] INFO  org.mule.component.ComponentLifecycleManager - Initialising component: component.110233108
2018-12-03 09:30:39,428 [main] INFO  org.mule.config.spring.SpringXmlConfigurationBuilder - Configured Mule using "org.mule.config.spring.SpringXmlConfigurationBuilder" with configuration resource(s): "[ConfigResource{resourceName='/Users/juan/Documents/AnypointStudio/workspace/.mule/apps/messageregister/messageregister.xml'}]"
2018-12-03 09:30:39,429 [main] INFO  org.mule.config.builders.AutoConfigurationBuilder - Configured Mule using "org.mule.config.builders.AutoConfigurationBuilder" with configuration resource(s): "[ConfigResource{resourceName='/Users/juan/Documents/AnypointStudio/workspace/.mule/apps/messageregister/messageregister.xml'}]"
2018-12-03 09:30:39,778 [main] INFO  org.mule.module.launcher.application.DefaultMuleApplication - 
++++++++++++++++++++++++++++++++++++++++++++++++++++++++++++
+ Starting app 'messageregister'                           +
++++++++++++++++++++++++++++++++++++++++++++++++++++++++++++
2018-12-03 09:30:39,785 [main] INFO  org.mule.util.queue.QueueXaResourceManager - Starting ResourceManager
2018-12-03 09:30:39,787 [main] INFO  org.mule.util.queue.QueueXaResourceManager - Started ResourceManager
2018-12-03 09:30:39,810 [main] INFO  org.mule.transport.ajax.embedded.AjaxConnector - Connector not started because 'initialStateStopped' is true
2018-12-03 09:30:39,815 [main] INFO  org.mule.transport.file.FileConnector - Connected: FileConnector
{
  name=File
  lifecycle=initialise
  this=7c781c42
  numberOfConcurrentTransactedReceivers=4
  createMultipleTransactedReceivers=true
  connected=true
  supportedProtocols=[file]
  serviceOverrides=<none>
}

2018-12-03 09:30:39,815 [main] INFO  org.mule.transport.file.FileConnector - Starting: FileConnector
{
  name=File
  lifecycle=initialise
  this=7c781c42
  numberOfConcurrentTransactedReceivers=4
  createMultipleTransactedReceivers=true
  connected=true
  supportedProtocols=[file]
  serviceOverrides=<none>
}

2018-12-03 09:30:39,816 [main] INFO  org.mule.lifecycle.AbstractLifecycleManager - Starting connector: File
2018-12-03 09:30:39,818 [main] INFO  org.mule.transport.http.HttpConnector - Connected: HttpConnector
{
  name=connector.http.mule.default
  lifecycle=initialise
  this=cb39552
  numberOfConcurrentTransactedReceivers=4
  createMultipleTransactedReceivers=true
  connected=true
  supportedProtocols=[http]
  serviceOverrides=<none>
}

2018-12-03 09:30:39,820 [main] INFO  org.mule.transport.http.HttpConnector - Starting: HttpConnector
{
  name=connector.http.mule.default
  lifecycle=initialise
  this=cb39552
  numberOfConcurrentTransactedReceivers=4
  createMultipleTransactedReceivers=true
  connected=true
  supportedProtocols=[http]
  serviceOverrides=<none>
}

2018-12-03 09:30:39,820 [main] INFO  org.mule.lifecycle.AbstractLifecycleManager - Starting connector: connector.http.mule.default
2018-12-03 09:30:39,823 [main] INFO  org.mule.modules.oauth2.provider.agents.DefaultSplashScreenAgent - 
++++++++++++++++++++++++++++++++++++++++++++++++++++++++++++++++++++++++++++++++
+ DevKit Extensions (0) used in this application 
                             +
++++++++++++++++++++++++++++++++++++++++++++++++++++++++++++++++++++++++++++++++
2018-12-03 09:30:39,828 [main] INFO  org.mule.lifecycle.AbstractLifecycleManager - Starting model: _muleSystemModel
2018-12-03 09:30:39,830 [main] INFO  org.mule.construct.FlowConstructLifecycleManager - Starting flow: messageregisterFlow
2018-12-03 09:30:39,831 [main] INFO  org.mule.processor.SedaStageLifecycleManager - Starting service: messageregisterFlow.stage1
2018-12-03 09:30:39,839 [main] INFO  org.mule.component.ComponentLifecycleManager - Starting component: component.110233108
2018-12-03 09:30:39,874 [main] INFO  org.mule.transport.ajax.embedded.AjaxConnector - Registering listener: messageregisterFlow on endpointUri: ajax:///register/message
2018-12-03 09:30:39,887 [main] INFO  org.mule.transport.service.DefaultTransportServiceDescriptor - Loading default response transformer: org.mule.module.json.transformers.ObjectToJson
2018-12-03 09:30:39,900 [main] INFO  org.mule.lifecycle.AbstractLifecycleManager - Initialising: 'null'. Object is: AjaxMessageReceiver
2018-12-03 09:30:39,983 [main] INFO  org.mule.transport.ajax.AjaxMessageReceiver - Connecting clusterizable message receiver
2018-12-03 09:30:39,983 [main] INFO  org.mule.transport.ajax.embedded.AjaxConnector - Connected: AjaxConnector
{
  name=Ajax
  lifecycle=initialise
  this=1386313f
  numberOfConcurrentTransactedReceivers=4
  createMultipleTransactedReceivers=true
  connected=true
  supportedProtocols=[ajax]
  serviceOverrides=<none>
}

2018-12-03 09:30:39,983 [main] INFO  org.mule.transport.ajax.embedded.AjaxConnector - Starting: AjaxConnector
{
  name=Ajax
  lifecycle=initialise
  this=1386313f
  numberOfConcurrentTransactedReceivers=4
  createMultipleTransactedReceivers=true
  connected=true
  supportedProtocols=[ajax]
  serviceOverrides=<none>
}

2018-12-03 09:30:39,983 [main] INFO  org.mule.lifecycle.AbstractLifecycleManager - Starting connector: Ajax
2018-12-03 09:30:39,989 [main] INFO  org.eclipse.jetty - jetty-9.0.7.v20131107
2018-12-03 09:30:40,179 [main] INFO  org.mortbay.log - Logging to org.apache.logging.slf4j.Log4jLogger@33f2cfda via org.mortbay.log.Slf4jLog
2018-12-03 09:30:40,227 [main] INFO  org.eclipse.jetty - JSONCommented is deprecated
2018-12-03 09:30:40,241 [main] INFO  org.eclipse.jetty - Started o.e.j.s.ServletContextHandler@64b018f3{/,null,AVAILABLE,@localhost:8081}
2018-12-03 09:30:40,242 [main] INFO  org.eclipse.jetty - Started o.e.j.s.ServletContextHandler@20801cbb{/registerMessages,file:/Users/juan/Documents/AnypointStudio/workspace/messageregister/src/main/app/docroot/,AVAILABLE}
2018-12-03 09:30:40,301 [main] INFO  org.eclipse.jetty - Started localhost:8081@5e2285e3{HTTP/1.1}{localhost:8081}
2018-12-03 09:30:40,303 [main] INFO  org.mule.lifecycle.AbstractLifecycleManager - Starting: 'null'. Object is: AjaxMessageReceiver
2018-12-03 09:30:40,303 [main] INFO  org.mule.transport.ajax.AjaxMessageReceiver - Starting clusterizable message receiver
2018-12-03 09:30:40,336 [main] INFO  org.mule.module.management.agent.WrapperManagerAgent - This JVM hasn't been launched by the wrapper, the agent will not run.
2018-12-03 09:30:40,375 [main] INFO  org.mule.module.management.agent.AbstractJmxAgent - Attempting to register service with name: Mule.messageregister:type=Endpoint,service="messageregisterFlow",connector=Ajax,name="endpoint.ajax.register.message"
2018-12-03 09:30:40,376 [main] INFO  org.mule.module.management.agent.AbstractJmxAgent - Registered Endpoint Service with name: Mule.messageregister:type=Endpoint,service="messageregisterFlow",connector=Ajax,name="endpoint.ajax.register.message"
2018-12-03 09:30:40,377 [main] INFO  org.mule.module.management.agent.AbstractJmxAgent - Registered Connector Service with name Mule.messageregister:type=Connector,name="Ajax.1"
2018-12-03 09:30:40,378 [main] INFO  org.mule.module.management.agent.AbstractJmxAgent - Registered Connector Service with name Mule.messageregister:type=Connector,name="File.1"
2018-12-03 09:30:40,378 [main] INFO  org.mule.module.management.agent.AbstractJmxAgent - Registered Connector Service with name Mule.messageregister:type=Connector,name="connector.http.mule.default.1"
2018-12-03 09:30:40,382 [main] INFO  org.mule.DefaultMuleContext - 
**********************************************************************
* Application: messageregister                                       *
* OS encoding: /, Mule encoding: UTF-8                               *
*                                                                    *
* Agents Running:                                                    *
*   JMX Agent                                                        *
*   DevKit Extension Information                                     *
*   Batch module default engine                                      *
*   Wrapper Manager                                                  *
**********************************************************************
2018-12-03 09:30:53,264 [qtp38027658-41] INFO  org.mule.component.simple.LogComponent - 
********************************************************************************
* Message received in service: messageregisterFlow. Content is: 'saludos'      *
********************************************************************************
2018-12-03 09:30:53,289 [qtp38027658-41] INFO  org.mule.lifecycle.AbstractLifecycleManager - Initialising: 'File.dispatcher.151604976'. Object is: FileMessageDispatcher
2018-12-03 09:30:53,297 [qtp38027658-41] INFO  org.mule.lifecycle.AbstractLifecycleManager - Starting: 'File.dispatcher.151604976'. Object is: FileMessageDispatcher
2018-12-03 09:31:35,448 [Mule.app.deployer.monitor.1.thread.1] INFO  org.mule.module.launcher.application.DefaultMuleApplication - 
++++++++++++++++++++++++++++++++++++++++++++++++++++++++++++
+ Stopping app 'messageregister'                           +
++++++++++++++++++++++++++++++++++++++++++++++++++++++++++++
2018-12-03 09:31:35,451 [Mule.app.deployer.monitor.1.thread.1] INFO  org.mule.construct.FlowConstructLifecycleManager - Stopping flow: messageregisterFlow
2018-12-03 09:31:35,451 [Mule.app.deployer.monitor.1.thread.1] INFO  org.mule.transport.ajax.embedded.AjaxConnector - Removing listener on endpointUri: ajax:///register/message
2018-12-03 09:31:35,455 [Mule.app.deployer.monitor.1.thread.1] INFO  org.mule.lifecycle.AbstractLifecycleManager - Stopping: 'null'. Object is: AjaxMessageReceiver
2018-12-03 09:31:35,457 [Mule.app.deployer.monitor.1.thread.1] INFO  org.mule.lifecycle.AbstractLifecycleManager - Disposing: 'null'. Object is: AjaxMessageReceiver
2018-12-03 09:31:35,458 [Mule.app.deployer.monitor.1.thread.1] INFO  org.mule.processor.SedaStageLifecycleManager - Stopping service: messageregisterFlow.stage1
2018-12-03 09:31:35,620 [Mule.app.deployer.monitor.1.thread.1] INFO  org.mule.component.ComponentLifecycleManager - Stopping component: component.110233108
2018-12-03 09:31:35,622 [Mule.app.deployer.monitor.1.thread.1] INFO  org.mule.lifecycle.AbstractLifecycleManager - Stopping model: _muleSystemModel
2018-12-03 09:31:35,630 [Mule.app.deployer.monitor.1.thread.1] INFO  org.mule.lifecycle.AbstractLifecycleManager - Stopping connector: Ajax
2018-12-03 09:31:35,644 [Mule.app.deployer.monitor.1.thread.1] INFO  org.eclipse.jetty - Stopped localhost:8081@5e2285e3{HTTP/1.1}{localhost:8081}
2018-12-03 09:31:35,652 [Mule.app.deployer.monitor.1.thread.1] INFO  org.eclipse.jetty - Stopped o.e.j.s.ServletContextHandler@20801cbb{/registerMessages,file:/Users/juan/Documents/AnypointStudio/workspace/messageregister/src/main/app/docroot/,UNAVAILABLE}
2018-12-03 09:31:35,657 [qtp38027658-35] WARN  org.eclipse.jetty - /ajax/cometd
java.lang.IllegalStateException: STREAM
	at org.eclipse.jetty.server.Response.getWriter(Response.java:720) ~[jetty-server-9.0.7.v20131107.jar:9.0.7.v20131107]
	at org.mortbay.cometd.JSONTransport.send(JSONTransport.java:60) ~[cometd-server-6.1.26.jar:6.1.26]
	at org.mortbay.cometd.continuation.ContinuationCometdServlet.service(ContinuationCometdServlet.java:304) ~[cometd-server-6.1.26.jar:6.1.26]
	at org.mule.transport.ajax.container.MuleAjaxServlet.service(MuleAjaxServlet.java:105) ~[mule-transport-ajax-3.8.2.jar:3.8.2]
	at org.mortbay.cometd.AbstractCometdServlet.service(AbstractCometdServlet.java:265) ~[cometd-server-6.1.26.jar:6.1.26]
	at org.eclipse.jetty.servlet.ServletHolder.handle(ServletHolder.java:696) ~[jetty-servlet-9.0.7.v20131107.jar:9.0.7.v20131107]
	at org.eclipse.jetty.servlet.ServletHandler.doHandle(ServletHandler.java:521) ~[jetty-servlet-9.0.7.v20131107.jar:9.0.7.v20131107]
	at org.eclipse.jetty.server.handler.ContextHandler.doHandle(ContextHandler.java:1097) ~[jetty-server-9.0.7.v20131107.jar:9.0.7.v20131107]
	at org.eclipse.jetty.servlet.ServletHandler.doScope(ServletHandler.java:448) ~[jetty-servlet-9.0.7.v20131107.jar:9.0.7.v20131107]
	at org.eclipse.jetty.server.handler.ContextHandler.doScope(ContextHandler.java:1031) ~[jetty-server-9.0.7.v20131107.jar:9.0.7.v20131107]
	at org.eclipse.jetty.server.handler.ScopedHandler.handle(ScopedHandler.java:136) ~[jetty-server-9.0.7.v20131107.jar:9.0.7.v20131107]
	at org.eclipse.jetty.server.handler.ContextHandlerCollection.handle(ContextHandlerCollection.java:200) ~[jetty-server-9.0.7.v20131107.jar:9.0.7.v20131107]
	at org.eclipse.jetty.server.handler.HandlerWrapper.handle(HandlerWrapper.java:97) ~[jetty-server-9.0.7.v20131107.jar:9.0.7.v20131107]
	at org.eclipse.jetty.server.Server.handle(Server.java:446) ~[jetty-server-9.0.7.v20131107.jar:9.0.7.v20131107]
	at org.eclipse.jetty.server.HttpChannel.handle(HttpChannel.java:271) ~[jetty-server-9.0.7.v20131107.jar:9.0.7.v20131107]
	at org.eclipse.jetty.server.HttpConnection.onFillable(HttpConnection.java:246) ~[jetty-server-9.0.7.v20131107.jar:9.0.7.v20131107]
	at org.eclipse.jetty.io.AbstractConnection$ReadCallback.run(AbstractConnection.java:358) ~[jetty-io-9.0.7.v20131107.jar:9.0.7.v20131107]
	at org.eclipse.jetty.util.thread.QueuedThreadPool.runJob(QueuedThreadPool.java:601) ~[jetty-util-9.0.7.v20131107.jar:9.0.7.v20131107]
	at org.eclipse.jetty.util.thread.QueuedThreadPool$3.run(QueuedThreadPool.java:532) ~[jetty-util-9.0.7.v20131107.jar:9.0.7.v20131107]
	at java.lang.Thread.run(Thread.java:748) [?:1.8.0_191]
2018-12-03 09:31:35,657 [Mule.app.deployer.monitor.1.thread.1] INFO  org.eclipse.jetty - Stopped o.e.j.s.ServletContextHandler@64b018f3{/,null,UNAVAILABLE,@localhost:8081}
2018-12-03 09:31:35,675 [Mule.app.deployer.monitor.1.thread.1] INFO  org.mule.lifecycle.AbstractLifecycleManager - Stopping connector: File
2018-12-03 09:31:35,678 [Mule.app.deployer.monitor.1.thread.1] INFO  org.mule.lifecycle.AbstractLifecycleManager - Stopping: 'File.dispatcher.151604976'. Object is: FileMessageDispatcher
2018-12-03 09:31:35,679 [Mule.app.deployer.monitor.1.thread.1] INFO  org.mule.lifecycle.AbstractLifecycleManager - Disposing: 'File.dispatcher.151604976'. Object is: FileMessageDispatcher
2018-12-03 09:31:35,685 [Mule.app.deployer.monitor.1.thread.1] INFO  org.mule.lifecycle.AbstractLifecycleManager - Stopping connector: connector.http.mule.default
2018-12-03 09:31:35,690 [Mule.app.deployer.monitor.1.thread.1] INFO  org.mule.util.queue.QueueXaResourceManager - Stopping ResourceManager
2018-12-03 09:31:35,690 [Mule.app.deployer.monitor.1.thread.1] INFO  org.mule.util.queue.QueueXaResourceManager - Stopped ResourceManager
2018-12-03 09:31:35,697 [Mule.app.deployer.monitor.1.thread.1] INFO  org.mule.module.launcher.application.DefaultMuleApplication - 
++++++++++++++++++++++++++++++++++++++++++++++++++++++++++++
+ Disposing app 'messageregister'                          +
++++++++++++++++++++++++++++++++++++++++++++++++++++++++++++
2018-12-03 09:31:35,700 [Mule.app.deployer.monitor.1.thread.1] INFO  org.mule.lifecycle.AbstractLifecycleManager - Disposing RegistryBroker
2018-12-03 09:31:35,702 [Mule.app.deployer.monitor.1.thread.1] INFO  org.mule.construct.FlowConstructLifecycleManager - Disposing flow: messageregisterFlow
2018-12-03 09:31:35,703 [Mule.app.deployer.monitor.1.thread.1] INFO  org.mule.processor.SedaStageLifecycleManager - Disposing service: messageregisterFlow.stage1
2018-12-03 09:31:35,704 [Mule.app.deployer.monitor.1.thread.1] INFO  org.mule.component.ComponentLifecycleManager - Disposing component: component.110233108
2018-12-03 09:31:35,707 [Mule.app.deployer.monitor.1.thread.1] INFO  org.mule.lifecycle.AbstractLifecycleManager - Disposing model: _muleSystemModel
2018-12-03 09:31:35,711 [Mule.app.deployer.monitor.1.thread.1] INFO  org.mule.transport.ajax.embedded.AjaxConnector - Disconnected: AjaxConnector
{
  name=Ajax
  lifecycle=stop
  this=1386313f
  numberOfConcurrentTransactedReceivers=4
  createMultipleTransactedReceivers=true
  connected=true
  supportedProtocols=[ajax]
  serviceOverrides=<none>
}

2018-12-03 09:31:35,712 [Mule.app.deployer.monitor.1.thread.1] INFO  org.mule.lifecycle.AbstractLifecycleManager - Disposing connector: Ajax
2018-12-03 09:31:35,715 [Mule.app.deployer.monitor.1.thread.1] INFO  org.mule.transport.file.FileConnector - Disconnected: FileConnector
{
  name=File
  lifecycle=stop
  this=7c781c42
  numberOfConcurrentTransactedReceivers=4
  createMultipleTransactedReceivers=true
  connected=true
  supportedProtocols=[file]
  serviceOverrides=<none>
}

2018-12-03 09:31:35,715 [Mule.app.deployer.monitor.1.thread.1] INFO  org.mule.lifecycle.AbstractLifecycleManager - Disposing connector: File
2018-12-03 09:31:35,717 [Mule.app.deployer.monitor.1.thread.1] INFO  org.mule.transport.http.HttpConnector - Disconnected: HttpConnector
{
  name=connector.http.mule.default
  lifecycle=stop
  this=cb39552
  numberOfConcurrentTransactedReceivers=4
  createMultipleTransactedReceivers=true
  connected=true
  supportedProtocols=[http]
  serviceOverrides=<none>
}

2018-12-03 09:31:35,718 [Mule.app.deployer.monitor.1.thread.1] INFO  org.mule.lifecycle.AbstractLifecycleManager - Disposing connector: connector.http.mule.default
2018-12-03 09:31:35,719 [Mule.app.deployer.monitor.1.thread.1] INFO  org.mule.util.monitor.ExpiryMonitor - disposing monitor
2018-12-03 09:31:35,901 [Mule.app.deployer.monitor.1.thread.1] INFO  org.mule.config.spring.MuleArtifactContext - Closing org.mule.config.spring.MuleArtifactContext@69c79f09: startup date [Mon Dec 03 09:30:34 CET 2018]; root of context hierarchy
2018-12-03 09:31:35,918 [Mule.app.deployer.monitor.1.thread.1] INFO  org.mule.DefaultMuleContext - 
**********************************************************************
* Application "messageregister" shut down normally on: 12/3/18 9:31  *
* AM                                                                 *
* Up for: 0 days, 0 hours, 0 mins, 56.139 sec                        *
**********************************************************************
2018-12-03 09:31:36,123 [Mule.app.deployer.monitor.1.thread.1] INFO  org.mule.module.launcher.application.DefaultMuleApplication - 
++++++++++++++++++++++++++++++++++++++++++++++++++++++++++++
+ Initializing app 'messageregister'                       +
++++++++++++++++++++++++++++++++++++++++++++++++++++++++++++
2018-12-03 09:31:36,139 [Mule.app.deployer.monitor.1.thread.1] WARN  com.mulesoft.module.client.APIPlatformClientCoreExtension - Client ID or Client Secret were not provided. API Manager client is DISABLED for app messageregister
2018-12-03 09:31:36,143 [Mule.app.deployer.monitor.1.thread.1] INFO  org.mule.lifecycle.AbstractLifecycleManager - Initialising RegistryBroker
2018-12-03 09:31:36,152 [Mule.app.deployer.monitor.1.thread.1] INFO  org.mule.module.extension.internal.manager.DefaultExtensionManager - Starting discovery of extensions
2018-12-03 09:31:36,171 [Mule.app.deployer.monitor.1.thread.1] INFO  org.mule.module.extension.internal.manager.DefaultExtensionManager - Discovered 1 extensions
2018-12-03 09:31:36,171 [Mule.app.deployer.monitor.1.thread.1] INFO  org.mule.module.extension.internal.manager.DefaultExtensionManager - Registering extension validation (version 3.8)
2018-12-03 09:31:36,176 [Mule.app.deployer.monitor.1.thread.1] INFO  org.mule.config.spring.MuleArtifactContext - Refreshing org.mule.config.spring.MuleArtifactContext@50cb258a: startup date [Mon Dec 03 09:31:36 CET 2018]; root of context hierarchy
2018-12-03 09:31:36,702 [Mule.app.deployer.monitor.1.thread.1] INFO  org.mule.config.spring.processors.NoDevkitInjectorProcessor - JSR-330 'javax.inject.Inject' annotation found and supported for autowiring
2018-12-03 09:31:36,904 [Mule.app.deployer.monitor.1.thread.1] INFO  org.mule.util.journal.TransactionJournal - Using files for tx logs /Users/juan/Documents/AnypointStudio/workspace/.mule/./.mule/messageregister/queue-tx-log/tx1.log and /Users/juan/Documents/AnypointStudio/workspace/.mule/./.mule/messageregister/queue-tx-log/tx2.log
2018-12-03 09:31:36,905 [Mule.app.deployer.monitor.1.thread.1] INFO  org.mule.util.journal.TransactionJournal - Using files for tx logs /Users/juan/Documents/AnypointStudio/workspace/.mule/./.mule/messageregister/queue-xa-tx-log/tx1.log and /Users/juan/Documents/AnypointStudio/workspace/.mule/./.mule/messageregister/queue-xa-tx-log/tx2.log
2018-12-03 09:31:36,907 [Mule.app.deployer.monitor.1.thread.1] INFO  org.mule.lifecycle.AbstractLifecycleManager - Initialising connector: Ajax
2018-12-03 09:31:36,961 [Mule.app.deployer.monitor.1.thread.1] INFO  org.mule.lifecycle.AbstractLifecycleManager - Initialising connector: File
2018-12-03 09:31:36,993 [Mule.app.deployer.monitor.1.thread.1] INFO  org.mule.lifecycle.AbstractLifecycleManager - Initialising connector: connector.http.mule.default
2018-12-03 09:31:37,052 [Mule.app.deployer.monitor.1.thread.1] INFO  org.mule.lifecycle.AbstractLifecycleManager - Initialising model: _muleSystemModel
2018-12-03 09:31:37,054 [Mule.app.deployer.monitor.1.thread.1] INFO  org.mule.construct.FlowConstructLifecycleManager - Initialising flow: messageregisterFlow
2018-12-03 09:31:37,054 [Mule.app.deployer.monitor.1.thread.1] INFO  org.mule.exception.DefaultMessagingExceptionStrategy - Initialising exception listener: org.mule.exception.DefaultMessagingExceptionStrategy@6c69b64d
2018-12-03 09:31:37,059 [Mule.app.deployer.monitor.1.thread.1] INFO  org.mule.processor.SedaStageLifecycleManager - Initialising service: messageregisterFlow.stage1
2018-12-03 09:31:37,060 [Mule.app.deployer.monitor.1.thread.1] INFO  org.mule.component.ComponentLifecycleManager - Initialising component: component.1204111396
2018-12-03 09:31:37,100 [Mule.app.deployer.monitor.1.thread.1] INFO  org.mule.config.spring.SpringXmlConfigurationBuilder - Configured Mule using "org.mule.config.spring.SpringXmlConfigurationBuilder" with configuration resource(s): "[ConfigResource{resourceName='/Users/juan/Documents/AnypointStudio/workspace/.mule/apps/messageregister/messageregister.xml'}]"
2018-12-03 09:31:37,100 [Mule.app.deployer.monitor.1.thread.1] INFO  org.mule.config.builders.AutoConfigurationBuilder - Configured Mule using "org.mule.config.builders.AutoConfigurationBuilder" with configuration resource(s): "[ConfigResource{resourceName='/Users/juan/Documents/AnypointStudio/workspace/.mule/apps/messageregister/messageregister.xml'}]"
2018-12-03 09:31:40,114 [Mule.app.deployer.monitor.1.thread.1] INFO  org.mule.module.launcher.application.DefaultMuleApplication - 
++++++++++++++++++++++++++++++++++++++++++++++++++++++++++++
+ Starting app 'messageregister'                           +
++++++++++++++++++++++++++++++++++++++++++++++++++++++++++++
2018-12-03 09:31:40,116 [Mule.app.deployer.monitor.1.thread.1] INFO  org.mule.util.queue.QueueXaResourceManager - Starting ResourceManager
2018-12-03 09:31:40,116 [Mule.app.deployer.monitor.1.thread.1] INFO  org.mule.util.queue.QueueXaResourceManager - Started ResourceManager
2018-12-03 09:31:40,122 [Mule.app.deployer.monitor.1.thread.1] INFO  org.mule.transport.ajax.embedded.AjaxConnector - Connector not started because 'initialStateStopped' is true
2018-12-03 09:31:40,122 [Mule.app.deployer.monitor.1.thread.1] INFO  org.mule.transport.file.FileConnector - Connected: FileConnector
{
  name=File
  lifecycle=initialise
  this=5c057a4e
  numberOfConcurrentTransactedReceivers=4
  createMultipleTransactedReceivers=true
  connected=true
  supportedProtocols=[file]
  serviceOverrides=<none>
}

2018-12-03 09:31:40,122 [Mule.app.deployer.monitor.1.thread.1] INFO  org.mule.transport.file.FileConnector - Starting: FileConnector
{
  name=File
  lifecycle=initialise
  this=5c057a4e
  numberOfConcurrentTransactedReceivers=4
  createMultipleTransactedReceivers=true
  connected=true
  supportedProtocols=[file]
  serviceOverrides=<none>
}

2018-12-03 09:31:40,122 [Mule.app.deployer.monitor.1.thread.1] INFO  org.mule.lifecycle.AbstractLifecycleManager - Starting connector: File
2018-12-03 09:31:40,122 [Mule.app.deployer.monitor.1.thread.1] INFO  org.mule.transport.http.HttpConnector - Connected: HttpConnector
{
  name=connector.http.mule.default
  lifecycle=initialise
  this=46dea006
  numberOfConcurrentTransactedReceivers=4
  createMultipleTransactedReceivers=true
  connected=true
  supportedProtocols=[http]
  serviceOverrides=<none>
}

2018-12-03 09:31:40,122 [Mule.app.deployer.monitor.1.thread.1] INFO  org.mule.transport.http.HttpConnector - Starting: HttpConnector
{
  name=connector.http.mule.default
  lifecycle=initialise
  this=46dea006
  numberOfConcurrentTransactedReceivers=4
  createMultipleTransactedReceivers=true
  connected=true
  supportedProtocols=[http]
  serviceOverrides=<none>
}

2018-12-03 09:31:40,122 [Mule.app.deployer.monitor.1.thread.1] INFO  org.mule.lifecycle.AbstractLifecycleManager - Starting connector: connector.http.mule.default
2018-12-03 09:31:40,125 [Mule.app.deployer.monitor.1.thread.1] INFO  org.mule.modules.oauth2.provider.agents.DefaultSplashScreenAgent - 
++++++++++++++++++++++++++++++++++++++++++++++++++++++++++++++++++++++++++++++++
+ DevKit Extensions (0) used in this application 
                             +
++++++++++++++++++++++++++++++++++++++++++++++++++++++++++++++++++++++++++++++++
2018-12-03 09:31:40,128 [Mule.app.deployer.monitor.1.thread.1] INFO  org.mule.lifecycle.AbstractLifecycleManager - Starting model: _muleSystemModel
2018-12-03 09:31:40,129 [Mule.app.deployer.monitor.1.thread.1] INFO  org.mule.construct.FlowConstructLifecycleManager - Starting flow: messageregisterFlow
2018-12-03 09:31:40,129 [Mule.app.deployer.monitor.1.thread.1] INFO  org.mule.processor.SedaStageLifecycleManager - Starting service: messageregisterFlow.stage1
2018-12-03 09:31:40,132 [Mule.app.deployer.monitor.1.thread.1] INFO  org.mule.component.ComponentLifecycleManager - Starting component: component.1204111396
2018-12-03 09:31:40,134 [Mule.app.deployer.monitor.1.thread.1] INFO  org.mule.transport.ajax.embedded.AjaxConnector - Registering listener: messageregisterFlow on endpointUri: ajax:///register/message
2018-12-03 09:31:40,134 [Mule.app.deployer.monitor.1.thread.1] INFO  org.mule.transport.service.DefaultTransportServiceDescriptor - Loading default response transformer: org.mule.module.json.transformers.ObjectToJson
2018-12-03 09:31:40,134 [Mule.app.deployer.monitor.1.thread.1] INFO  org.mule.lifecycle.AbstractLifecycleManager - Initialising: 'null'. Object is: AjaxMessageReceiver
2018-12-03 09:31:40,152 [Mule.app.deployer.monitor.1.thread.1] INFO  org.mule.transport.ajax.AjaxMessageReceiver - Connecting clusterizable message receiver
2018-12-03 09:31:40,152 [Mule.app.deployer.monitor.1.thread.1] INFO  org.mule.transport.ajax.embedded.AjaxConnector - Connected: AjaxConnector
{
  name=Ajax
  lifecycle=initialise
  this=3e9a2d3a
  numberOfConcurrentTransactedReceivers=4
  createMultipleTransactedReceivers=true
  connected=true
  supportedProtocols=[ajax]
  serviceOverrides=<none>
}

2018-12-03 09:31:40,154 [Mule.app.deployer.monitor.1.thread.1] INFO  org.mule.transport.ajax.embedded.AjaxConnector - Starting: AjaxConnector
{
  name=Ajax
  lifecycle=initialise
  this=3e9a2d3a
  numberOfConcurrentTransactedReceivers=4
  createMultipleTransactedReceivers=true
  connected=true
  supportedProtocols=[ajax]
  serviceOverrides=<none>
}

2018-12-03 09:31:40,155 [Mule.app.deployer.monitor.1.thread.1] INFO  org.mule.lifecycle.AbstractLifecycleManager - Starting connector: Ajax
2018-12-03 09:31:40,156 [Mule.app.deployer.monitor.1.thread.1] INFO  org.eclipse.jetty - jetty-9.0.7.v20131107
2018-12-03 09:31:40,160 [Mule.app.deployer.monitor.1.thread.1] INFO  org.eclipse.jetty - JSONCommented is deprecated
2018-12-03 09:31:40,162 [Mule.app.deployer.monitor.1.thread.1] INFO  org.eclipse.jetty - Started o.e.j.s.ServletContextHandler@62d290f5{/,null,AVAILABLE,@localhost:8081}
2018-12-03 09:31:40,163 [Mule.app.deployer.monitor.1.thread.1] INFO  org.eclipse.jetty - Started o.e.j.s.ServletContextHandler@27ed9753{/registerMessages,file:/Users/juan/Documents/AnypointStudio/workspace/messageregister/src/main/app/docroot/,AVAILABLE}
2018-12-03 09:31:40,167 [Mule.app.deployer.monitor.1.thread.1] INFO  org.eclipse.jetty - Started localhost:8081@399e014d{HTTP/1.1}{localhost:8081}
2018-12-03 09:31:40,168 [Mule.app.deployer.monitor.1.thread.1] INFO  org.mule.lifecycle.AbstractLifecycleManager - Starting: 'null'. Object is: AjaxMessageReceiver
2018-12-03 09:31:40,169 [Mule.app.deployer.monitor.1.thread.1] INFO  org.mule.transport.ajax.AjaxMessageReceiver - Starting clusterizable message receiver
2018-12-03 09:31:40,171 [Mule.app.deployer.monitor.1.thread.1] INFO  org.mule.module.management.agent.WrapperManagerAgent - This JVM hasn't been launched by the wrapper, the agent will not run.
2018-12-03 09:31:40,177 [Mule.app.deployer.monitor.1.thread.1] INFO  org.mule.module.management.agent.AbstractJmxAgent - Attempting to register service with name: Mule.messageregister:type=Endpoint,service="messageregisterFlow",connector=Ajax,name="endpoint.ajax.register.message"
2018-12-03 09:31:40,182 [Mule.app.deployer.monitor.1.thread.1] INFO  org.mule.module.management.agent.AbstractJmxAgent - Registered Endpoint Service with name: Mule.messageregister:type=Endpoint,service="messageregisterFlow",connector=Ajax,name="endpoint.ajax.register.message"
2018-12-03 09:31:40,185 [Mule.app.deployer.monitor.1.thread.1] INFO  org.mule.module.management.agent.AbstractJmxAgent - Registered Connector Service with name Mule.messageregister:type=Connector,name="Ajax.1"
2018-12-03 09:31:40,186 [Mule.app.deployer.monitor.1.thread.1] INFO  org.mule.module.management.agent.AbstractJmxAgent - Registered Connector Service with name Mule.messageregister:type=Connector,name="File.1"
2018-12-03 09:31:40,187 [Mule.app.deployer.monitor.1.thread.1] INFO  org.mule.module.management.agent.AbstractJmxAgent - Registered Connector Service with name Mule.messageregister:type=Connector,name="connector.http.mule.default.1"
2018-12-03 09:31:40,190 [Mule.app.deployer.monitor.1.thread.1] INFO  org.mule.DefaultMuleContext - 
**********************************************************************
* Application: messageregister                                       *
* OS encoding: /, Mule encoding: UTF-8                               *
*                                                                    *
* Agents Running:                                                    *
*   JMX Agent                                                        *
*   DevKit Extension Information                                     *
*   Batch module default engine                                      *
*   Wrapper Manager                                                  *
**********************************************************************
2018-12-03 09:37:30,019 [main] INFO  org.mule.module.launcher.application.DefaultMuleApplication - 
++++++++++++++++++++++++++++++++++++++++++++++++++++++++++++
+ Initializing app 'messageregister'                       +
++++++++++++++++++++++++++++++++++++++++++++++++++++++++++++
2018-12-03 09:37:30,371 [main] INFO  org.mule.lifecycle.AbstractLifecycleManager - Initialising RegistryBroker
2018-12-03 09:37:30,555 [main] INFO  org.mule.module.extension.internal.manager.DefaultExtensionManager - Starting discovery of extensions
2018-12-03 09:37:30,956 [main] INFO  org.mule.module.extension.internal.manager.DefaultExtensionManager - Discovered 1 extensions
2018-12-03 09:37:30,958 [main] INFO  org.mule.module.extension.internal.manager.DefaultExtensionManager - Registering extension validation (version 3.8)
2018-12-03 09:37:31,130 [main] INFO  org.mule.config.spring.MuleArtifactContext - Refreshing org.mule.config.spring.MuleArtifactContext@69c79f09: startup date [Mon Dec 03 09:37:31 CET 2018]; root of context hierarchy
2018-12-03 09:37:33,445 [main] INFO  org.mule.config.spring.processors.NoDevkitInjectorProcessor - JSR-330 'javax.inject.Inject' annotation found and supported for autowiring
2018-12-03 09:37:34,740 [main] WARN  org.mule.module.ognl.expression.OgnlExpressionEvaluator - OGNL module is deprecated and will be removed in Mule 4.0. Use MEL expressions instead.
2018-12-03 09:37:34,969 [main] INFO  org.mule.util.journal.TransactionJournal - Using files for tx logs /Users/juan/Documents/AnypointStudio/workspace/.mule/./.mule/messageregister/queue-tx-log/tx1.log and /Users/juan/Documents/AnypointStudio/workspace/.mule/./.mule/messageregister/queue-tx-log/tx2.log
2018-12-03 09:37:34,984 [main] INFO  org.mule.util.journal.TransactionJournal - Using files for tx logs /Users/juan/Documents/AnypointStudio/workspace/.mule/./.mule/messageregister/queue-xa-tx-log/tx1.log and /Users/juan/Documents/AnypointStudio/workspace/.mule/./.mule/messageregister/queue-xa-tx-log/tx2.log
2018-12-03 09:37:34,989 [main] INFO  org.mule.lifecycle.AbstractLifecycleManager - Initialising connector: Ajax
2018-12-03 09:37:35,178 [main] WARN  org.mule.transport.http.HttpConnector - HTTP transport is deprecated and will be removed in Mule 4.0. Use HTTP module instead.
2018-12-03 09:37:35,320 [main] INFO  org.mule.lifecycle.AbstractLifecycleManager - Initialising connector: File
2018-12-03 09:37:35,356 [main] INFO  org.mule.lifecycle.AbstractLifecycleManager - Initialising connector: connector.http.mule.default
2018-12-03 09:37:35,551 [main] INFO  org.mule.lifecycle.AbstractLifecycleManager - Initialising model: _muleSystemModel
2018-12-03 09:37:35,554 [main] INFO  org.mule.construct.FlowConstructLifecycleManager - Initialising flow: messageregisterFlow
2018-12-03 09:37:35,554 [main] INFO  org.mule.exception.DefaultMessagingExceptionStrategy - Initialising exception listener: org.mule.exception.DefaultMessagingExceptionStrategy@2fd64b11
2018-12-03 09:37:35,573 [main] INFO  org.mule.processor.SedaStageLifecycleManager - Initialising service: messageregisterFlow.stage1
2018-12-03 09:37:35,584 [main] INFO  org.mule.component.ComponentLifecycleManager - Initialising component: component.110233108
2018-12-03 09:37:36,470 [main] INFO  org.mule.config.spring.SpringXmlConfigurationBuilder - Configured Mule using "org.mule.config.spring.SpringXmlConfigurationBuilder" with configuration resource(s): "[ConfigResource{resourceName='/Users/juan/Documents/AnypointStudio/workspace/.mule/apps/messageregister/messageregister.xml'}]"
2018-12-03 09:37:36,470 [main] INFO  org.mule.config.builders.AutoConfigurationBuilder - Configured Mule using "org.mule.config.builders.AutoConfigurationBuilder" with configuration resource(s): "[ConfigResource{resourceName='/Users/juan/Documents/AnypointStudio/workspace/.mule/apps/messageregister/messageregister.xml'}]"
2018-12-03 09:37:39,594 [main] INFO  org.mule.module.launcher.application.DefaultMuleApplication - 
++++++++++++++++++++++++++++++++++++++++++++++++++++++++++++
+ Starting app 'messageregister'                           +
++++++++++++++++++++++++++++++++++++++++++++++++++++++++++++
2018-12-03 09:37:39,597 [main] INFO  org.mule.util.queue.QueueXaResourceManager - Starting ResourceManager
2018-12-03 09:37:39,597 [main] INFO  org.mule.util.queue.QueueXaResourceManager - Started ResourceManager
2018-12-03 09:37:39,613 [main] INFO  org.mule.transport.ajax.embedded.AjaxConnector - Connector not started because 'initialStateStopped' is true
2018-12-03 09:37:39,615 [main] INFO  org.mule.transport.file.FileConnector - Connected: FileConnector
{
  name=File
  lifecycle=initialise
  this=7c781c42
  numberOfConcurrentTransactedReceivers=4
  createMultipleTransactedReceivers=true
  connected=true
  supportedProtocols=[file]
  serviceOverrides=<none>
}

2018-12-03 09:37:39,615 [main] INFO  org.mule.transport.file.FileConnector - Starting: FileConnector
{
  name=File
  lifecycle=initialise
  this=7c781c42
  numberOfConcurrentTransactedReceivers=4
  createMultipleTransactedReceivers=true
  connected=true
  supportedProtocols=[file]
  serviceOverrides=<none>
}

2018-12-03 09:37:39,616 [main] INFO  org.mule.lifecycle.AbstractLifecycleManager - Starting connector: File
2018-12-03 09:37:39,617 [main] INFO  org.mule.transport.http.HttpConnector - Connected: HttpConnector
{
  name=connector.http.mule.default
  lifecycle=initialise
  this=cb39552
  numberOfConcurrentTransactedReceivers=4
  createMultipleTransactedReceivers=true
  connected=true
  supportedProtocols=[http]
  serviceOverrides=<none>
}

2018-12-03 09:37:39,617 [main] INFO  org.mule.transport.http.HttpConnector - Starting: HttpConnector
{
  name=connector.http.mule.default
  lifecycle=initialise
  this=cb39552
  numberOfConcurrentTransactedReceivers=4
  createMultipleTransactedReceivers=true
  connected=true
  supportedProtocols=[http]
  serviceOverrides=<none>
}

2018-12-03 09:37:39,617 [main] INFO  org.mule.lifecycle.AbstractLifecycleManager - Starting connector: connector.http.mule.default
2018-12-03 09:37:39,620 [main] INFO  org.mule.modules.oauth2.provider.agents.DefaultSplashScreenAgent - 
++++++++++++++++++++++++++++++++++++++++++++++++++++++++++++++++++++++++++++++++
+ DevKit Extensions (0) used in this application 
                             +
++++++++++++++++++++++++++++++++++++++++++++++++++++++++++++++++++++++++++++++++
2018-12-03 09:37:39,625 [main] INFO  org.mule.lifecycle.AbstractLifecycleManager - Starting model: _muleSystemModel
2018-12-03 09:37:39,627 [main] INFO  org.mule.construct.FlowConstructLifecycleManager - Starting flow: messageregisterFlow
2018-12-03 09:37:39,628 [main] INFO  org.mule.processor.SedaStageLifecycleManager - Starting service: messageregisterFlow.stage1
2018-12-03 09:37:39,633 [main] INFO  org.mule.component.ComponentLifecycleManager - Starting component: component.110233108
2018-12-03 09:37:39,649 [main] INFO  org.mule.transport.ajax.embedded.AjaxConnector - Registering listener: messageregisterFlow on endpointUri: ajax:///register/message
2018-12-03 09:37:39,662 [main] INFO  org.mule.transport.service.DefaultTransportServiceDescriptor - Loading default response transformer: org.mule.module.json.transformers.ObjectToJson
2018-12-03 09:37:39,671 [main] INFO  org.mule.lifecycle.AbstractLifecycleManager - Initialising: 'null'. Object is: AjaxMessageReceiver
2018-12-03 09:37:39,714 [main] INFO  org.mule.transport.ajax.AjaxMessageReceiver - Connecting clusterizable message receiver
2018-12-03 09:37:39,715 [main] INFO  org.mule.transport.ajax.embedded.AjaxConnector - Connected: AjaxConnector
{
  name=Ajax
  lifecycle=initialise
  this=1386313f
  numberOfConcurrentTransactedReceivers=4
  createMultipleTransactedReceivers=true
  connected=true
  supportedProtocols=[ajax]
  serviceOverrides=<none>
}

2018-12-03 09:37:39,715 [main] INFO  org.mule.transport.ajax.embedded.AjaxConnector - Starting: AjaxConnector
{
  name=Ajax
  lifecycle=initialise
  this=1386313f
  numberOfConcurrentTransactedReceivers=4
  createMultipleTransactedReceivers=true
  connected=true
  supportedProtocols=[ajax]
  serviceOverrides=<none>
}

2018-12-03 09:37:39,715 [main] INFO  org.mule.lifecycle.AbstractLifecycleManager - Starting connector: Ajax
2018-12-03 09:37:39,719 [main] INFO  org.eclipse.jetty - jetty-9.0.7.v20131107
2018-12-03 09:37:39,825 [main] INFO  org.mortbay.log - Logging to org.apache.logging.slf4j.Log4jLogger@33f2cfda via org.mortbay.log.Slf4jLog
2018-12-03 09:37:39,879 [main] INFO  org.eclipse.jetty - JSONCommented is deprecated
2018-12-03 09:37:39,887 [main] INFO  org.eclipse.jetty - Started o.e.j.s.ServletContextHandler@64b018f3{/,null,AVAILABLE,@localhost:8081}
2018-12-03 09:37:39,888 [main] INFO  org.eclipse.jetty - Started o.e.j.s.ServletContextHandler@20801cbb{/registerMessages,file:/Users/juan/Documents/AnypointStudio/workspace/messageregister/src/main/app/docroot/,AVAILABLE}
2018-12-03 09:37:39,926 [main] INFO  org.eclipse.jetty - Started localhost:8081@52d3fafd{HTTP/1.1}{localhost:8081}
2018-12-03 09:37:39,928 [main] INFO  org.mule.lifecycle.AbstractLifecycleManager - Starting: 'null'. Object is: AjaxMessageReceiver
2018-12-03 09:37:39,928 [main] INFO  org.mule.transport.ajax.AjaxMessageReceiver - Starting clusterizable message receiver
2018-12-03 09:37:39,950 [main] INFO  org.mule.module.management.agent.WrapperManagerAgent - This JVM hasn't been launched by the wrapper, the agent will not run.
2018-12-03 09:37:39,983 [main] INFO  org.mule.module.management.agent.AbstractJmxAgent - Attempting to register service with name: Mule.messageregister:type=Endpoint,service="messageregisterFlow",connector=Ajax,name="endpoint.ajax.register.message"
2018-12-03 09:37:39,984 [main] INFO  org.mule.module.management.agent.AbstractJmxAgent - Registered Endpoint Service with name: Mule.messageregister:type=Endpoint,service="messageregisterFlow",connector=Ajax,name="endpoint.ajax.register.message"
2018-12-03 09:37:39,985 [main] INFO  org.mule.module.management.agent.AbstractJmxAgent - Registered Connector Service with name Mule.messageregister:type=Connector,name="Ajax.1"
2018-12-03 09:37:39,986 [main] INFO  org.mule.module.management.agent.AbstractJmxAgent - Registered Connector Service with name Mule.messageregister:type=Connector,name="File.1"
2018-12-03 09:37:39,986 [main] INFO  org.mule.module.management.agent.AbstractJmxAgent - Registered Connector Service with name Mule.messageregister:type=Connector,name="connector.http.mule.default.1"
2018-12-03 09:37:39,989 [main] INFO  org.mule.DefaultMuleContext - 
**********************************************************************
* Application: messageregister                                       *
* OS encoding: /, Mule encoding: UTF-8                               *
*                                                                    *
* Agents Running:                                                    *
*   JMX Agent                                                        *
*   DevKit Extension Information                                     *
*   Batch module default engine                                      *
*   Wrapper Manager                                                  *
**********************************************************************
2018-12-03 09:37:52,300 [qtp38027658-41] INFO  org.mule.component.simple.LogComponent - 
********************************************************************************
* Message received in service: messageregisterFlow. Content is: 'saludos'      *
********************************************************************************
2018-12-03 09:37:52,328 [qtp38027658-41] INFO  org.mule.lifecycle.AbstractLifecycleManager - Initialising: 'File.dispatcher.1809728689'. Object is: FileMessageDispatcher
2018-12-03 09:37:52,335 [qtp38027658-41] INFO  org.mule.lifecycle.AbstractLifecycleManager - Starting: 'File.dispatcher.1809728689'. Object is: FileMessageDispatcher
2018-12-03 09:37:52,341 [qtp38027658-41] INFO  org.mule.transport.file.FileConnector - Writing file to: /Users/juan/Documents/AnypointStudio/anypointstudio_6_1_2/examples_ITSI2019/03-12-18_1543826272341.txt
