2018-12-15 11:30:39,158 [main] INFO  org.mule.module.launcher.application.DefaultMuleApplication - 
++++++++++++++++++++++++++++++++++++++++++++++++++++++++++++
+ Initializing app 'nametransfer'                          +
++++++++++++++++++++++++++++++++++++++++++++++++++++++++++++
2018-12-15 11:30:39,346 [main] INFO  org.mule.lifecycle.AbstractLifecycleManager - Initialising RegistryBroker
2018-12-15 11:30:39,484 [main] INFO  org.mule.module.extension.internal.manager.DefaultExtensionManager - Starting discovery of extensions
2018-12-15 11:30:39,674 [main] INFO  org.mule.module.extension.internal.manager.DefaultExtensionManager - Discovered 1 extensions
2018-12-15 11:30:39,674 [main] INFO  org.mule.module.extension.internal.manager.DefaultExtensionManager - Registering extension validation (version 3.8)
2018-12-15 11:30:39,754 [main] INFO  org.mule.config.spring.MuleArtifactContext - Refreshing org.mule.config.spring.MuleArtifactContext@69c79f09: startup date [Sat Dec 15 11:30:39 CET 2018]; root of context hierarchy
2018-12-15 11:30:41,457 [main] INFO  org.mule.config.spring.processors.NoDevkitInjectorProcessor - JSR-330 'javax.inject.Inject' annotation found and supported for autowiring
2018-12-15 11:30:42,458 [main] WARN  org.mule.module.ognl.expression.OgnlExpressionEvaluator - OGNL module is deprecated and will be removed in Mule 4.0. Use MEL expressions instead.
2018-12-15 11:30:42,917 [main] INFO  org.mule.util.journal.TransactionJournal - Using files for tx logs /Users/juan/Documents/AnypointStudio/workspace/.mule/./.mule/nametransfer/queue-tx-log/tx1.log and /Users/juan/Documents/AnypointStudio/workspace/.mule/./.mule/nametransfer/queue-tx-log/tx2.log
2018-12-15 11:30:42,934 [main] INFO  org.mule.util.journal.TransactionJournal - Using files for tx logs /Users/juan/Documents/AnypointStudio/workspace/.mule/./.mule/nametransfer/queue-xa-tx-log/tx1.log and /Users/juan/Documents/AnypointStudio/workspace/.mule/./.mule/nametransfer/queue-xa-tx-log/tx2.log
2018-12-15 11:30:43,047 [main] INFO  org.mule.lifecycle.AbstractLifecycleManager - Initialising model: _muleSystemModel
2018-12-15 11:30:43,052 [main] INFO  org.mule.construct.FlowConstructLifecycleManager - Initialising flow: nametransferFlow
2018-12-15 11:30:43,053 [main] INFO  org.mule.exception.DefaultMessagingExceptionStrategy - Initialising exception listener: org.mule.exception.DefaultMessagingExceptionStrategy@127705e4
2018-12-15 11:30:43,093 [main] INFO  org.mule.processor.SedaStageLifecycleManager - Initialising service: nametransferFlow.stage1
2018-12-15 11:30:43,106 [main] INFO  org.mule.component.ComponentLifecycleManager - Initialising component: component.2046652309
2018-12-15 11:30:43,476 [main] INFO  org.mule.config.spring.SpringXmlConfigurationBuilder - Configured Mule using "org.mule.config.spring.SpringXmlConfigurationBuilder" with configuration resource(s): "[ConfigResource{resourceName='/Users/juan/Documents/AnypointStudio/workspace/.mule/apps/nametransfer/nametransfer.xml'}]"
2018-12-15 11:30:43,476 [main] INFO  org.mule.config.builders.AutoConfigurationBuilder - Configured Mule using "org.mule.config.builders.AutoConfigurationBuilder" with configuration resource(s): "[ConfigResource{resourceName='/Users/juan/Documents/AnypointStudio/workspace/.mule/apps/nametransfer/nametransfer.xml'}]"
2018-12-15 11:30:46,631 [main] INFO  org.mule.module.launcher.application.DefaultMuleApplication - 
++++++++++++++++++++++++++++++++++++++++++++++++++++++++++++
+ Starting app 'nametransfer'                              +
++++++++++++++++++++++++++++++++++++++++++++++++++++++++++++
2018-12-15 11:30:46,633 [main] INFO  org.mule.util.queue.QueueXaResourceManager - Starting ResourceManager
2018-12-15 11:30:46,633 [main] INFO  org.mule.util.queue.QueueXaResourceManager - Started ResourceManager
2018-12-15 11:30:46,913 [main] INFO  org.mule.module.http.internal.listener.DefaultHttpListenerConfig - Listening for requests on http://0.0.0.0:5454
2018-12-15 11:30:46,916 [main] INFO  org.mule.modules.oauth2.provider.agents.DefaultSplashScreenAgent - 
++++++++++++++++++++++++++++++++++++++++++++++++++++++++++++++++++++++++++++++++
+ DevKit Extensions (0) used in this application 
                             +
++++++++++++++++++++++++++++++++++++++++++++++++++++++++++++++++++++++++++++++++
2018-12-15 11:30:46,918 [main] INFO  org.mule.lifecycle.AbstractLifecycleManager - Starting model: _muleSystemModel
2018-12-15 11:30:46,920 [main] INFO  org.mule.construct.FlowConstructLifecycleManager - Starting flow: nametransferFlow
2018-12-15 11:30:46,922 [main] INFO  org.mule.processor.SedaStageLifecycleManager - Starting service: nametransferFlow.stage1
2018-12-15 11:30:46,927 [main] INFO  org.mule.component.ComponentLifecycleManager - Starting component: component.2046652309
2018-12-15 11:30:46,986 [main] INFO  org.mule.module.management.agent.WrapperManagerAgent - This JVM hasn't been launched by the wrapper, the agent will not run.
2018-12-15 11:30:47,007 [main] INFO  org.mule.DefaultMuleContext - 
**********************************************************************
* Application: nametransfer                                          *
* OS encoding: /, Mule encoding: UTF-8                               *
*                                                                    *
* Agents Running:                                                    *
*   JMX Agent                                                        *
*   DevKit Extension Information                                     *
*   Batch module default engine                                      *
*   Wrapper Manager                                                  *
**********************************************************************
