2018-12-03 17:43:01,563 [main] INFO  org.mule.module.launcher.application.DefaultMuleApplication - 
++++++++++++++++++++++++++++++++++++++++++++++++++++++++++++
+ Initializing app 'objecttoxml'                           +
++++++++++++++++++++++++++++++++++++++++++++++++++++++++++++
2018-12-03 17:43:01,805 [main] INFO  org.mule.lifecycle.AbstractLifecycleManager - Initialising RegistryBroker
2018-12-03 17:43:02,111 [main] INFO  org.mule.module.extension.internal.manager.DefaultExtensionManager - Starting discovery of extensions
2018-12-03 17:43:02,514 [main] INFO  org.mule.module.extension.internal.manager.DefaultExtensionManager - Discovered 1 extensions
2018-12-03 17:43:02,514 [main] INFO  org.mule.module.extension.internal.manager.DefaultExtensionManager - Registering extension validation (version 3.8)
2018-12-03 17:43:02,624 [main] INFO  org.mule.config.spring.MuleArtifactContext - Refreshing org.mule.config.spring.MuleArtifactContext@69c79f09: startup date [Mon Dec 03 17:43:02 CET 2018]; root of context hierarchy
2018-12-03 17:43:05,300 [main] INFO  org.mule.config.spring.processors.NoDevkitInjectorProcessor - JSR-330 'javax.inject.Inject' annotation found and supported for autowiring
2018-12-03 17:43:05,830 [main] WARN  org.mule.expression.DefaultExpressionManager - Expression string is not an expression.  Use isExpression(String) to validate first
2018-12-03 17:43:05,830 [main] WARN  org.mule.expression.DefaultExpressionManager - Expression string is not an expression.  Use isExpression(String) to validate first
2018-12-03 17:43:06,611 [main] WARN  org.mule.module.ognl.expression.OgnlExpressionEvaluator - OGNL module is deprecated and will be removed in Mule 4.0. Use MEL expressions instead.
2018-12-03 17:43:06,883 [main] INFO  org.mule.util.journal.TransactionJournal - Using files for tx logs /Users/juan/Documents/AnypointStudio/workspace/.mule/./.mule/objecttoxml/queue-tx-log/tx1.log and /Users/juan/Documents/AnypointStudio/workspace/.mule/./.mule/objecttoxml/queue-tx-log/tx2.log
2018-12-03 17:43:06,899 [main] INFO  org.mule.util.journal.TransactionJournal - Using files for tx logs /Users/juan/Documents/AnypointStudio/workspace/.mule/./.mule/objecttoxml/queue-xa-tx-log/tx1.log and /Users/juan/Documents/AnypointStudio/workspace/.mule/./.mule/objecttoxml/queue-xa-tx-log/tx2.log
2018-12-03 17:43:06,905 [main] INFO  org.mule.lifecycle.AbstractLifecycleManager - Initialising connector: connector.polling.mule.default
2018-12-03 17:43:06,983 [main] INFO  org.mule.lifecycle.AbstractLifecycleManager - Initialising connector: connector.file.mule.default
2018-12-03 17:43:07,136 [main] INFO  org.mule.lifecycle.AbstractLifecycleManager - Initialising model: _muleSystemModel
2018-12-03 17:43:07,140 [main] INFO  org.mule.construct.FlowConstructLifecycleManager - Initialising flow: objecttoxmlFlow
2018-12-03 17:43:07,140 [main] INFO  org.mule.exception.DefaultMessagingExceptionStrategy - Initialising exception listener: org.mule.exception.DefaultMessagingExceptionStrategy@41184371
2018-12-03 17:43:07,160 [main] INFO  org.mule.processor.SedaStageLifecycleManager - Initialising service: objecttoxmlFlow.stage1
2018-12-03 17:43:07,891 [main] INFO  org.mule.config.spring.SpringXmlConfigurationBuilder - Configured Mule using "org.mule.config.spring.SpringXmlConfigurationBuilder" with configuration resource(s): "[ConfigResource{resourceName='/Users/juan/Documents/AnypointStudio/workspace/.mule/apps/objecttoxml/objecttoxml.xml'}]"
2018-12-03 17:43:07,891 [main] INFO  org.mule.config.builders.AutoConfigurationBuilder - Configured Mule using "org.mule.config.builders.AutoConfigurationBuilder" with configuration resource(s): "[ConfigResource{resourceName='/Users/juan/Documents/AnypointStudio/workspace/.mule/apps/objecttoxml/objecttoxml.xml'}]"
2018-12-03 17:43:11,208 [main] INFO  org.mule.module.launcher.application.DefaultMuleApplication - 
++++++++++++++++++++++++++++++++++++++++++++++++++++++++++++
+ Starting app 'objecttoxml'                               +
++++++++++++++++++++++++++++++++++++++++++++++++++++++++++++
2018-12-03 17:43:11,211 [main] INFO  org.mule.util.queue.QueueXaResourceManager - Starting ResourceManager
2018-12-03 17:43:11,211 [main] INFO  org.mule.util.queue.QueueXaResourceManager - Started ResourceManager
2018-12-03 17:43:11,238 [main] INFO  org.mule.transport.polling.MessageProcessorPollingConnector - Connected: MessageProcessorPollingConnector
{
  name=connector.polling.mule.default
  lifecycle=initialise
  this=43acd79e
  numberOfConcurrentTransactedReceivers=4
  createMultipleTransactedReceivers=true
  connected=true
  supportedProtocols=[polling]
  serviceOverrides=<none>
}

2018-12-03 17:43:11,238 [main] INFO  org.mule.transport.polling.MessageProcessorPollingConnector - Starting: MessageProcessorPollingConnector
{
  name=connector.polling.mule.default
  lifecycle=initialise
  this=43acd79e
  numberOfConcurrentTransactedReceivers=4
  createMultipleTransactedReceivers=true
  connected=true
  supportedProtocols=[polling]
  serviceOverrides=<none>
}

2018-12-03 17:43:11,239 [main] INFO  org.mule.lifecycle.AbstractLifecycleManager - Starting connector: connector.polling.mule.default
2018-12-03 17:43:11,241 [main] INFO  org.mule.transport.file.FileConnector - Connected: FileConnector
{
  name=connector.file.mule.default
  lifecycle=initialise
  this=332bcab0
  numberOfConcurrentTransactedReceivers=4
  createMultipleTransactedReceivers=true
  connected=true
  supportedProtocols=[file]
  serviceOverrides=<none>
}

2018-12-03 17:43:11,241 [main] INFO  org.mule.transport.file.FileConnector - Starting: FileConnector
{
  name=connector.file.mule.default
  lifecycle=initialise
  this=332bcab0
  numberOfConcurrentTransactedReceivers=4
  createMultipleTransactedReceivers=true
  connected=true
  supportedProtocols=[file]
  serviceOverrides=<none>
}

2018-12-03 17:43:11,241 [main] INFO  org.mule.lifecycle.AbstractLifecycleManager - Starting connector: connector.file.mule.default
2018-12-03 17:43:11,245 [main] INFO  org.mule.modules.oauth2.provider.agents.DefaultSplashScreenAgent - 
++++++++++++++++++++++++++++++++++++++++++++++++++++++++++++++++++++++++++++++++
+ DevKit Extensions (0) used in this application 
                             +
++++++++++++++++++++++++++++++++++++++++++++++++++++++++++++++++++++++++++++++++
2018-12-03 17:43:11,252 [main] INFO  org.mule.lifecycle.AbstractLifecycleManager - Starting model: _muleSystemModel
2018-12-03 17:43:11,254 [main] INFO  org.mule.construct.FlowConstructLifecycleManager - Starting flow: objecttoxmlFlow
2018-12-03 17:43:11,256 [main] INFO  org.mule.processor.SedaStageLifecycleManager - Starting service: objecttoxmlFlow.stage1
2018-12-03 17:43:11,273 [main] INFO  org.mule.transport.polling.MessageProcessorPollingConnector - Registering listener: objecttoxmlFlow on endpointUri: polling://-1912630717
2018-12-03 17:43:11,300 [main] INFO  org.mule.lifecycle.AbstractLifecycleManager - Initialising: 'null'. Object is: MessageProcessorPollingMessageReceiver
2018-12-03 17:43:11,317 [main] INFO  org.mule.lifecycle.AbstractLifecycleManager - Initialising Bean: polling://objecttoxmlFlow/1625413756
2018-12-03 17:43:11,319 [main] INFO  org.mule.transport.polling.MessageProcessorPollingMessageReceiver - Connecting clusterizable message receiver
2018-12-03 17:43:11,321 [main] INFO  org.mule.lifecycle.AbstractLifecycleManager - Starting: 'null'. Object is: MessageProcessorPollingMessageReceiver
2018-12-03 17:43:11,321 [main] INFO  org.mule.transport.polling.MessageProcessorPollingMessageReceiver - Starting clusterizable message receiver
2018-12-03 17:43:11,387 [main] INFO  org.mule.lifecycle.AbstractLifecycleManager - Starting Bean: polling://objecttoxmlFlow/1625413756
2018-12-03 17:43:11,409 [main] INFO  org.mule.module.management.agent.WrapperManagerAgent - This JVM hasn't been launched by the wrapper, the agent will not run.
2018-12-03 17:43:11,445 [main] INFO  org.mule.module.management.agent.AbstractJmxAgent - Attempting to register service with name: Mule.objecttoxml:type=Endpoint,service="objecttoxmlFlow",connector=connector.polling.mule.default,name="endpoint.polling.1912630717"
2018-12-03 17:43:11,446 [main] INFO  org.mule.module.management.agent.AbstractJmxAgent - Registered Endpoint Service with name: Mule.objecttoxml:type=Endpoint,service="objecttoxmlFlow",connector=connector.polling.mule.default,name="endpoint.polling.1912630717"
2018-12-03 17:43:11,455 [main] INFO  org.mule.module.management.agent.AbstractJmxAgent - Registered Connector Service with name Mule.objecttoxml:type=Connector,name="connector.polling.mule.default.1"
2018-12-03 17:43:11,455 [main] INFO  org.mule.module.management.agent.AbstractJmxAgent - Registered Connector Service with name Mule.objecttoxml:type=Connector,name="connector.file.mule.default.1"
2018-12-03 17:43:11,461 [main] INFO  org.mule.DefaultMuleContext - 
**********************************************************************
* Application: objecttoxml                                           *
* OS encoding: /, Mule encoding: UTF-8                               *
*                                                                    *
* Agents Running:                                                    *
*   JMX Agent                                                        *
*   DevKit Extension Information                                     *
*   Batch module default engine                                      *
*   Wrapper Manager                                                  *
**********************************************************************
2018-12-03 17:43:11,698 [pool-17-thread-1] ERROR org.mule.exception.DefaultSystemExceptionStrategy - Caught exception in Exception Strategy: Query type must be one of '[SELECT, STORE_PROCEDURE_CALL]' but was 'DDL'
java.lang.IllegalArgumentException: Query type must be one of '[SELECT, STORE_PROCEDURE_CALL]' but was 'DDL'
	at org.mule.module.db.internal.processor.AbstractDbMessageProcessor.validateQueryType(AbstractDbMessageProcessor.java:198) ~[mule-module-db-3.8.2.jar:3.8.2]
	at org.mule.module.db.internal.processor.AbstractSingleQueryDbMessageProcessor.executeQuery(AbstractSingleQueryDbMessageProcessor.java:50) ~[mule-module-db-3.8.2.jar:3.8.2]
	at org.mule.module.db.internal.processor.AbstractDbMessageProcessor.process(AbstractDbMessageProcessor.java:81) ~[mule-module-db-3.8.2.jar:3.8.2]
	at org.mule.transport.polling.MessageProcessorPollingMessageReceiver$1.process(MessageProcessorPollingMessageReceiver.java:165) ~[mule-core-3.8.2.jar:3.8.2]
	at org.mule.transport.polling.MessageProcessorPollingMessageReceiver$1.process(MessageProcessorPollingMessageReceiver.java:149) ~[mule-core-3.8.2.jar:3.8.2]
	at org.mule.execution.ExecuteCallbackInterceptor.execute(ExecuteCallbackInterceptor.java:16) ~[mule-core-3.8.2.jar:3.8.2]
	at org.mule.execution.CommitTransactionInterceptor.execute(CommitTransactionInterceptor.java:35) ~[mule-core-3.8.2.jar:3.8.2]
	at org.mule.execution.CommitTransactionInterceptor.execute(CommitTransactionInterceptor.java:22) ~[mule-core-3.8.2.jar:3.8.2]
	at org.mule.execution.HandleExceptionInterceptor.execute(HandleExceptionInterceptor.java:30) ~[mule-core-3.8.2.jar:3.8.2]
	at org.mule.execution.HandleExceptionInterceptor.execute(HandleExceptionInterceptor.java:14) ~[mule-core-3.8.2.jar:3.8.2]
	at org.mule.execution.BeginAndResolveTransactionInterceptor.execute(BeginAndResolveTransactionInterceptor.java:67) ~[mule-core-3.8.2.jar:3.8.2]
	at org.mule.execution.ResolvePreviousTransactionInterceptor.execute(ResolvePreviousTransactionInterceptor.java:44) ~[mule-core-3.8.2.jar:3.8.2]
	at org.mule.execution.SuspendXaTransactionInterceptor.execute(SuspendXaTransactionInterceptor.java:50) ~[mule-core-3.8.2.jar:3.8.2]
	at org.mule.execution.ValidateTransactionalStateInterceptor.execute(ValidateTransactionalStateInterceptor.java:40) ~[mule-core-3.8.2.jar:3.8.2]
	at org.mule.execution.IsolateCurrentTransactionInterceptor.execute(IsolateCurrentTransactionInterceptor.java:41) ~[mule-core-3.8.2.jar:3.8.2]
	at org.mule.execution.ExternalTransactionInterceptor.execute(ExternalTransactionInterceptor.java:48) ~[mule-core-3.8.2.jar:3.8.2]
	at org.mule.execution.RethrowExceptionInterceptor.execute(RethrowExceptionInterceptor.java:28) ~[mule-core-3.8.2.jar:3.8.2]
	at org.mule.execution.RethrowExceptionInterceptor.execute(RethrowExceptionInterceptor.java:13) ~[mule-core-3.8.2.jar:3.8.2]
	at org.mule.execution.TransactionalErrorHandlingExecutionTemplate.execute(TransactionalErrorHandlingExecutionTemplate.java:110) ~[mule-core-3.8.2.jar:3.8.2]
	at org.mule.execution.TransactionalErrorHandlingExecutionTemplate.execute(TransactionalErrorHandlingExecutionTemplate.java:30) ~[mule-core-3.8.2.jar:3.8.2]
	at org.mule.transport.polling.MessageProcessorPollingMessageReceiver.pollWith(MessageProcessorPollingMessageReceiver.java:148) ~[mule-core-3.8.2.jar:3.8.2]
	at org.mule.transport.polling.MessageProcessorPollingMessageReceiver.poll(MessageProcessorPollingMessageReceiver.java:139) ~[mule-core-3.8.2.jar:3.8.2]
	at org.mule.transport.AbstractPollingMessageReceiver.performPoll(AbstractPollingMessageReceiver.java:216) ~[mule-core-3.8.2.jar:3.8.2]
	at org.mule.transport.PollingReceiverWorker.poll(PollingReceiverWorker.java:80) ~[mule-core-3.8.2.jar:3.8.2]
	at org.mule.transport.PollingReceiverWorker.run(PollingReceiverWorker.java:49) ~[mule-core-3.8.2.jar:3.8.2]
	at java.util.concurrent.Executors$RunnableAdapter.call(Executors.java:511) ~[?:1.8.0_191]
	at java.util.concurrent.FutureTask.runAndReset(FutureTask.java:308) ~[?:1.8.0_191]
	at java.util.concurrent.ScheduledThreadPoolExecutor$ScheduledFutureTask.access$301(ScheduledThreadPoolExecutor.java:180) ~[?:1.8.0_191]
	at java.util.concurrent.ScheduledThreadPoolExecutor$ScheduledFutureTask.run(ScheduledThreadPoolExecutor.java:294) ~[?:1.8.0_191]
	at java.util.concurrent.ThreadPoolExecutor.runWorker(ThreadPoolExecutor.java:1149) [?:1.8.0_191]
	at java.util.concurrent.ThreadPoolExecutor$Worker.run(ThreadPoolExecutor.java:624) [?:1.8.0_191]
	at java.lang.Thread.run(Thread.java:748) [?:1.8.0_191]
2018-12-03 17:45:35,098 [main] INFO  org.mule.module.launcher.application.DefaultMuleApplication - 
++++++++++++++++++++++++++++++++++++++++++++++++++++++++++++
+ Initializing app 'objecttoxml'                           +
++++++++++++++++++++++++++++++++++++++++++++++++++++++++++++
2018-12-03 17:45:35,313 [main] INFO  org.mule.lifecycle.AbstractLifecycleManager - Initialising RegistryBroker
2018-12-03 17:45:35,438 [main] INFO  org.mule.module.extension.internal.manager.DefaultExtensionManager - Starting discovery of extensions
2018-12-03 17:45:35,636 [main] INFO  org.mule.module.extension.internal.manager.DefaultExtensionManager - Discovered 1 extensions
2018-12-03 17:45:35,636 [main] INFO  org.mule.module.extension.internal.manager.DefaultExtensionManager - Registering extension validation (version 3.8)
2018-12-03 17:45:35,708 [main] INFO  org.mule.config.spring.MuleArtifactContext - Refreshing org.mule.config.spring.MuleArtifactContext@69c79f09: startup date [Mon Dec 03 17:45:35 CET 2018]; root of context hierarchy
2018-12-03 17:45:37,436 [main] INFO  org.mule.config.spring.processors.NoDevkitInjectorProcessor - JSR-330 'javax.inject.Inject' annotation found and supported for autowiring
2018-12-03 17:45:37,842 [main] WARN  org.mule.expression.DefaultExpressionManager - Expression string is not an expression.  Use isExpression(String) to validate first
2018-12-03 17:45:37,842 [main] WARN  org.mule.expression.DefaultExpressionManager - Expression string is not an expression.  Use isExpression(String) to validate first
2018-12-03 17:45:38,546 [main] WARN  org.mule.module.ognl.expression.OgnlExpressionEvaluator - OGNL module is deprecated and will be removed in Mule 4.0. Use MEL expressions instead.
2018-12-03 17:45:38,817 [main] INFO  org.mule.util.journal.TransactionJournal - Using files for tx logs /Users/juan/Documents/AnypointStudio/workspace/.mule/./.mule/objecttoxml/queue-tx-log/tx1.log and /Users/juan/Documents/AnypointStudio/workspace/.mule/./.mule/objecttoxml/queue-tx-log/tx2.log
2018-12-03 17:45:38,835 [main] INFO  org.mule.util.journal.TransactionJournal - Using files for tx logs /Users/juan/Documents/AnypointStudio/workspace/.mule/./.mule/objecttoxml/queue-xa-tx-log/tx1.log and /Users/juan/Documents/AnypointStudio/workspace/.mule/./.mule/objecttoxml/queue-xa-tx-log/tx2.log
2018-12-03 17:45:38,840 [main] INFO  org.mule.lifecycle.AbstractLifecycleManager - Initialising connector: connector.polling.mule.default
2018-12-03 17:45:38,896 [main] INFO  org.mule.lifecycle.AbstractLifecycleManager - Initialising connector: connector.file.mule.default
2018-12-03 17:45:39,043 [main] INFO  org.mule.lifecycle.AbstractLifecycleManager - Initialising model: _muleSystemModel
2018-12-03 17:45:39,047 [main] INFO  org.mule.construct.FlowConstructLifecycleManager - Initialising flow: objecttoxmlFlow
2018-12-03 17:45:39,047 [main] INFO  org.mule.exception.DefaultMessagingExceptionStrategy - Initialising exception listener: org.mule.exception.DefaultMessagingExceptionStrategy@56382bc9
2018-12-03 17:45:39,077 [main] INFO  org.mule.processor.SedaStageLifecycleManager - Initialising service: objecttoxmlFlow.stage1
2018-12-03 17:45:39,819 [main] INFO  org.mule.config.spring.SpringXmlConfigurationBuilder - Configured Mule using "org.mule.config.spring.SpringXmlConfigurationBuilder" with configuration resource(s): "[ConfigResource{resourceName='/Users/juan/Documents/AnypointStudio/workspace/.mule/apps/objecttoxml/objecttoxml.xml'}]"
2018-12-03 17:45:39,819 [main] INFO  org.mule.config.builders.AutoConfigurationBuilder - Configured Mule using "org.mule.config.builders.AutoConfigurationBuilder" with configuration resource(s): "[ConfigResource{resourceName='/Users/juan/Documents/AnypointStudio/workspace/.mule/apps/objecttoxml/objecttoxml.xml'}]"
2018-12-03 17:45:43,126 [main] INFO  org.mule.module.launcher.application.DefaultMuleApplication - 
++++++++++++++++++++++++++++++++++++++++++++++++++++++++++++
+ Starting app 'objecttoxml'                               +
++++++++++++++++++++++++++++++++++++++++++++++++++++++++++++
2018-12-03 17:45:43,129 [main] INFO  org.mule.util.queue.QueueXaResourceManager - Starting ResourceManager
2018-12-03 17:45:43,129 [main] INFO  org.mule.util.queue.QueueXaResourceManager - Started ResourceManager
2018-12-03 17:45:43,144 [main] INFO  org.mule.transport.polling.MessageProcessorPollingConnector - Connected: MessageProcessorPollingConnector
{
  name=connector.polling.mule.default
  lifecycle=initialise
  this=60c73e58
  numberOfConcurrentTransactedReceivers=4
  createMultipleTransactedReceivers=true
  connected=true
  supportedProtocols=[polling]
  serviceOverrides=<none>
}

2018-12-03 17:45:43,144 [main] INFO  org.mule.transport.polling.MessageProcessorPollingConnector - Starting: MessageProcessorPollingConnector
{
  name=connector.polling.mule.default
  lifecycle=initialise
  this=60c73e58
  numberOfConcurrentTransactedReceivers=4
  createMultipleTransactedReceivers=true
  connected=true
  supportedProtocols=[polling]
  serviceOverrides=<none>
}

2018-12-03 17:45:43,145 [main] INFO  org.mule.lifecycle.AbstractLifecycleManager - Starting connector: connector.polling.mule.default
2018-12-03 17:45:43,146 [main] INFO  org.mule.transport.file.FileConnector - Connected: FileConnector
{
  name=connector.file.mule.default
  lifecycle=initialise
  this=5ceecfee
  numberOfConcurrentTransactedReceivers=4
  createMultipleTransactedReceivers=true
  connected=true
  supportedProtocols=[file]
  serviceOverrides=<none>
}

2018-12-03 17:45:43,146 [main] INFO  org.mule.transport.file.FileConnector - Starting: FileConnector
{
  name=connector.file.mule.default
  lifecycle=initialise
  this=5ceecfee
  numberOfConcurrentTransactedReceivers=4
  createMultipleTransactedReceivers=true
  connected=true
  supportedProtocols=[file]
  serviceOverrides=<none>
}

2018-12-03 17:45:43,146 [main] INFO  org.mule.lifecycle.AbstractLifecycleManager - Starting connector: connector.file.mule.default
2018-12-03 17:45:43,149 [main] INFO  org.mule.modules.oauth2.provider.agents.DefaultSplashScreenAgent - 
++++++++++++++++++++++++++++++++++++++++++++++++++++++++++++++++++++++++++++++++
+ DevKit Extensions (0) used in this application 
                             +
++++++++++++++++++++++++++++++++++++++++++++++++++++++++++++++++++++++++++++++++
2018-12-03 17:45:43,152 [main] INFO  org.mule.lifecycle.AbstractLifecycleManager - Starting model: _muleSystemModel
2018-12-03 17:45:43,154 [main] INFO  org.mule.construct.FlowConstructLifecycleManager - Starting flow: objecttoxmlFlow
2018-12-03 17:45:43,155 [main] INFO  org.mule.processor.SedaStageLifecycleManager - Starting service: objecttoxmlFlow.stage1
2018-12-03 17:45:43,164 [main] INFO  org.mule.transport.polling.MessageProcessorPollingConnector - Registering listener: objecttoxmlFlow on endpointUri: polling://-1912630717
2018-12-03 17:45:43,188 [main] INFO  org.mule.lifecycle.AbstractLifecycleManager - Initialising: 'null'. Object is: MessageProcessorPollingMessageReceiver
2018-12-03 17:45:43,213 [main] INFO  org.mule.lifecycle.AbstractLifecycleManager - Initialising Bean: polling://objecttoxmlFlow/1788152379
2018-12-03 17:45:43,213 [main] INFO  org.mule.transport.polling.MessageProcessorPollingMessageReceiver - Connecting clusterizable message receiver
2018-12-03 17:45:43,214 [main] INFO  org.mule.lifecycle.AbstractLifecycleManager - Starting: 'null'. Object is: MessageProcessorPollingMessageReceiver
2018-12-03 17:45:43,214 [main] INFO  org.mule.transport.polling.MessageProcessorPollingMessageReceiver - Starting clusterizable message receiver
2018-12-03 17:45:43,260 [main] INFO  org.mule.lifecycle.AbstractLifecycleManager - Starting Bean: polling://objecttoxmlFlow/1788152379
2018-12-03 17:45:43,293 [main] INFO  org.mule.module.management.agent.WrapperManagerAgent - This JVM hasn't been launched by the wrapper, the agent will not run.
2018-12-03 17:45:43,338 [main] INFO  org.mule.module.management.agent.AbstractJmxAgent - Attempting to register service with name: Mule.objecttoxml:type=Endpoint,service="objecttoxmlFlow",connector=connector.polling.mule.default,name="endpoint.polling.1912630717"
2018-12-03 17:45:43,338 [main] INFO  org.mule.module.management.agent.AbstractJmxAgent - Registered Endpoint Service with name: Mule.objecttoxml:type=Endpoint,service="objecttoxmlFlow",connector=connector.polling.mule.default,name="endpoint.polling.1912630717"
2018-12-03 17:45:43,340 [main] INFO  org.mule.module.management.agent.AbstractJmxAgent - Registered Connector Service with name Mule.objecttoxml:type=Connector,name="connector.polling.mule.default.1"
2018-12-03 17:45:43,341 [main] INFO  org.mule.module.management.agent.AbstractJmxAgent - Registered Connector Service with name Mule.objecttoxml:type=Connector,name="connector.file.mule.default.1"
2018-12-03 17:45:43,347 [main] INFO  org.mule.DefaultMuleContext - 
**********************************************************************
* Application: objecttoxml                                           *
* OS encoding: /, Mule encoding: UTF-8                               *
*                                                                    *
* Agents Running:                                                    *
*   JMX Agent                                                        *
*   DevKit Extension Information                                     *
*   Batch module default engine                                      *
*   Wrapper Manager                                                  *
**********************************************************************
2018-12-03 17:45:43,652 [[objecttoxml].connector.file.mule.default.dispatcher.01] INFO  org.mule.lifecycle.AbstractLifecycleManager - Initialising: 'connector.file.mule.default.dispatcher.275245458'. Object is: FileMessageDispatcher
2018-12-03 17:45:43,661 [[objecttoxml].connector.file.mule.default.dispatcher.01] INFO  org.mule.lifecycle.AbstractLifecycleManager - Starting: 'connector.file.mule.default.dispatcher.275245458'. Object is: FileMessageDispatcher
2018-12-03 17:45:43,668 [[objecttoxml].connector.file.mule.default.dispatcher.01] INFO  org.mule.transport.file.FileConnector - Writing file to: /Users/juan/Documents/AnypointStudio/anypointstudio_6_1_2/examples_ITSI2019/objecttoxml/Database03-12-18_17-45-43.667.xml
