2018-12-01 11:50:02,696 [main] INFO  org.mule.module.launcher.application.DefaultMuleApplication - 
++++++++++++++++++++++++++++++++++++++++++++++++++++++++++++
+ Initializing app 'restwebservice'                        +
++++++++++++++++++++++++++++++++++++++++++++++++++++++++++++
2018-12-01 11:50:02,886 [main] INFO  org.mule.lifecycle.AbstractLifecycleManager - Initialising RegistryBroker
2018-12-01 11:50:03,018 [main] INFO  org.mule.module.extension.internal.manager.DefaultExtensionManager - Starting discovery of extensions
2018-12-01 11:50:03,240 [main] INFO  org.mule.module.extension.internal.manager.DefaultExtensionManager - Discovered 1 extensions
2018-12-01 11:50:03,240 [main] INFO  org.mule.module.extension.internal.manager.DefaultExtensionManager - Registering extension validation (version 3.8)
2018-12-01 11:50:03,345 [main] INFO  org.mule.config.spring.MuleArtifactContext - Refreshing org.mule.config.spring.MuleArtifactContext@29a60c27: startup date [Sat Dec 01 11:50:03 CET 2018]; root of context hierarchy
2018-12-01 11:50:05,265 [main] INFO  org.mule.config.spring.processors.NoDevkitInjectorProcessor - JSR-330 'javax.inject.Inject' annotation found and supported for autowiring
2018-12-01 11:50:06,344 [main] WARN  org.mule.module.ognl.expression.OgnlExpressionEvaluator - OGNL module is deprecated and will be removed in Mule 4.0. Use MEL expressions instead.
2018-12-01 11:50:06,893 [main] INFO  org.mule.util.journal.TransactionJournal - Using files for tx logs /Users/juan/Documents/AnypointStudio/workspace/.mule/./.mule/restwebservice/queue-tx-log/tx1.log and /Users/juan/Documents/AnypointStudio/workspace/.mule/./.mule/restwebservice/queue-tx-log/tx2.log
2018-12-01 11:50:06,911 [main] INFO  org.mule.util.journal.TransactionJournal - Using files for tx logs /Users/juan/Documents/AnypointStudio/workspace/.mule/./.mule/restwebservice/queue-xa-tx-log/tx1.log and /Users/juan/Documents/AnypointStudio/workspace/.mule/./.mule/restwebservice/queue-xa-tx-log/tx2.log
2018-12-01 11:50:07,042 [main] INFO  org.mule.lifecycle.AbstractLifecycleManager - Initialising model: _muleSystemModel
2018-12-01 11:50:07,047 [main] INFO  org.mule.construct.FlowConstructLifecycleManager - Initialising flow: restwebserviceFlow
2018-12-01 11:50:07,047 [main] INFO  org.mule.exception.DefaultMessagingExceptionStrategy - Initialising exception listener: org.mule.exception.DefaultMessagingExceptionStrategy@608b1fd2
2018-12-01 11:50:07,082 [main] INFO  org.mule.processor.SedaStageLifecycleManager - Initialising service: restwebserviceFlow.stage1
2018-12-01 11:50:07,091 [main] INFO  org.mule.component.ComponentLifecycleManager - Initialising component: component.351216770
2018-12-01 11:50:08,461 [main] INFO  org.mule.config.spring.SpringXmlConfigurationBuilder - Configured Mule using "org.mule.config.spring.SpringXmlConfigurationBuilder" with configuration resource(s): "[ConfigResource{resourceName='/Users/juan/Documents/AnypointStudio/workspace/.mule/apps/restwebservice/restwebservice.xml'}]"
2018-12-01 11:50:08,461 [main] INFO  org.mule.config.builders.AutoConfigurationBuilder - Configured Mule using "org.mule.config.builders.AutoConfigurationBuilder" with configuration resource(s): "[ConfigResource{resourceName='/Users/juan/Documents/AnypointStudio/workspace/.mule/apps/restwebservice/restwebservice.xml'}]"
2018-12-01 11:50:11,609 [main] INFO  org.mule.module.launcher.application.DefaultMuleApplication - 
++++++++++++++++++++++++++++++++++++++++++++++++++++++++++++
+ Starting app 'restwebservice'                            +
++++++++++++++++++++++++++++++++++++++++++++++++++++++++++++
2018-12-01 11:50:11,611 [main] INFO  org.mule.util.queue.QueueXaResourceManager - Starting ResourceManager
2018-12-01 11:50:11,611 [main] INFO  org.mule.util.queue.QueueXaResourceManager - Started ResourceManager
2018-12-01 11:50:11,717 [main] INFO  org.mule.module.http.internal.listener.DefaultHttpListenerConfig - Listening for requests on http://0.0.0.0:4343
2018-12-01 11:50:11,721 [main] INFO  org.mule.modules.oauth2.provider.agents.DefaultSplashScreenAgent - 
++++++++++++++++++++++++++++++++++++++++++++++++++++++++++++++++++++++++++++++++
+ DevKit Extensions (0) used in this application 
                             +
++++++++++++++++++++++++++++++++++++++++++++++++++++++++++++++++++++++++++++++++
2018-12-01 11:50:11,726 [main] INFO  org.mule.lifecycle.AbstractLifecycleManager - Starting model: _muleSystemModel
2018-12-01 11:50:11,728 [main] INFO  org.mule.construct.FlowConstructLifecycleManager - Starting flow: restwebserviceFlow
2018-12-01 11:50:11,729 [main] INFO  org.mule.processor.SedaStageLifecycleManager - Starting service: restwebserviceFlow.stage1
2018-12-01 11:50:11,737 [main] INFO  org.mule.component.ComponentLifecycleManager - Starting component: component.351216770
2018-12-01 11:50:11,802 [main] INFO  org.mule.module.management.agent.WrapperManagerAgent - This JVM hasn't been launched by the wrapper, the agent will not run.
2018-12-01 11:50:11,832 [main] INFO  org.mule.DefaultMuleContext - 
**********************************************************************
* Application: restwebservice                                        *
* OS encoding: /, Mule encoding: UTF-8                               *
*                                                                    *
* Agents Running:                                                    *
*   JMX Agent                                                        *
*   DevKit Extension Information                                     *
*   Batch module default engine                                      *
*   Wrapper Manager                                                  *
**********************************************************************
2018-12-01 11:50:39,694 [[restwebservice].HTTP_Listener_Configuration.worker.01] INFO  org.mule.api.processor.LoggerMessageProcessor - null
2018-12-01 11:50:40,581 [[restwebservice].HTTP_Listener_Configuration.worker.01] INFO  org.mule.api.processor.LoggerMessageProcessor - null
2018-12-01 11:51:15,679 [[restwebservice].HTTP_Listener_Configuration.worker.01] INFO  org.mule.api.processor.LoggerMessageProcessor - null
2018-12-01 11:52:06,952 [Mule.app.deployer.monitor.1.thread.1] INFO  org.mule.module.launcher.application.DefaultMuleApplication - 
++++++++++++++++++++++++++++++++++++++++++++++++++++++++++++
+ Stopping app 'restwebservice'                            +
++++++++++++++++++++++++++++++++++++++++++++++++++++++++++++
2018-12-01 11:52:06,954 [Mule.app.deployer.monitor.1.thread.1] INFO  org.mule.construct.FlowConstructLifecycleManager - Stopping flow: restwebserviceFlow
2018-12-01 11:52:06,955 [Mule.app.deployer.monitor.1.thread.1] INFO  org.mule.processor.SedaStageLifecycleManager - Stopping service: restwebserviceFlow.stage1
2018-12-01 11:52:07,015 [Mule.app.deployer.monitor.1.thread.1] INFO  org.mule.component.ComponentLifecycleManager - Stopping component: component.351216770
2018-12-01 11:52:07,017 [Mule.app.deployer.monitor.1.thread.1] INFO  org.mule.lifecycle.AbstractLifecycleManager - Stopping model: _muleSystemModel
2018-12-01 11:52:07,023 [Mule.app.deployer.monitor.1.thread.1] INFO  org.mule.module.http.internal.listener.DefaultHttpListenerConfig - Stopped listener on http://0.0.0.0:4343
2018-12-01 11:52:07,024 [Mule.app.deployer.monitor.1.thread.1] INFO  org.mule.util.queue.QueueXaResourceManager - Stopping ResourceManager
2018-12-01 11:52:07,025 [Mule.app.deployer.monitor.1.thread.1] INFO  org.mule.util.queue.QueueXaResourceManager - Stopped ResourceManager
2018-12-01 11:52:07,034 [Mule.app.deployer.monitor.1.thread.1] INFO  org.mule.module.launcher.application.DefaultMuleApplication - 
++++++++++++++++++++++++++++++++++++++++++++++++++++++++++++
+ Disposing app 'restwebservice'                           +
++++++++++++++++++++++++++++++++++++++++++++++++++++++++++++
2018-12-01 11:52:07,038 [Mule.app.deployer.monitor.1.thread.1] INFO  org.mule.lifecycle.AbstractLifecycleManager - Disposing RegistryBroker
2018-12-01 11:52:07,039 [Mule.app.deployer.monitor.1.thread.1] INFO  org.mule.construct.FlowConstructLifecycleManager - Disposing flow: restwebserviceFlow
2018-12-01 11:52:07,040 [Mule.app.deployer.monitor.1.thread.1] INFO  org.mule.processor.SedaStageLifecycleManager - Disposing service: restwebserviceFlow.stage1
2018-12-01 11:52:07,041 [Mule.app.deployer.monitor.1.thread.1] INFO  org.mule.component.ComponentLifecycleManager - Disposing component: component.351216770
2018-12-01 11:52:07,043 [Mule.app.deployer.monitor.1.thread.1] INFO  org.mule.lifecycle.AbstractLifecycleManager - Disposing model: _muleSystemModel
2018-12-01 11:52:07,328 [Mule.app.deployer.monitor.1.thread.1] INFO  org.mule.config.spring.MuleArtifactContext - Closing org.mule.config.spring.MuleArtifactContext@29a60c27: startup date [Sat Dec 01 11:50:03 CET 2018]; root of context hierarchy
2018-12-01 11:52:07,508 [Mule.app.deployer.monitor.1.thread.1] INFO  org.mule.DefaultMuleContext - 
**********************************************************************
* Application "restwebservice" shut down normally on: 12/1/18 11:52  *
* AM                                                                 *
* Up for: 0 days, 0 hours, 1 mins, 55.895 sec                        *
**********************************************************************
2018-12-01 11:52:07,978 [Mule.app.deployer.monitor.1.thread.1] INFO  org.mule.module.launcher.application.DefaultMuleApplication - 
++++++++++++++++++++++++++++++++++++++++++++++++++++++++++++
+ Initializing app 'restwebservice'                        +
++++++++++++++++++++++++++++++++++++++++++++++++++++++++++++
2018-12-01 11:52:08,000 [Mule.app.deployer.monitor.1.thread.1] WARN  com.mulesoft.module.client.APIPlatformClientCoreExtension - Client ID or Client Secret were not provided. API Manager client is DISABLED for app restwebservice
2018-12-01 11:52:08,005 [Mule.app.deployer.monitor.1.thread.1] INFO  org.mule.lifecycle.AbstractLifecycleManager - Initialising RegistryBroker
2018-12-01 11:52:08,013 [Mule.app.deployer.monitor.1.thread.1] INFO  org.mule.module.extension.internal.manager.DefaultExtensionManager - Starting discovery of extensions
2018-12-01 11:52:08,048 [Mule.app.deployer.monitor.1.thread.1] INFO  org.mule.module.extension.internal.manager.DefaultExtensionManager - Discovered 1 extensions
2018-12-01 11:52:08,049 [Mule.app.deployer.monitor.1.thread.1] INFO  org.mule.module.extension.internal.manager.DefaultExtensionManager - Registering extension validation (version 3.8)
2018-12-01 11:52:08,071 [Mule.app.deployer.monitor.1.thread.1] INFO  org.mule.config.spring.MuleArtifactContext - Refreshing org.mule.config.spring.MuleArtifactContext@1b6017b6: startup date [Sat Dec 01 11:52:08 CET 2018]; root of context hierarchy
2018-12-01 11:52:08,713 [Mule.app.deployer.monitor.1.thread.1] INFO  org.mule.config.spring.processors.NoDevkitInjectorProcessor - JSR-330 'javax.inject.Inject' annotation found and supported for autowiring
2018-12-01 11:52:08,895 [Mule.app.deployer.monitor.1.thread.1] INFO  org.mule.util.journal.TransactionJournal - Using files for tx logs /Users/juan/Documents/AnypointStudio/workspace/.mule/./.mule/restwebservice/queue-tx-log/tx1.log and /Users/juan/Documents/AnypointStudio/workspace/.mule/./.mule/restwebservice/queue-tx-log/tx2.log
2018-12-01 11:52:08,900 [Mule.app.deployer.monitor.1.thread.1] INFO  org.mule.util.journal.TransactionJournal - Using files for tx logs /Users/juan/Documents/AnypointStudio/workspace/.mule/./.mule/restwebservice/queue-xa-tx-log/tx1.log and /Users/juan/Documents/AnypointStudio/workspace/.mule/./.mule/restwebservice/queue-xa-tx-log/tx2.log
2018-12-01 11:52:08,919 [Mule.app.deployer.monitor.1.thread.1] INFO  org.mule.lifecycle.AbstractLifecycleManager - Initialising model: _muleSystemModel
2018-12-01 11:52:08,921 [Mule.app.deployer.monitor.1.thread.1] INFO  org.mule.construct.FlowConstructLifecycleManager - Initialising flow: restwebserviceFlow
2018-12-01 11:52:08,921 [Mule.app.deployer.monitor.1.thread.1] INFO  org.mule.exception.DefaultMessagingExceptionStrategy - Initialising exception listener: org.mule.exception.DefaultMessagingExceptionStrategy@345819e5
2018-12-01 11:52:08,928 [Mule.app.deployer.monitor.1.thread.1] INFO  org.mule.processor.SedaStageLifecycleManager - Initialising service: restwebserviceFlow.stage1
2018-12-01 11:52:08,928 [Mule.app.deployer.monitor.1.thread.1] INFO  org.mule.component.ComponentLifecycleManager - Initialising component: component.1620766378
2018-12-01 11:52:09,109 [Mule.app.deployer.monitor.1.thread.1] INFO  org.mule.config.spring.SpringXmlConfigurationBuilder - Configured Mule using "org.mule.config.spring.SpringXmlConfigurationBuilder" with configuration resource(s): "[ConfigResource{resourceName='/Users/juan/Documents/AnypointStudio/workspace/.mule/apps/restwebservice/restwebservice.xml'}]"
2018-12-01 11:52:09,110 [Mule.app.deployer.monitor.1.thread.1] INFO  org.mule.config.builders.AutoConfigurationBuilder - Configured Mule using "org.mule.config.builders.AutoConfigurationBuilder" with configuration resource(s): "[ConfigResource{resourceName='/Users/juan/Documents/AnypointStudio/workspace/.mule/apps/restwebservice/restwebservice.xml'}]"
2018-12-01 11:52:12,126 [Mule.app.deployer.monitor.1.thread.1] INFO  org.mule.module.launcher.application.DefaultMuleApplication - 
++++++++++++++++++++++++++++++++++++++++++++++++++++++++++++
+ Starting app 'restwebservice'                            +
++++++++++++++++++++++++++++++++++++++++++++++++++++++++++++
2018-12-01 11:52:12,129 [Mule.app.deployer.monitor.1.thread.1] INFO  org.mule.util.queue.QueueXaResourceManager - Starting ResourceManager
2018-12-01 11:52:12,129 [Mule.app.deployer.monitor.1.thread.1] INFO  org.mule.util.queue.QueueXaResourceManager - Started ResourceManager
2018-12-01 11:52:12,147 [Mule.app.deployer.monitor.1.thread.1] INFO  org.mule.module.http.internal.listener.DefaultHttpListenerConfig - Listening for requests on http://0.0.0.0:4343
2018-12-01 11:52:12,151 [Mule.app.deployer.monitor.1.thread.1] INFO  org.mule.modules.oauth2.provider.agents.DefaultSplashScreenAgent - 
++++++++++++++++++++++++++++++++++++++++++++++++++++++++++++++++++++++++++++++++
+ DevKit Extensions (0) used in this application 
                             +
++++++++++++++++++++++++++++++++++++++++++++++++++++++++++++++++++++++++++++++++
2018-12-01 11:52:12,155 [Mule.app.deployer.monitor.1.thread.1] INFO  org.mule.lifecycle.AbstractLifecycleManager - Starting model: _muleSystemModel
2018-12-01 11:52:12,158 [Mule.app.deployer.monitor.1.thread.1] INFO  org.mule.construct.FlowConstructLifecycleManager - Starting flow: restwebserviceFlow
2018-12-01 11:52:12,158 [Mule.app.deployer.monitor.1.thread.1] INFO  org.mule.processor.SedaStageLifecycleManager - Starting service: restwebserviceFlow.stage1
2018-12-01 11:52:12,165 [Mule.app.deployer.monitor.1.thread.1] INFO  org.mule.component.ComponentLifecycleManager - Starting component: component.1620766378
2018-12-01 11:52:12,190 [Mule.app.deployer.monitor.1.thread.1] INFO  org.mule.module.management.agent.WrapperManagerAgent - This JVM hasn't been launched by the wrapper, the agent will not run.
2018-12-01 11:52:12,201 [Mule.app.deployer.monitor.1.thread.1] INFO  org.mule.DefaultMuleContext - 
**********************************************************************
* Application: restwebservice                                        *
* OS encoding: /, Mule encoding: UTF-8                               *
*                                                                    *
* Agents Running:                                                    *
*   JMX Agent                                                        *
*   DevKit Extension Information                                     *
*   Batch module default engine                                      *
*   Wrapper Manager                                                  *
**********************************************************************
2018-12-01 11:54:14,960 [main] INFO  org.mule.module.launcher.application.DefaultMuleApplication - 
++++++++++++++++++++++++++++++++++++++++++++++++++++++++++++
+ Initializing app 'restwebservice'                        +
++++++++++++++++++++++++++++++++++++++++++++++++++++++++++++
2018-12-01 11:54:15,119 [main] INFO  org.mule.lifecycle.AbstractLifecycleManager - Initialising RegistryBroker
2018-12-01 11:54:15,226 [main] INFO  org.mule.module.extension.internal.manager.DefaultExtensionManager - Starting discovery of extensions
2018-12-01 11:54:15,392 [main] INFO  org.mule.module.extension.internal.manager.DefaultExtensionManager - Discovered 1 extensions
2018-12-01 11:54:15,392 [main] INFO  org.mule.module.extension.internal.manager.DefaultExtensionManager - Registering extension validation (version 3.8)
2018-12-01 11:54:15,455 [main] INFO  org.mule.config.spring.MuleArtifactContext - Refreshing org.mule.config.spring.MuleArtifactContext@29a60c27: startup date [Sat Dec 01 11:54:15 CET 2018]; root of context hierarchy
2018-12-01 11:54:17,655 [main] INFO  org.mule.config.spring.processors.NoDevkitInjectorProcessor - JSR-330 'javax.inject.Inject' annotation found and supported for autowiring
2018-12-01 11:54:18,701 [main] WARN  org.mule.module.ognl.expression.OgnlExpressionEvaluator - OGNL module is deprecated and will be removed in Mule 4.0. Use MEL expressions instead.
2018-12-01 11:54:19,135 [main] INFO  org.mule.util.journal.TransactionJournal - Using files for tx logs /Users/juan/Documents/AnypointStudio/workspace/.mule/./.mule/restwebservice/queue-tx-log/tx1.log and /Users/juan/Documents/AnypointStudio/workspace/.mule/./.mule/restwebservice/queue-tx-log/tx2.log
2018-12-01 11:54:19,152 [main] INFO  org.mule.util.journal.TransactionJournal - Using files for tx logs /Users/juan/Documents/AnypointStudio/workspace/.mule/./.mule/restwebservice/queue-xa-tx-log/tx1.log and /Users/juan/Documents/AnypointStudio/workspace/.mule/./.mule/restwebservice/queue-xa-tx-log/tx2.log
2018-12-01 11:54:19,267 [main] INFO  org.mule.lifecycle.AbstractLifecycleManager - Initialising model: _muleSystemModel
2018-12-01 11:54:19,270 [main] INFO  org.mule.construct.FlowConstructLifecycleManager - Initialising flow: restwebserviceFlow
2018-12-01 11:54:19,271 [main] INFO  org.mule.exception.DefaultMessagingExceptionStrategy - Initialising exception listener: org.mule.exception.DefaultMessagingExceptionStrategy@77bc2e16
2018-12-01 11:54:19,302 [main] INFO  org.mule.processor.SedaStageLifecycleManager - Initialising service: restwebserviceFlow.stage1
2018-12-01 11:54:19,313 [main] INFO  org.mule.component.ComponentLifecycleManager - Initialising component: component.351216770
2018-12-01 11:54:20,582 [main] INFO  org.mule.config.spring.SpringXmlConfigurationBuilder - Configured Mule using "org.mule.config.spring.SpringXmlConfigurationBuilder" with configuration resource(s): "[ConfigResource{resourceName='/Users/juan/Documents/AnypointStudio/workspace/.mule/apps/restwebservice/restwebservice.xml'}]"
2018-12-01 11:54:20,585 [main] INFO  org.mule.config.builders.AutoConfigurationBuilder - Configured Mule using "org.mule.config.builders.AutoConfigurationBuilder" with configuration resource(s): "[ConfigResource{resourceName='/Users/juan/Documents/AnypointStudio/workspace/.mule/apps/restwebservice/restwebservice.xml'}]"
2018-12-01 11:54:23,740 [main] INFO  org.mule.module.launcher.application.DefaultMuleApplication - 
++++++++++++++++++++++++++++++++++++++++++++++++++++++++++++
+ Starting app 'restwebservice'                            +
++++++++++++++++++++++++++++++++++++++++++++++++++++++++++++
2018-12-01 11:54:23,742 [main] INFO  org.mule.util.queue.QueueXaResourceManager - Starting ResourceManager
2018-12-01 11:54:23,742 [main] INFO  org.mule.util.queue.QueueXaResourceManager - Started ResourceManager
2018-12-01 11:54:23,818 [main] INFO  org.mule.module.http.internal.listener.DefaultHttpListenerConfig - Listening for requests on http://0.0.0.0:4343
2018-12-01 11:54:23,821 [main] INFO  org.mule.modules.oauth2.provider.agents.DefaultSplashScreenAgent - 
++++++++++++++++++++++++++++++++++++++++++++++++++++++++++++++++++++++++++++++++
+ DevKit Extensions (0) used in this application 
                             +
++++++++++++++++++++++++++++++++++++++++++++++++++++++++++++++++++++++++++++++++
2018-12-01 11:54:23,824 [main] INFO  org.mule.lifecycle.AbstractLifecycleManager - Starting model: _muleSystemModel
2018-12-01 11:54:23,826 [main] INFO  org.mule.construct.FlowConstructLifecycleManager - Starting flow: restwebserviceFlow
2018-12-01 11:54:23,826 [main] INFO  org.mule.processor.SedaStageLifecycleManager - Starting service: restwebserviceFlow.stage1
2018-12-01 11:54:23,831 [main] INFO  org.mule.component.ComponentLifecycleManager - Starting component: component.351216770
2018-12-01 11:54:23,887 [main] INFO  org.mule.module.management.agent.WrapperManagerAgent - This JVM hasn't been launched by the wrapper, the agent will not run.
2018-12-01 11:54:23,912 [main] INFO  org.mule.DefaultMuleContext - 
**********************************************************************
* Application: restwebservice                                        *
* OS encoding: /, Mule encoding: UTF-8                               *
*                                                                    *
* Agents Running:                                                    *
*   JMX Agent                                                        *
*   DevKit Extension Information                                     *
*   Batch module default engine                                      *
*   Wrapper Manager                                                  *
**********************************************************************
2018-12-01 11:54:25,270 [[restwebservice].HTTP_Listener_Configuration.worker.01] INFO  org.mule.api.processor.LoggerMessageProcessor - null
2018-12-01 11:55:12,873 [[restwebservice].HTTP_Listener_Configuration.worker.01] INFO  org.mule.api.processor.LoggerMessageProcessor - null
2018-12-01 11:55:23,021 [main] INFO  org.mule.module.launcher.application.DefaultMuleApplication - 
++++++++++++++++++++++++++++++++++++++++++++++++++++++++++++
+ Initializing app 'restwebservice'                        +
++++++++++++++++++++++++++++++++++++++++++++++++++++++++++++
2018-12-01 11:55:23,322 [main] INFO  org.mule.lifecycle.AbstractLifecycleManager - Initialising RegistryBroker
2018-12-01 11:55:23,598 [main] INFO  org.mule.module.extension.internal.manager.DefaultExtensionManager - Starting discovery of extensions
2018-12-01 11:55:23,878 [main] INFO  org.mule.module.extension.internal.manager.DefaultExtensionManager - Discovered 1 extensions
2018-12-01 11:55:23,878 [main] INFO  org.mule.module.extension.internal.manager.DefaultExtensionManager - Registering extension validation (version 3.8)
2018-12-01 11:55:23,973 [main] INFO  org.mule.config.spring.MuleArtifactContext - Refreshing org.mule.config.spring.MuleArtifactContext@29a60c27: startup date [Sat Dec 01 11:55:23 CET 2018]; root of context hierarchy
2018-12-01 11:55:27,112 [main] INFO  org.mule.config.spring.processors.NoDevkitInjectorProcessor - JSR-330 'javax.inject.Inject' annotation found and supported for autowiring
2018-12-01 11:55:28,210 [main] WARN  org.mule.module.ognl.expression.OgnlExpressionEvaluator - OGNL module is deprecated and will be removed in Mule 4.0. Use MEL expressions instead.
2018-12-01 11:55:29,012 [main] INFO  org.mule.util.journal.TransactionJournal - Using files for tx logs /Users/juan/Documents/AnypointStudio/workspace/.mule/./.mule/restwebservice/queue-tx-log/tx1.log and /Users/juan/Documents/AnypointStudio/workspace/.mule/./.mule/restwebservice/queue-tx-log/tx2.log
2018-12-01 11:55:29,029 [main] INFO  org.mule.util.journal.TransactionJournal - Using files for tx logs /Users/juan/Documents/AnypointStudio/workspace/.mule/./.mule/restwebservice/queue-xa-tx-log/tx1.log and /Users/juan/Documents/AnypointStudio/workspace/.mule/./.mule/restwebservice/queue-xa-tx-log/tx2.log
2018-12-01 11:55:29,207 [main] INFO  org.mule.lifecycle.AbstractLifecycleManager - Initialising model: _muleSystemModel
2018-12-01 11:55:29,221 [main] INFO  org.mule.construct.FlowConstructLifecycleManager - Initialising flow: restwebserviceFlow
2018-12-01 11:55:29,221 [main] INFO  org.mule.exception.DefaultMessagingExceptionStrategy - Initialising exception listener: org.mule.exception.DefaultMessagingExceptionStrategy@77bc2e16
2018-12-01 11:55:29,263 [main] INFO  org.mule.processor.SedaStageLifecycleManager - Initialising service: restwebserviceFlow.stage1
2018-12-01 11:55:29,275 [main] INFO  org.mule.component.ComponentLifecycleManager - Initialising component: component.351216770
2018-12-01 11:55:30,681 [main] INFO  org.mule.config.spring.SpringXmlConfigurationBuilder - Configured Mule using "org.mule.config.spring.SpringXmlConfigurationBuilder" with configuration resource(s): "[ConfigResource{resourceName='/Users/juan/Documents/AnypointStudio/workspace/.mule/apps/restwebservice/restwebservice.xml'}]"
2018-12-01 11:55:30,682 [main] INFO  org.mule.config.builders.AutoConfigurationBuilder - Configured Mule using "org.mule.config.builders.AutoConfigurationBuilder" with configuration resource(s): "[ConfigResource{resourceName='/Users/juan/Documents/AnypointStudio/workspace/.mule/apps/restwebservice/restwebservice.xml'}]"
2018-12-01 11:55:33,867 [main] INFO  org.mule.module.launcher.application.DefaultMuleApplication - 
++++++++++++++++++++++++++++++++++++++++++++++++++++++++++++
+ Starting app 'restwebservice'                            +
++++++++++++++++++++++++++++++++++++++++++++++++++++++++++++
2018-12-01 11:55:33,880 [main] INFO  org.mule.util.queue.QueueXaResourceManager - Starting ResourceManager
2018-12-01 11:55:33,882 [main] INFO  org.mule.util.queue.QueueXaResourceManager - Started ResourceManager
2018-12-01 11:55:34,076 [main] INFO  org.mule.module.http.internal.listener.DefaultHttpListenerConfig - Listening for requests on http://0.0.0.0:4343
2018-12-01 11:55:34,089 [main] INFO  org.mule.modules.oauth2.provider.agents.DefaultSplashScreenAgent - 
++++++++++++++++++++++++++++++++++++++++++++++++++++++++++++++++++++++++++++++++
+ DevKit Extensions (0) used in this application 
                             +
++++++++++++++++++++++++++++++++++++++++++++++++++++++++++++++++++++++++++++++++
2018-12-01 11:55:34,099 [main] INFO  org.mule.lifecycle.AbstractLifecycleManager - Starting model: _muleSystemModel
2018-12-01 11:55:34,104 [main] INFO  org.mule.construct.FlowConstructLifecycleManager - Starting flow: restwebserviceFlow
2018-12-01 11:55:34,105 [main] INFO  org.mule.processor.SedaStageLifecycleManager - Starting service: restwebserviceFlow.stage1
2018-12-01 11:55:34,113 [main] INFO  org.mule.component.ComponentLifecycleManager - Starting component: component.351216770
2018-12-01 11:55:34,321 [main] INFO  org.mule.module.management.agent.WrapperManagerAgent - This JVM hasn't been launched by the wrapper, the agent will not run.
2018-12-01 11:55:34,393 [main] INFO  org.mule.DefaultMuleContext - 
**********************************************************************
* Application: restwebservice                                        *
* OS encoding: /, Mule encoding: UTF-8                               *
*                                                                    *
* Agents Running:                                                    *
*   JMX Agent                                                        *
*   DevKit Extension Information                                     *
*   Batch module default engine                                      *
*   Wrapper Manager                                                  *
**********************************************************************
2018-12-01 12:01:54,295 [[restwebservice].HTTP_Listener_Configuration.worker.01] INFO  org.mule.api.processor.LoggerMessageProcessor - null
2018-12-01 12:02:29,568 [[restwebservice].HTTP_Listener_Configuration.worker.01] INFO  org.mule.api.processor.LoggerMessageProcessor - null
2018-12-01 12:02:51,313 [[restwebservice].HTTP_Listener_Configuration.worker.01] INFO  org.mule.api.processor.LoggerMessageProcessor - null
2018-12-01 12:03:00,917 [[restwebservice].HTTP_Listener_Configuration.worker.01] INFO  org.mule.api.processor.LoggerMessageProcessor - null
2018-12-01 12:03:25,145 [main] INFO  org.mule.module.launcher.application.DefaultMuleApplication - 
++++++++++++++++++++++++++++++++++++++++++++++++++++++++++++
+ Initializing app 'restwebservice'                        +
++++++++++++++++++++++++++++++++++++++++++++++++++++++++++++
2018-12-01 12:03:25,321 [main] INFO  org.mule.lifecycle.AbstractLifecycleManager - Initialising RegistryBroker
2018-12-01 12:03:25,450 [main] INFO  org.mule.module.extension.internal.manager.DefaultExtensionManager - Starting discovery of extensions
2018-12-01 12:03:25,680 [main] INFO  org.mule.module.extension.internal.manager.DefaultExtensionManager - Discovered 1 extensions
2018-12-01 12:03:25,680 [main] INFO  org.mule.module.extension.internal.manager.DefaultExtensionManager - Registering extension validation (version 3.8)
2018-12-01 12:03:25,774 [main] INFO  org.mule.config.spring.MuleArtifactContext - Refreshing org.mule.config.spring.MuleArtifactContext@29a60c27: startup date [Sat Dec 01 12:03:25 CET 2018]; root of context hierarchy
2018-12-01 12:03:28,628 [main] INFO  org.mule.config.spring.processors.NoDevkitInjectorProcessor - JSR-330 'javax.inject.Inject' annotation found and supported for autowiring
2018-12-01 12:03:30,462 [main] WARN  org.mule.module.ognl.expression.OgnlExpressionEvaluator - OGNL module is deprecated and will be removed in Mule 4.0. Use MEL expressions instead.
2018-12-01 12:03:31,144 [main] INFO  org.mule.util.journal.TransactionJournal - Using files for tx logs /Users/juan/Documents/AnypointStudio/workspace/.mule/./.mule/restwebservice/queue-tx-log/tx1.log and /Users/juan/Documents/AnypointStudio/workspace/.mule/./.mule/restwebservice/queue-tx-log/tx2.log
2018-12-01 12:03:31,160 [main] INFO  org.mule.util.journal.TransactionJournal - Using files for tx logs /Users/juan/Documents/AnypointStudio/workspace/.mule/./.mule/restwebservice/queue-xa-tx-log/tx1.log and /Users/juan/Documents/AnypointStudio/workspace/.mule/./.mule/restwebservice/queue-xa-tx-log/tx2.log
2018-12-01 12:03:31,287 [main] INFO  org.mule.lifecycle.AbstractLifecycleManager - Initialising model: _muleSystemModel
2018-12-01 12:03:31,292 [main] INFO  org.mule.construct.FlowConstructLifecycleManager - Initialising flow: restwebserviceFlow
2018-12-01 12:03:31,293 [main] INFO  org.mule.exception.DefaultMessagingExceptionStrategy - Initialising exception listener: org.mule.exception.DefaultMessagingExceptionStrategy@77bc2e16
2018-12-01 12:03:31,337 [main] INFO  org.mule.processor.SedaStageLifecycleManager - Initialising service: restwebserviceFlow.stage1
2018-12-01 12:03:31,356 [main] INFO  org.mule.component.ComponentLifecycleManager - Initialising component: component.351216770
2018-12-01 12:03:33,135 [main] INFO  org.mule.config.spring.SpringXmlConfigurationBuilder - Configured Mule using "org.mule.config.spring.SpringXmlConfigurationBuilder" with configuration resource(s): "[ConfigResource{resourceName='/Users/juan/Documents/AnypointStudio/workspace/.mule/apps/restwebservice/restwebservice.xml'}]"
2018-12-01 12:03:33,135 [main] INFO  org.mule.config.builders.AutoConfigurationBuilder - Configured Mule using "org.mule.config.builders.AutoConfigurationBuilder" with configuration resource(s): "[ConfigResource{resourceName='/Users/juan/Documents/AnypointStudio/workspace/.mule/apps/restwebservice/restwebservice.xml'}]"
2018-12-01 12:03:36,252 [main] INFO  org.mule.module.launcher.application.DefaultMuleApplication - 
++++++++++++++++++++++++++++++++++++++++++++++++++++++++++++
+ Starting app 'restwebservice'                            +
++++++++++++++++++++++++++++++++++++++++++++++++++++++++++++
2018-12-01 12:03:36,254 [main] INFO  org.mule.util.queue.QueueXaResourceManager - Starting ResourceManager
2018-12-01 12:03:36,254 [main] INFO  org.mule.util.queue.QueueXaResourceManager - Started ResourceManager
2018-12-01 12:03:36,321 [main] INFO  org.mule.module.http.internal.listener.DefaultHttpListenerConfig - Listening for requests on http://0.0.0.0:4343
2018-12-01 12:03:36,326 [main] INFO  org.mule.modules.oauth2.provider.agents.DefaultSplashScreenAgent - 
++++++++++++++++++++++++++++++++++++++++++++++++++++++++++++++++++++++++++++++++
+ DevKit Extensions (0) used in this application 
                             +
++++++++++++++++++++++++++++++++++++++++++++++++++++++++++++++++++++++++++++++++
2018-12-01 12:03:36,329 [main] INFO  org.mule.lifecycle.AbstractLifecycleManager - Starting model: _muleSystemModel
2018-12-01 12:03:36,331 [main] INFO  org.mule.construct.FlowConstructLifecycleManager - Starting flow: restwebserviceFlow
2018-12-01 12:03:36,332 [main] INFO  org.mule.processor.SedaStageLifecycleManager - Starting service: restwebserviceFlow.stage1
2018-12-01 12:03:36,341 [main] INFO  org.mule.component.ComponentLifecycleManager - Starting component: component.351216770
2018-12-01 12:03:36,405 [main] INFO  org.mule.module.management.agent.WrapperManagerAgent - This JVM hasn't been launched by the wrapper, the agent will not run.
2018-12-01 12:03:36,431 [main] INFO  org.mule.DefaultMuleContext - 
**********************************************************************
* Application: restwebservice                                        *
* OS encoding: /, Mule encoding: UTF-8                               *
*                                                                    *
* Agents Running:                                                    *
*   JMX Agent                                                        *
*   DevKit Extension Information                                     *
*   Batch module default engine                                      *
*   Wrapper Manager                                                  *
**********************************************************************
2018-12-01 12:03:39,299 [[restwebservice].HTTP_Listener_Configuration.worker.01] INFO  org.mule.api.processor.LoggerMessageProcessor - null
2018-12-01 12:03:39,756 [[restwebservice].HTTP_Listener_Configuration.worker.01] INFO  org.mule.api.processor.LoggerMessageProcessor - null
2018-12-01 12:03:59,963 [main] INFO  org.mule.module.launcher.application.DefaultMuleApplication - 
++++++++++++++++++++++++++++++++++++++++++++++++++++++++++++
+ Initializing app 'restwebservice'                        +
++++++++++++++++++++++++++++++++++++++++++++++++++++++++++++
2018-12-01 12:04:00,137 [main] INFO  org.mule.lifecycle.AbstractLifecycleManager - Initialising RegistryBroker
2018-12-01 12:04:00,283 [main] INFO  org.mule.module.extension.internal.manager.DefaultExtensionManager - Starting discovery of extensions
2018-12-01 12:04:00,523 [main] INFO  org.mule.module.extension.internal.manager.DefaultExtensionManager - Discovered 1 extensions
2018-12-01 12:04:00,524 [main] INFO  org.mule.module.extension.internal.manager.DefaultExtensionManager - Registering extension validation (version 3.8)
2018-12-01 12:04:00,581 [main] INFO  org.mule.config.spring.MuleArtifactContext - Refreshing org.mule.config.spring.MuleArtifactContext@29a60c27: startup date [Sat Dec 01 12:04:00 CET 2018]; root of context hierarchy
2018-12-01 12:04:02,323 [main] INFO  org.mule.config.spring.processors.NoDevkitInjectorProcessor - JSR-330 'javax.inject.Inject' annotation found and supported for autowiring
2018-12-01 12:04:03,420 [main] WARN  org.mule.module.ognl.expression.OgnlExpressionEvaluator - OGNL module is deprecated and will be removed in Mule 4.0. Use MEL expressions instead.
2018-12-01 12:04:03,863 [main] INFO  org.mule.util.journal.TransactionJournal - Using files for tx logs /Users/juan/Documents/AnypointStudio/workspace/.mule/./.mule/restwebservice/queue-tx-log/tx1.log and /Users/juan/Documents/AnypointStudio/workspace/.mule/./.mule/restwebservice/queue-tx-log/tx2.log
2018-12-01 12:04:03,874 [main] INFO  org.mule.util.journal.TransactionJournal - Using files for tx logs /Users/juan/Documents/AnypointStudio/workspace/.mule/./.mule/restwebservice/queue-xa-tx-log/tx1.log and /Users/juan/Documents/AnypointStudio/workspace/.mule/./.mule/restwebservice/queue-xa-tx-log/tx2.log
2018-12-01 12:04:03,963 [main] INFO  org.mule.lifecycle.AbstractLifecycleManager - Initialising model: _muleSystemModel
2018-12-01 12:04:03,968 [main] INFO  org.mule.construct.FlowConstructLifecycleManager - Initialising flow: restwebserviceFlow
2018-12-01 12:04:03,969 [main] INFO  org.mule.exception.DefaultMessagingExceptionStrategy - Initialising exception listener: org.mule.exception.DefaultMessagingExceptionStrategy@77bc2e16
2018-12-01 12:04:04,012 [main] INFO  org.mule.processor.SedaStageLifecycleManager - Initialising service: restwebserviceFlow.stage1
2018-12-01 12:04:04,030 [main] INFO  org.mule.component.ComponentLifecycleManager - Initialising component: component.351216770
2018-12-01 12:04:05,444 [main] INFO  org.mule.config.spring.SpringXmlConfigurationBuilder - Configured Mule using "org.mule.config.spring.SpringXmlConfigurationBuilder" with configuration resource(s): "[ConfigResource{resourceName='/Users/juan/Documents/AnypointStudio/workspace/.mule/apps/restwebservice/restwebservice.xml'}]"
2018-12-01 12:04:05,445 [main] INFO  org.mule.config.builders.AutoConfigurationBuilder - Configured Mule using "org.mule.config.builders.AutoConfigurationBuilder" with configuration resource(s): "[ConfigResource{resourceName='/Users/juan/Documents/AnypointStudio/workspace/.mule/apps/restwebservice/restwebservice.xml'}]"
2018-12-01 12:04:08,602 [main] INFO  org.mule.module.launcher.application.DefaultMuleApplication - 
++++++++++++++++++++++++++++++++++++++++++++++++++++++++++++
+ Starting app 'restwebservice'                            +
++++++++++++++++++++++++++++++++++++++++++++++++++++++++++++
2018-12-01 12:04:08,604 [main] INFO  org.mule.util.queue.QueueXaResourceManager - Starting ResourceManager
2018-12-01 12:04:08,604 [main] INFO  org.mule.util.queue.QueueXaResourceManager - Started ResourceManager
2018-12-01 12:04:08,716 [main] INFO  org.mule.module.http.internal.listener.DefaultHttpListenerConfig - Listening for requests on http://0.0.0.0:4343
2018-12-01 12:04:08,720 [main] INFO  org.mule.modules.oauth2.provider.agents.DefaultSplashScreenAgent - 
++++++++++++++++++++++++++++++++++++++++++++++++++++++++++++++++++++++++++++++++
+ DevKit Extensions (0) used in this application 
                             +
++++++++++++++++++++++++++++++++++++++++++++++++++++++++++++++++++++++++++++++++
2018-12-01 12:04:08,724 [main] INFO  org.mule.lifecycle.AbstractLifecycleManager - Starting model: _muleSystemModel
2018-12-01 12:04:08,726 [main] INFO  org.mule.construct.FlowConstructLifecycleManager - Starting flow: restwebserviceFlow
2018-12-01 12:04:08,727 [main] INFO  org.mule.processor.SedaStageLifecycleManager - Starting service: restwebserviceFlow.stage1
2018-12-01 12:04:08,733 [main] INFO  org.mule.component.ComponentLifecycleManager - Starting component: component.351216770
2018-12-01 12:04:08,798 [main] INFO  org.mule.module.management.agent.WrapperManagerAgent - This JVM hasn't been launched by the wrapper, the agent will not run.
2018-12-01 12:04:08,824 [main] INFO  org.mule.DefaultMuleContext - 
**********************************************************************
* Application: restwebservice                                        *
* OS encoding: /, Mule encoding: UTF-8                               *
*                                                                    *
* Agents Running:                                                    *
*   JMX Agent                                                        *
*   DevKit Extension Information                                     *
*   Batch module default engine                                      *
*   Wrapper Manager                                                  *
**********************************************************************
2018-12-01 12:05:56,496 [[restwebservice].HTTP_Listener_Configuration.worker.01] INFO  org.mule.api.processor.LoggerMessageProcessor - null
2018-12-01 12:32:35,405 [main] INFO  org.mule.module.launcher.application.DefaultMuleApplication - 
++++++++++++++++++++++++++++++++++++++++++++++++++++++++++++
+ Initializing app 'restwebservice'                        +
++++++++++++++++++++++++++++++++++++++++++++++++++++++++++++
2018-12-01 12:32:35,559 [main] INFO  org.mule.lifecycle.AbstractLifecycleManager - Initialising RegistryBroker
2018-12-01 12:32:35,659 [main] INFO  org.mule.module.extension.internal.manager.DefaultExtensionManager - Starting discovery of extensions
2018-12-01 12:32:35,815 [main] INFO  org.mule.module.extension.internal.manager.DefaultExtensionManager - Discovered 1 extensions
2018-12-01 12:32:35,816 [main] INFO  org.mule.module.extension.internal.manager.DefaultExtensionManager - Registering extension validation (version 3.8)
2018-12-01 12:32:35,885 [main] INFO  org.mule.config.spring.MuleArtifactContext - Refreshing org.mule.config.spring.MuleArtifactContext@29a60c27: startup date [Sat Dec 01 12:32:35 CET 2018]; root of context hierarchy
2018-12-01 12:32:37,521 [main] INFO  org.mule.config.spring.processors.NoDevkitInjectorProcessor - JSR-330 'javax.inject.Inject' annotation found and supported for autowiring
2018-12-01 12:32:38,593 [main] WARN  org.mule.module.ognl.expression.OgnlExpressionEvaluator - OGNL module is deprecated and will be removed in Mule 4.0. Use MEL expressions instead.
2018-12-01 12:32:39,038 [main] INFO  org.mule.util.journal.TransactionJournal - Using files for tx logs /Users/juan/Documents/AnypointStudio/workspace/.mule/./.mule/restwebservice/queue-tx-log/tx1.log and /Users/juan/Documents/AnypointStudio/workspace/.mule/./.mule/restwebservice/queue-tx-log/tx2.log
2018-12-01 12:32:39,052 [main] INFO  org.mule.util.journal.TransactionJournal - Using files for tx logs /Users/juan/Documents/AnypointStudio/workspace/.mule/./.mule/restwebservice/queue-xa-tx-log/tx1.log and /Users/juan/Documents/AnypointStudio/workspace/.mule/./.mule/restwebservice/queue-xa-tx-log/tx2.log
2018-12-01 12:32:39,174 [main] INFO  org.mule.lifecycle.AbstractLifecycleManager - Initialising model: _muleSystemModel
2018-12-01 12:32:39,182 [main] INFO  org.mule.construct.FlowConstructLifecycleManager - Initialising flow: restwebserviceFlow
2018-12-01 12:32:39,189 [main] INFO  org.mule.exception.DefaultMessagingExceptionStrategy - Initialising exception listener: org.mule.exception.DefaultMessagingExceptionStrategy@77bc2e16
2018-12-01 12:32:39,225 [main] INFO  org.mule.processor.SedaStageLifecycleManager - Initialising service: restwebserviceFlow.stage1
2018-12-01 12:32:39,243 [main] INFO  org.mule.component.ComponentLifecycleManager - Initialising component: component.351216770
2018-12-01 12:32:40,586 [main] INFO  org.mule.config.spring.SpringXmlConfigurationBuilder - Configured Mule using "org.mule.config.spring.SpringXmlConfigurationBuilder" with configuration resource(s): "[ConfigResource{resourceName='/Users/juan/Documents/AnypointStudio/workspace/.mule/apps/restwebservice/restwebservice.xml'}]"
2018-12-01 12:32:40,586 [main] INFO  org.mule.config.builders.AutoConfigurationBuilder - Configured Mule using "org.mule.config.builders.AutoConfigurationBuilder" with configuration resource(s): "[ConfigResource{resourceName='/Users/juan/Documents/AnypointStudio/workspace/.mule/apps/restwebservice/restwebservice.xml'}]"
2018-12-01 12:32:43,703 [main] INFO  org.mule.module.launcher.application.DefaultMuleApplication - 
++++++++++++++++++++++++++++++++++++++++++++++++++++++++++++
+ Starting app 'restwebservice'                            +
++++++++++++++++++++++++++++++++++++++++++++++++++++++++++++
2018-12-01 12:32:43,705 [main] INFO  org.mule.util.queue.QueueXaResourceManager - Starting ResourceManager
2018-12-01 12:32:43,705 [main] INFO  org.mule.util.queue.QueueXaResourceManager - Started ResourceManager
2018-12-01 12:32:43,802 [main] INFO  org.mule.module.http.internal.listener.DefaultHttpListenerConfig - Listening for requests on http://0.0.0.0:4343
2018-12-01 12:32:43,805 [main] INFO  org.mule.modules.oauth2.provider.agents.DefaultSplashScreenAgent - 
++++++++++++++++++++++++++++++++++++++++++++++++++++++++++++++++++++++++++++++++
+ DevKit Extensions (0) used in this application 
                             +
++++++++++++++++++++++++++++++++++++++++++++++++++++++++++++++++++++++++++++++++
2018-12-01 12:32:43,809 [main] INFO  org.mule.lifecycle.AbstractLifecycleManager - Starting model: _muleSystemModel
2018-12-01 12:32:43,812 [main] INFO  org.mule.construct.FlowConstructLifecycleManager - Starting flow: restwebserviceFlow
2018-12-01 12:32:43,813 [main] INFO  org.mule.processor.SedaStageLifecycleManager - Starting service: restwebserviceFlow.stage1
2018-12-01 12:32:43,819 [main] INFO  org.mule.component.ComponentLifecycleManager - Starting component: component.351216770
2018-12-01 12:32:43,885 [main] INFO  org.mule.module.management.agent.WrapperManagerAgent - This JVM hasn't been launched by the wrapper, the agent will not run.
2018-12-01 12:32:43,909 [main] INFO  org.mule.DefaultMuleContext - 
**********************************************************************
* Application: restwebservice                                        *
* OS encoding: /, Mule encoding: UTF-8                               *
*                                                                    *
* Agents Running:                                                    *
*   JMX Agent                                                        *
*   DevKit Extension Information                                     *
*   Batch module default engine                                      *
*   Wrapper Manager                                                  *
**********************************************************************
2018-12-01 12:32:44,927 [[restwebservice].HTTP_Listener_Configuration.worker.01] INFO  org.mule.api.processor.LoggerMessageProcessor - null
2018-12-01 12:35:47,790 [main] INFO  org.mule.module.launcher.application.DefaultMuleApplication - 
++++++++++++++++++++++++++++++++++++++++++++++++++++++++++++
+ Initializing app 'restwebservice'                        +
++++++++++++++++++++++++++++++++++++++++++++++++++++++++++++
2018-12-01 12:35:47,957 [main] INFO  org.mule.lifecycle.AbstractLifecycleManager - Initialising RegistryBroker
2018-12-01 12:35:48,055 [main] INFO  org.mule.module.extension.internal.manager.DefaultExtensionManager - Starting discovery of extensions
2018-12-01 12:35:48,257 [main] INFO  org.mule.module.extension.internal.manager.DefaultExtensionManager - Discovered 1 extensions
2018-12-01 12:35:48,257 [main] INFO  org.mule.module.extension.internal.manager.DefaultExtensionManager - Registering extension validation (version 3.8)
2018-12-01 12:35:48,329 [main] INFO  org.mule.config.spring.MuleArtifactContext - Refreshing org.mule.config.spring.MuleArtifactContext@29a60c27: startup date [Sat Dec 01 12:35:48 CET 2018]; root of context hierarchy
2018-12-01 12:35:49,867 [main] INFO  org.mule.config.spring.processors.NoDevkitInjectorProcessor - JSR-330 'javax.inject.Inject' annotation found and supported for autowiring
2018-12-01 12:35:50,787 [main] WARN  org.mule.module.ognl.expression.OgnlExpressionEvaluator - OGNL module is deprecated and will be removed in Mule 4.0. Use MEL expressions instead.
2018-12-01 12:35:51,200 [main] INFO  org.mule.util.journal.TransactionJournal - Using files for tx logs /Users/juan/Documents/AnypointStudio/workspace/.mule/./.mule/restwebservice/queue-tx-log/tx1.log and /Users/juan/Documents/AnypointStudio/workspace/.mule/./.mule/restwebservice/queue-tx-log/tx2.log
2018-12-01 12:35:51,214 [main] INFO  org.mule.util.journal.TransactionJournal - Using files for tx logs /Users/juan/Documents/AnypointStudio/workspace/.mule/./.mule/restwebservice/queue-xa-tx-log/tx1.log and /Users/juan/Documents/AnypointStudio/workspace/.mule/./.mule/restwebservice/queue-xa-tx-log/tx2.log
2018-12-01 12:35:51,332 [main] INFO  org.mule.lifecycle.AbstractLifecycleManager - Initialising model: _muleSystemModel
2018-12-01 12:35:51,337 [main] INFO  org.mule.construct.FlowConstructLifecycleManager - Initialising flow: restwebserviceFlow
2018-12-01 12:35:51,337 [main] INFO  org.mule.exception.DefaultMessagingExceptionStrategy - Initialising exception listener: org.mule.exception.DefaultMessagingExceptionStrategy@77bc2e16
2018-12-01 12:35:51,369 [main] INFO  org.mule.processor.SedaStageLifecycleManager - Initialising service: restwebserviceFlow.stage1
2018-12-01 12:35:51,378 [main] INFO  org.mule.component.ComponentLifecycleManager - Initialising component: component.351216770
2018-12-01 12:35:52,615 [main] INFO  org.mule.config.spring.SpringXmlConfigurationBuilder - Configured Mule using "org.mule.config.spring.SpringXmlConfigurationBuilder" with configuration resource(s): "[ConfigResource{resourceName='/Users/juan/Documents/AnypointStudio/workspace/.mule/apps/restwebservice/restwebservice.xml'}]"
2018-12-01 12:35:52,615 [main] INFO  org.mule.config.builders.AutoConfigurationBuilder - Configured Mule using "org.mule.config.builders.AutoConfigurationBuilder" with configuration resource(s): "[ConfigResource{resourceName='/Users/juan/Documents/AnypointStudio/workspace/.mule/apps/restwebservice/restwebservice.xml'}]"
2018-12-01 12:35:55,738 [main] INFO  org.mule.module.launcher.application.DefaultMuleApplication - 
++++++++++++++++++++++++++++++++++++++++++++++++++++++++++++
+ Starting app 'restwebservice'                            +
++++++++++++++++++++++++++++++++++++++++++++++++++++++++++++
2018-12-01 12:35:55,740 [main] INFO  org.mule.util.queue.QueueXaResourceManager - Starting ResourceManager
2018-12-01 12:35:55,741 [main] INFO  org.mule.util.queue.QueueXaResourceManager - Started ResourceManager
2018-12-01 12:35:55,836 [main] INFO  org.mule.module.http.internal.listener.DefaultHttpListenerConfig - Listening for requests on http://0.0.0.0:4343
2018-12-01 12:35:55,839 [main] INFO  org.mule.modules.oauth2.provider.agents.DefaultSplashScreenAgent - 
++++++++++++++++++++++++++++++++++++++++++++++++++++++++++++++++++++++++++++++++
+ DevKit Extensions (0) used in this application 
                             +
++++++++++++++++++++++++++++++++++++++++++++++++++++++++++++++++++++++++++++++++
2018-12-01 12:35:55,842 [main] INFO  org.mule.lifecycle.AbstractLifecycleManager - Starting model: _muleSystemModel
2018-12-01 12:35:55,844 [main] INFO  org.mule.construct.FlowConstructLifecycleManager - Starting flow: restwebserviceFlow
2018-12-01 12:35:55,845 [main] INFO  org.mule.processor.SedaStageLifecycleManager - Starting service: restwebserviceFlow.stage1
2018-12-01 12:35:55,852 [main] INFO  org.mule.component.ComponentLifecycleManager - Starting component: component.351216770
2018-12-01 12:35:55,909 [main] INFO  org.mule.module.management.agent.WrapperManagerAgent - This JVM hasn't been launched by the wrapper, the agent will not run.
2018-12-01 12:35:55,937 [main] INFO  org.mule.DefaultMuleContext - 
**********************************************************************
* Application: restwebservice                                        *
* OS encoding: /, Mule encoding: UTF-8                               *
*                                                                    *
* Agents Running:                                                    *
*   JMX Agent                                                        *
*   DevKit Extension Information                                     *
*   Batch module default engine                                      *
*   Wrapper Manager                                                  *
**********************************************************************
2018-12-01 12:35:59,072 [[restwebservice].HTTP_Listener_Configuration.worker.01] INFO  org.mule.api.processor.LoggerMessageProcessor - null
2018-12-01 12:36:01,906 [[restwebservice].HTTP_Listener_Configuration.worker.01] INFO  org.mule.api.processor.LoggerMessageProcessor - null
2018-12-01 12:39:28,940 [main] INFO  org.mule.module.launcher.application.DefaultMuleApplication - 
++++++++++++++++++++++++++++++++++++++++++++++++++++++++++++
+ Initializing app 'restwebservice'                        +
++++++++++++++++++++++++++++++++++++++++++++++++++++++++++++
2018-12-01 12:39:29,106 [main] INFO  org.mule.lifecycle.AbstractLifecycleManager - Initialising RegistryBroker
2018-12-01 12:39:29,228 [main] INFO  org.mule.module.extension.internal.manager.DefaultExtensionManager - Starting discovery of extensions
2018-12-01 12:39:29,401 [main] INFO  org.mule.module.extension.internal.manager.DefaultExtensionManager - Discovered 1 extensions
2018-12-01 12:39:29,402 [main] INFO  org.mule.module.extension.internal.manager.DefaultExtensionManager - Registering extension validation (version 3.8)
2018-12-01 12:39:29,466 [main] INFO  org.mule.config.spring.MuleArtifactContext - Refreshing org.mule.config.spring.MuleArtifactContext@29a60c27: startup date [Sat Dec 01 12:39:29 CET 2018]; root of context hierarchy
2018-12-01 12:39:31,042 [main] INFO  org.mule.config.spring.processors.NoDevkitInjectorProcessor - JSR-330 'javax.inject.Inject' annotation found and supported for autowiring
2018-12-01 12:39:31,980 [main] WARN  org.mule.module.ognl.expression.OgnlExpressionEvaluator - OGNL module is deprecated and will be removed in Mule 4.0. Use MEL expressions instead.
2018-12-01 12:39:32,387 [main] INFO  org.mule.util.journal.TransactionJournal - Using files for tx logs /Users/juan/Documents/AnypointStudio/workspace/.mule/./.mule/restwebservice/queue-tx-log/tx1.log and /Users/juan/Documents/AnypointStudio/workspace/.mule/./.mule/restwebservice/queue-tx-log/tx2.log
2018-12-01 12:39:32,398 [main] INFO  org.mule.util.journal.TransactionJournal - Using files for tx logs /Users/juan/Documents/AnypointStudio/workspace/.mule/./.mule/restwebservice/queue-xa-tx-log/tx1.log and /Users/juan/Documents/AnypointStudio/workspace/.mule/./.mule/restwebservice/queue-xa-tx-log/tx2.log
2018-12-01 12:39:32,499 [main] INFO  org.mule.lifecycle.AbstractLifecycleManager - Initialising model: _muleSystemModel
2018-12-01 12:39:32,505 [main] INFO  org.mule.construct.FlowConstructLifecycleManager - Initialising flow: restwebserviceFlow
2018-12-01 12:39:32,505 [main] INFO  org.mule.exception.DefaultMessagingExceptionStrategy - Initialising exception listener: org.mule.exception.DefaultMessagingExceptionStrategy@77bc2e16
2018-12-01 12:39:32,552 [main] INFO  org.mule.processor.SedaStageLifecycleManager - Initialising service: restwebserviceFlow.stage1
2018-12-01 12:39:32,566 [main] INFO  org.mule.component.ComponentLifecycleManager - Initialising component: component.351216770
2018-12-01 12:39:33,751 [main] INFO  org.mule.config.spring.SpringXmlConfigurationBuilder - Configured Mule using "org.mule.config.spring.SpringXmlConfigurationBuilder" with configuration resource(s): "[ConfigResource{resourceName='/Users/juan/Documents/AnypointStudio/workspace/.mule/apps/restwebservice/restwebservice.xml'}]"
2018-12-01 12:39:33,751 [main] INFO  org.mule.config.builders.AutoConfigurationBuilder - Configured Mule using "org.mule.config.builders.AutoConfigurationBuilder" with configuration resource(s): "[ConfigResource{resourceName='/Users/juan/Documents/AnypointStudio/workspace/.mule/apps/restwebservice/restwebservice.xml'}]"
2018-12-01 12:39:36,860 [main] INFO  org.mule.module.launcher.application.DefaultMuleApplication - 
++++++++++++++++++++++++++++++++++++++++++++++++++++++++++++
+ Starting app 'restwebservice'                            +
++++++++++++++++++++++++++++++++++++++++++++++++++++++++++++
2018-12-01 12:39:36,862 [main] INFO  org.mule.util.queue.QueueXaResourceManager - Starting ResourceManager
2018-12-01 12:39:36,862 [main] INFO  org.mule.util.queue.QueueXaResourceManager - Started ResourceManager
2018-12-01 12:39:36,947 [main] INFO  org.mule.module.http.internal.listener.DefaultHttpListenerConfig - Listening for requests on http://0.0.0.0:4343
2018-12-01 12:39:36,950 [main] INFO  org.mule.modules.oauth2.provider.agents.DefaultSplashScreenAgent - 
++++++++++++++++++++++++++++++++++++++++++++++++++++++++++++++++++++++++++++++++
+ DevKit Extensions (0) used in this application 
                             +
++++++++++++++++++++++++++++++++++++++++++++++++++++++++++++++++++++++++++++++++
2018-12-01 12:39:36,956 [main] INFO  org.mule.lifecycle.AbstractLifecycleManager - Starting model: _muleSystemModel
2018-12-01 12:39:36,960 [main] INFO  org.mule.construct.FlowConstructLifecycleManager - Starting flow: restwebserviceFlow
2018-12-01 12:39:36,961 [main] INFO  org.mule.processor.SedaStageLifecycleManager - Starting service: restwebserviceFlow.stage1
2018-12-01 12:39:36,966 [main] INFO  org.mule.component.ComponentLifecycleManager - Starting component: component.351216770
2018-12-01 12:39:37,031 [main] INFO  org.mule.module.management.agent.WrapperManagerAgent - This JVM hasn't been launched by the wrapper, the agent will not run.
2018-12-01 12:39:37,061 [main] INFO  org.mule.DefaultMuleContext - 
**********************************************************************
* Application: restwebservice                                        *
* OS encoding: /, Mule encoding: UTF-8                               *
*                                                                    *
* Agents Running:                                                    *
*   JMX Agent                                                        *
*   DevKit Extension Information                                     *
*   Batch module default engine                                      *
*   Wrapper Manager                                                  *
**********************************************************************
2018-12-01 12:39:41,851 [[restwebservice].HTTP_Listener_Configuration.worker.01] INFO  org.mule.api.processor.LoggerMessageProcessor - null
2018-12-01 12:39:43,948 [[restwebservice].HTTP_Listener_Configuration.worker.01] INFO  org.mule.api.processor.LoggerMessageProcessor - null
2018-12-01 12:39:44,806 [[restwebservice].HTTP_Listener_Configuration.worker.01] INFO  org.mule.api.processor.LoggerMessageProcessor - null
2018-12-01 12:40:48,280 [main] INFO  org.mule.module.launcher.application.DefaultMuleApplication - 
++++++++++++++++++++++++++++++++++++++++++++++++++++++++++++
+ Initializing app 'restwebservice'                        +
++++++++++++++++++++++++++++++++++++++++++++++++++++++++++++
2018-12-01 12:40:48,622 [main] INFO  org.mule.lifecycle.AbstractLifecycleManager - Initialising RegistryBroker
2018-12-01 12:40:48,799 [main] INFO  org.mule.module.extension.internal.manager.DefaultExtensionManager - Starting discovery of extensions
2018-12-01 12:40:48,988 [main] INFO  org.mule.module.extension.internal.manager.DefaultExtensionManager - Discovered 1 extensions
2018-12-01 12:40:48,989 [main] INFO  org.mule.module.extension.internal.manager.DefaultExtensionManager - Registering extension validation (version 3.8)
2018-12-01 12:40:49,132 [main] INFO  org.mule.config.spring.MuleArtifactContext - Refreshing org.mule.config.spring.MuleArtifactContext@29a60c27: startup date [Sat Dec 01 12:40:49 CET 2018]; root of context hierarchy
2018-12-01 12:40:52,107 [main] INFO  org.mule.config.spring.processors.NoDevkitInjectorProcessor - JSR-330 'javax.inject.Inject' annotation found and supported for autowiring
2018-12-01 12:40:53,445 [main] WARN  org.mule.module.ognl.expression.OgnlExpressionEvaluator - OGNL module is deprecated and will be removed in Mule 4.0. Use MEL expressions instead.
2018-12-01 12:40:53,936 [main] INFO  org.mule.util.journal.TransactionJournal - Using files for tx logs /Users/juan/Documents/AnypointStudio/workspace/.mule/./.mule/restwebservice/queue-tx-log/tx1.log and /Users/juan/Documents/AnypointStudio/workspace/.mule/./.mule/restwebservice/queue-tx-log/tx2.log
2018-12-01 12:40:53,958 [main] INFO  org.mule.util.journal.TransactionJournal - Using files for tx logs /Users/juan/Documents/AnypointStudio/workspace/.mule/./.mule/restwebservice/queue-xa-tx-log/tx1.log and /Users/juan/Documents/AnypointStudio/workspace/.mule/./.mule/restwebservice/queue-xa-tx-log/tx2.log
2018-12-01 12:40:54,114 [main] INFO  org.mule.lifecycle.AbstractLifecycleManager - Initialising model: _muleSystemModel
2018-12-01 12:40:54,119 [main] INFO  org.mule.construct.FlowConstructLifecycleManager - Initialising flow: restwebserviceFlow
2018-12-01 12:40:54,119 [main] INFO  org.mule.exception.DefaultMessagingExceptionStrategy - Initialising exception listener: org.mule.exception.DefaultMessagingExceptionStrategy@77bc2e16
2018-12-01 12:40:54,168 [main] INFO  org.mule.processor.SedaStageLifecycleManager - Initialising service: restwebserviceFlow.stage1
2018-12-01 12:40:54,182 [main] INFO  org.mule.component.ComponentLifecycleManager - Initialising component: component.351216770
2018-12-01 12:40:55,550 [main] INFO  org.mule.config.spring.SpringXmlConfigurationBuilder - Configured Mule using "org.mule.config.spring.SpringXmlConfigurationBuilder" with configuration resource(s): "[ConfigResource{resourceName='/Users/juan/Documents/AnypointStudio/workspace/.mule/apps/restwebservice/restwebservice.xml'}]"
2018-12-01 12:40:55,550 [main] INFO  org.mule.config.builders.AutoConfigurationBuilder - Configured Mule using "org.mule.config.builders.AutoConfigurationBuilder" with configuration resource(s): "[ConfigResource{resourceName='/Users/juan/Documents/AnypointStudio/workspace/.mule/apps/restwebservice/restwebservice.xml'}]"
2018-12-01 12:40:58,665 [main] INFO  org.mule.module.launcher.application.DefaultMuleApplication - 
++++++++++++++++++++++++++++++++++++++++++++++++++++++++++++
+ Starting app 'restwebservice'                            +
++++++++++++++++++++++++++++++++++++++++++++++++++++++++++++
2018-12-01 12:40:58,667 [main] INFO  org.mule.util.queue.QueueXaResourceManager - Starting ResourceManager
2018-12-01 12:40:58,667 [main] INFO  org.mule.util.queue.QueueXaResourceManager - Started ResourceManager
2018-12-01 12:40:58,730 [main] INFO  org.mule.module.http.internal.listener.DefaultHttpListenerConfig - Listening for requests on http://0.0.0.0:4343
2018-12-01 12:40:58,733 [main] INFO  org.mule.modules.oauth2.provider.agents.DefaultSplashScreenAgent - 
++++++++++++++++++++++++++++++++++++++++++++++++++++++++++++++++++++++++++++++++
+ DevKit Extensions (0) used in this application 
                             +
++++++++++++++++++++++++++++++++++++++++++++++++++++++++++++++++++++++++++++++++
2018-12-01 12:40:58,736 [main] INFO  org.mule.lifecycle.AbstractLifecycleManager - Starting model: _muleSystemModel
2018-12-01 12:40:58,738 [main] INFO  org.mule.construct.FlowConstructLifecycleManager - Starting flow: restwebserviceFlow
2018-12-01 12:40:58,739 [main] INFO  org.mule.processor.SedaStageLifecycleManager - Starting service: restwebserviceFlow.stage1
2018-12-01 12:40:58,746 [main] INFO  org.mule.component.ComponentLifecycleManager - Starting component: component.351216770
2018-12-01 12:40:58,802 [main] INFO  org.mule.module.management.agent.WrapperManagerAgent - This JVM hasn't been launched by the wrapper, the agent will not run.
2018-12-01 12:40:58,831 [main] INFO  org.mule.DefaultMuleContext - 
**********************************************************************
* Application: restwebservice                                        *
* OS encoding: /, Mule encoding: UTF-8                               *
*                                                                    *
* Agents Running:                                                    *
*   JMX Agent                                                        *
*   DevKit Extension Information                                     *
*   Batch module default engine                                      *
*   Wrapper Manager                                                  *
**********************************************************************
2018-12-01 12:41:13,086 [[restwebservice].HTTP_Listener_Configuration.worker.01] INFO  org.mule.api.processor.LoggerMessageProcessor - null
