2018-12-17 16:17:19,746 [main] INFO  org.mule.module.launcher.application.DefaultMuleApplication - 
++++++++++++++++++++++++++++++++++++++++++++++++++++++++++++
+ Initializing app 'wildcardfilter'                        +
++++++++++++++++++++++++++++++++++++++++++++++++++++++++++++
2018-12-17 16:17:19,965 [main] INFO  org.mule.lifecycle.AbstractLifecycleManager - Initialising RegistryBroker
2018-12-17 16:17:20,107 [main] INFO  org.mule.module.extension.internal.manager.DefaultExtensionManager - Starting discovery of extensions
2018-12-17 16:17:20,318 [main] INFO  org.mule.module.extension.internal.manager.DefaultExtensionManager - Discovered 1 extensions
2018-12-17 16:17:20,318 [main] INFO  org.mule.module.extension.internal.manager.DefaultExtensionManager - Registering extension validation (version 3.8)
2018-12-17 16:17:20,404 [main] INFO  org.mule.config.spring.MuleArtifactContext - Refreshing org.mule.config.spring.MuleArtifactContext@69c79f09: startup date [Mon Dec 17 16:17:20 CET 2018]; root of context hierarchy
2018-12-17 16:17:23,506 [main] INFO  org.mule.config.spring.processors.NoDevkitInjectorProcessor - JSR-330 'javax.inject.Inject' annotation found and supported for autowiring
2018-12-17 16:17:26,526 [main] WARN  org.mule.module.ognl.expression.OgnlExpressionEvaluator - OGNL module is deprecated and will be removed in Mule 4.0. Use MEL expressions instead.
2018-12-17 16:17:27,713 [main] INFO  org.mule.util.journal.TransactionJournal - Using files for tx logs /Users/juan/Documents/AnypointStudio/workspace/.mule/./.mule/wildcardfilter/queue-tx-log/tx1.log and /Users/juan/Documents/AnypointStudio/workspace/.mule/./.mule/wildcardfilter/queue-tx-log/tx2.log
2018-12-17 16:17:27,750 [main] INFO  org.mule.util.journal.TransactionJournal - Using files for tx logs /Users/juan/Documents/AnypointStudio/workspace/.mule/./.mule/wildcardfilter/queue-xa-tx-log/tx1.log and /Users/juan/Documents/AnypointStudio/workspace/.mule/./.mule/wildcardfilter/queue-xa-tx-log/tx2.log
2018-12-17 16:17:27,956 [main] INFO  org.mule.lifecycle.AbstractLifecycleManager - Initialising model: _muleSystemModel
2018-12-17 16:17:27,962 [main] INFO  org.mule.construct.FlowConstructLifecycleManager - Initialising flow: wildcardfilterFlow
2018-12-17 16:17:27,962 [main] INFO  org.mule.exception.DefaultMessagingExceptionStrategy - Initialising exception listener: org.mule.exception.DefaultMessagingExceptionStrategy@9b76b60
2018-12-17 16:17:28,032 [main] INFO  org.mule.processor.SedaStageLifecycleManager - Initialising service: wildcardfilterFlow.stage1
2018-12-17 16:17:28,902 [main] INFO  org.mule.config.spring.SpringXmlConfigurationBuilder - Configured Mule using "org.mule.config.spring.SpringXmlConfigurationBuilder" with configuration resource(s): "[ConfigResource{resourceName='/Users/juan/Documents/AnypointStudio/workspace/.mule/apps/wildcardfilter/wildcardfilter.xml'}]"
2018-12-17 16:17:28,910 [main] INFO  org.mule.config.builders.AutoConfigurationBuilder - Configured Mule using "org.mule.config.builders.AutoConfigurationBuilder" with configuration resource(s): "[ConfigResource{resourceName='/Users/juan/Documents/AnypointStudio/workspace/.mule/apps/wildcardfilter/wildcardfilter.xml'}]"
2018-12-17 16:17:32,596 [main] INFO  org.mule.module.launcher.application.DefaultMuleApplication - 
++++++++++++++++++++++++++++++++++++++++++++++++++++++++++++
+ Starting app 'wildcardfilter'                            +
++++++++++++++++++++++++++++++++++++++++++++++++++++++++++++
2018-12-17 16:17:32,598 [main] INFO  org.mule.util.queue.QueueXaResourceManager - Starting ResourceManager
2018-12-17 16:17:32,598 [main] INFO  org.mule.util.queue.QueueXaResourceManager - Started ResourceManager
2018-12-17 16:17:32,837 [main] INFO  org.mule.module.http.internal.listener.DefaultHttpListenerConfig - Listening for requests on http://0.0.0.0:9999
2018-12-17 16:17:32,840 [main] INFO  org.mule.modules.oauth2.provider.agents.DefaultSplashScreenAgent - 
++++++++++++++++++++++++++++++++++++++++++++++++++++++++++++++++++++++++++++++++
+ DevKit Extensions (0) used in this application 
                             +
++++++++++++++++++++++++++++++++++++++++++++++++++++++++++++++++++++++++++++++++
2018-12-17 16:17:32,842 [main] INFO  org.mule.lifecycle.AbstractLifecycleManager - Starting model: _muleSystemModel
2018-12-17 16:17:32,844 [main] INFO  org.mule.construct.FlowConstructLifecycleManager - Starting flow: wildcardfilterFlow
2018-12-17 16:17:32,846 [main] INFO  org.mule.processor.SedaStageLifecycleManager - Starting service: wildcardfilterFlow.stage1
2018-12-17 16:17:32,889 [main] INFO  org.mule.module.management.agent.WrapperManagerAgent - This JVM hasn't been launched by the wrapper, the agent will not run.
2018-12-17 16:17:32,913 [main] INFO  org.mule.DefaultMuleContext - 
**********************************************************************
* Application: wildcardfilter                                        *
* OS encoding: /, Mule encoding: UTF-8                               *
*                                                                    *
* Agents Running:                                                    *
*   JMX Agent                                                        *
*   DevKit Extension Information                                     *
*   Batch module default engine                                      *
*   Wrapper Manager                                                  *
**********************************************************************
2018-12-17 16:17:38,585 [[wildcardfilter].HTTP_Listener_Configuration.worker.01] ERROR org.mule.exception.DefaultMessagingExceptionStrategy - 
********************************************************************************
Message               : This transformer needs a valid endpoint (java.lang.IllegalStateException)
Payload               : {NullPayload}
Transformer           : ObjectToJMSMessage{this=c27a3a2, name='_ObjectToMessage', ignoreBadInput=false, returnClass=SimpleDataType{type=javax.jms.Message, mimeType='*/*', encoding='null'}, sourceTypes=[]}
--------------------------------------------------------------------------------
Root Exception stack trace:
java.lang.IllegalStateException: This transformer needs a valid endpoint
	at org.mule.transport.jms.transformers.AbstractJmsTransformer.getSession(AbstractJmsTransformer.java:196)
	at org.mule.transport.jms.transformers.AbstractJmsTransformer.transformToMessage(AbstractJmsTransformer.java:64)
	at org.mule.transport.jms.transformers.ObjectToJMSMessage.transformMessage(ObjectToJMSMessage.java:54)
	at org.mule.transformer.AbstractMessageTransformer.transform(AbstractMessageTransformer.java:141)
	at org.mule.transformer.AbstractMessageTransformer.transform(AbstractMessageTransformer.java:69)
	at org.mule.transformer.AbstractTransformer.transform(AbstractTransformer.java:366)
	at org.mule.transformer.TransformerChain.transformMessage(TransformerChain.java:66)
	at org.mule.transformer.AbstractMessageTransformer.transform(AbstractMessageTransformer.java:141)
	at org.mule.transformer.AbstractMessageTransformer.transform(AbstractMessageTransformer.java:69)
	at org.mule.DefaultMuleMessage.getPayload(DefaultMuleMessage.java:406)
	at org.mule.DefaultMuleMessage.getPayload(DefaultMuleMessage.java:354)
	at org.mule.DefaultMuleMessage.getPayloadAsBytes(DefaultMuleMessage.java:741)
	at org.mule.module.http.internal.listener.HttpResponseBuilder.build(HttpResponseBuilder.java:208)
	at org.mule.module.http.internal.listener.HttpMessageProcessorTemplate.doBuildResponse(HttpMessageProcessorTemplate.java:122)
	at org.mule.module.http.internal.listener.HttpMessageProcessorTemplate.buildResponse(HttpMessageProcessorTemplate.java:112)
	at org.mule.module.http.internal.listener.HttpMessageProcessorTemplate.sendResponseToClient(HttpMessageProcessorTemplate.java:86)
	at org.mule.execution.AsyncResponseFlowProcessingPhase.runPhase(AsyncResponseFlowProcessingPhase.java:78)
	at org.mule.execution.AsyncResponseFlowProcessingPhase.runPhase(AsyncResponseFlowProcessingPhase.java:35)
	at org.mule.execution.PhaseExecutionEngine$InternalPhaseExecutionEngine.phaseSuccessfully(PhaseExecutionEngine.java:65)
	at org.mule.execution.PhaseExecutionEngine$InternalPhaseExecutionEngine.phaseSuccessfully(PhaseExecutionEngine.java:69)
	at com.mulesoft.mule.throttling.ThrottlingPhase.runPhase(ThrottlingPhase.java:187)
	at com.mulesoft.mule.throttling.ThrottlingPhase.runPhase(ThrottlingPhase.java:58)
	at org.mule.execution.PhaseExecutionEngine$InternalPhaseExecutionEngine.phaseSuccessfully(PhaseExecutionEngine.java:65)
	at com.mulesoft.gateway.http.phases.GatewayValidationPhase.runPhase(GatewayValidationPhase.java:93)
	at com.mulesoft.gateway.http.phases.GatewayValidationPhase.runPhase(GatewayValidationPhase.java:49)
	at org.mule.execution.PhaseExecutionEngine$InternalPhaseExecutionEngine.phaseSuccessfully(PhaseExecutionEngine.java:65)
	at org.mule.modules.cors.CorsPhase.runPhase(CorsPhase.java:113)
	at org.mule.modules.cors.CorsPhase.runPhase(CorsPhase.java:40)
	at org.mule.execution.PhaseExecutionEngine$InternalPhaseExecutionEngine.process(PhaseExecutionEngine.java:114)
	at org.mule.execution.PhaseExecutionEngine.process(PhaseExecutionEngine.java:41)
	at org.mule.execution.MuleMessageProcessingManager.processMessage(MuleMessageProcessingManager.java:32)
	at org.mule.module.http.internal.listener.DefaultHttpListener$1.handleRequest(DefaultHttpListener.java:133)
	at org.mule.module.http.internal.listener.grizzly.GrizzlyRequestDispatcherFilter.handleRead(GrizzlyRequestDispatcherFilter.java:83)
	at org.glassfish.grizzly.filterchain.ExecutorResolver$9.execute(ExecutorResolver.java:119)
	at org.glassfish.grizzly.filterchain.DefaultFilterChain.executeFilter(DefaultFilterChain.java:284)
	at org.glassfish.grizzly.filterchain.DefaultFilterChain.executeChainPart(DefaultFilterChain.java:201)
	at org.glassfish.grizzly.filterchain.DefaultFilterChain.execute(DefaultFilterChain.java:133)
	at org.glassfish.grizzly.filterchain.DefaultFilterChain.process(DefaultFilterChain.java:112)
	at org.glassfish.grizzly.ProcessorExecutor.execute(ProcessorExecutor.java:77)
	at org.glassfish.grizzly.nio.transport.TCPNIOTransport.fireIOEvent(TCPNIOTransport.java:526)
	at org.glassfish.grizzly.strategies.AbstractIOStrategy.fireIOEvent(AbstractIOStrategy.java:112)
	at org.mule.module.http.internal.listener.grizzly.ExecutorPerServerAddressIOStrategy.run0(ExecutorPerServerAddressIOStrategy.java:102)
	at org.mule.module.http.internal.listener.grizzly.ExecutorPerServerAddressIOStrategy.access$100(ExecutorPerServerAddressIOStrategy.java:30)
	at org.mule.module.http.internal.listener.grizzly.ExecutorPerServerAddressIOStrategy$WorkerThreadRunnable.run(ExecutorPerServerAddressIOStrategy.java:125)
	at java.util.concurrent.ThreadPoolExecutor.runWorker(ThreadPoolExecutor.java:1149)
	at java.util.concurrent.ThreadPoolExecutor$Worker.run(ThreadPoolExecutor.java:624)
	at java.lang.Thread.run(Thread.java:748)

********************************************************************************

2018-12-17 16:17:49,024 [[wildcardfilter].HTTP_Listener_Configuration.worker.02] ERROR org.mule.exception.DefaultMessagingExceptionStrategy - 
********************************************************************************
Message               : This transformer needs a valid endpoint (java.lang.IllegalStateException)
Payload               : {NullPayload}
Transformer           : ObjectToJMSMessage{this=c27a3a2, name='_ObjectToMessage', ignoreBadInput=false, returnClass=SimpleDataType{type=javax.jms.Message, mimeType='*/*', encoding='null'}, sourceTypes=[]}
--------------------------------------------------------------------------------
Root Exception stack trace:
java.lang.IllegalStateException: This transformer needs a valid endpoint
	at org.mule.transport.jms.transformers.AbstractJmsTransformer.getSession(AbstractJmsTransformer.java:196)
	at org.mule.transport.jms.transformers.AbstractJmsTransformer.transformToMessage(AbstractJmsTransformer.java:64)
	at org.mule.transport.jms.transformers.ObjectToJMSMessage.transformMessage(ObjectToJMSMessage.java:54)
	at org.mule.transformer.AbstractMessageTransformer.transform(AbstractMessageTransformer.java:141)
	at org.mule.transformer.AbstractMessageTransformer.transform(AbstractMessageTransformer.java:69)
	at org.mule.transformer.AbstractTransformer.transform(AbstractTransformer.java:366)
	at org.mule.transformer.TransformerChain.transformMessage(TransformerChain.java:66)
	at org.mule.transformer.AbstractMessageTransformer.transform(AbstractMessageTransformer.java:141)
	at org.mule.transformer.AbstractMessageTransformer.transform(AbstractMessageTransformer.java:69)
	at org.mule.DefaultMuleMessage.getPayload(DefaultMuleMessage.java:406)
	at org.mule.DefaultMuleMessage.getPayload(DefaultMuleMessage.java:354)
	at org.mule.DefaultMuleMessage.getPayloadAsBytes(DefaultMuleMessage.java:741)
	at org.mule.module.http.internal.listener.HttpResponseBuilder.build(HttpResponseBuilder.java:208)
	at org.mule.module.http.internal.listener.HttpMessageProcessorTemplate.doBuildResponse(HttpMessageProcessorTemplate.java:122)
	at org.mule.module.http.internal.listener.HttpMessageProcessorTemplate.buildResponse(HttpMessageProcessorTemplate.java:112)
	at org.mule.module.http.internal.listener.HttpMessageProcessorTemplate.sendResponseToClient(HttpMessageProcessorTemplate.java:86)
	at org.mule.execution.AsyncResponseFlowProcessingPhase.runPhase(AsyncResponseFlowProcessingPhase.java:78)
	at org.mule.execution.AsyncResponseFlowProcessingPhase.runPhase(AsyncResponseFlowProcessingPhase.java:35)
	at org.mule.execution.PhaseExecutionEngine$InternalPhaseExecutionEngine.phaseSuccessfully(PhaseExecutionEngine.java:65)
	at org.mule.execution.PhaseExecutionEngine$InternalPhaseExecutionEngine.phaseSuccessfully(PhaseExecutionEngine.java:69)
	at com.mulesoft.mule.throttling.ThrottlingPhase.runPhase(ThrottlingPhase.java:187)
	at com.mulesoft.mule.throttling.ThrottlingPhase.runPhase(ThrottlingPhase.java:58)
	at org.mule.execution.PhaseExecutionEngine$InternalPhaseExecutionEngine.phaseSuccessfully(PhaseExecutionEngine.java:65)
	at com.mulesoft.gateway.http.phases.GatewayValidationPhase.runPhase(GatewayValidationPhase.java:93)
	at com.mulesoft.gateway.http.phases.GatewayValidationPhase.runPhase(GatewayValidationPhase.java:49)
	at org.mule.execution.PhaseExecutionEngine$InternalPhaseExecutionEngine.phaseSuccessfully(PhaseExecutionEngine.java:65)
	at org.mule.modules.cors.CorsPhase.runPhase(CorsPhase.java:113)
	at org.mule.modules.cors.CorsPhase.runPhase(CorsPhase.java:40)
	at org.mule.execution.PhaseExecutionEngine$InternalPhaseExecutionEngine.process(PhaseExecutionEngine.java:114)
	at org.mule.execution.PhaseExecutionEngine.process(PhaseExecutionEngine.java:41)
	at org.mule.execution.MuleMessageProcessingManager.processMessage(MuleMessageProcessingManager.java:32)
	at org.mule.module.http.internal.listener.DefaultHttpListener$1.handleRequest(DefaultHttpListener.java:133)
	at org.mule.module.http.internal.listener.grizzly.GrizzlyRequestDispatcherFilter.handleRead(GrizzlyRequestDispatcherFilter.java:83)
	at org.glassfish.grizzly.filterchain.ExecutorResolver$9.execute(ExecutorResolver.java:119)
	at org.glassfish.grizzly.filterchain.DefaultFilterChain.executeFilter(DefaultFilterChain.java:284)
	at org.glassfish.grizzly.filterchain.DefaultFilterChain.executeChainPart(DefaultFilterChain.java:201)
	at org.glassfish.grizzly.filterchain.DefaultFilterChain.execute(DefaultFilterChain.java:133)
	at org.glassfish.grizzly.filterchain.DefaultFilterChain.process(DefaultFilterChain.java:112)
	at org.glassfish.grizzly.ProcessorExecutor.execute(ProcessorExecutor.java:77)
	at org.glassfish.grizzly.nio.transport.TCPNIOTransport.fireIOEvent(TCPNIOTransport.java:526)
	at org.glassfish.grizzly.strategies.AbstractIOStrategy.fireIOEvent(AbstractIOStrategy.java:112)
	at org.mule.module.http.internal.listener.grizzly.ExecutorPerServerAddressIOStrategy.run0(ExecutorPerServerAddressIOStrategy.java:102)
	at org.mule.module.http.internal.listener.grizzly.ExecutorPerServerAddressIOStrategy.access$100(ExecutorPerServerAddressIOStrategy.java:30)
	at org.mule.module.http.internal.listener.grizzly.ExecutorPerServerAddressIOStrategy$WorkerThreadRunnable.run(ExecutorPerServerAddressIOStrategy.java:125)
	at java.util.concurrent.ThreadPoolExecutor.runWorker(ThreadPoolExecutor.java:1149)
	at java.util.concurrent.ThreadPoolExecutor$Worker.run(ThreadPoolExecutor.java:624)
	at java.lang.Thread.run(Thread.java:748)

********************************************************************************

2018-12-17 16:18:10,285 [[wildcardfilter].HTTP_Listener_Configuration.worker.01] ERROR org.mule.exception.DefaultMessagingExceptionStrategy - 
********************************************************************************
Message               : This transformer needs a valid endpoint (java.lang.IllegalStateException)
Payload               : {NullPayload}
Transformer           : ObjectToJMSMessage{this=c27a3a2, name='_ObjectToMessage', ignoreBadInput=false, returnClass=SimpleDataType{type=javax.jms.Message, mimeType='*/*', encoding='null'}, sourceTypes=[]}
--------------------------------------------------------------------------------
Root Exception stack trace:
java.lang.IllegalStateException: This transformer needs a valid endpoint
	at org.mule.transport.jms.transformers.AbstractJmsTransformer.getSession(AbstractJmsTransformer.java:196)
	at org.mule.transport.jms.transformers.AbstractJmsTransformer.transformToMessage(AbstractJmsTransformer.java:64)
	at org.mule.transport.jms.transformers.ObjectToJMSMessage.transformMessage(ObjectToJMSMessage.java:54)
	at org.mule.transformer.AbstractMessageTransformer.transform(AbstractMessageTransformer.java:141)
	at org.mule.transformer.AbstractMessageTransformer.transform(AbstractMessageTransformer.java:69)
	at org.mule.transformer.AbstractTransformer.transform(AbstractTransformer.java:366)
	at org.mule.transformer.TransformerChain.transformMessage(TransformerChain.java:66)
	at org.mule.transformer.AbstractMessageTransformer.transform(AbstractMessageTransformer.java:141)
	at org.mule.transformer.AbstractMessageTransformer.transform(AbstractMessageTransformer.java:69)
	at org.mule.DefaultMuleMessage.getPayload(DefaultMuleMessage.java:406)
	at org.mule.DefaultMuleMessage.getPayload(DefaultMuleMessage.java:354)
	at org.mule.DefaultMuleMessage.getPayloadAsBytes(DefaultMuleMessage.java:741)
	at org.mule.module.http.internal.listener.HttpResponseBuilder.build(HttpResponseBuilder.java:208)
	at org.mule.module.http.internal.listener.HttpMessageProcessorTemplate.doBuildResponse(HttpMessageProcessorTemplate.java:122)
	at org.mule.module.http.internal.listener.HttpMessageProcessorTemplate.buildResponse(HttpMessageProcessorTemplate.java:112)
	at org.mule.module.http.internal.listener.HttpMessageProcessorTemplate.sendResponseToClient(HttpMessageProcessorTemplate.java:86)
	at org.mule.execution.AsyncResponseFlowProcessingPhase.runPhase(AsyncResponseFlowProcessingPhase.java:78)
	at org.mule.execution.AsyncResponseFlowProcessingPhase.runPhase(AsyncResponseFlowProcessingPhase.java:35)
	at org.mule.execution.PhaseExecutionEngine$InternalPhaseExecutionEngine.phaseSuccessfully(PhaseExecutionEngine.java:65)
	at org.mule.execution.PhaseExecutionEngine$InternalPhaseExecutionEngine.phaseSuccessfully(PhaseExecutionEngine.java:69)
	at com.mulesoft.mule.throttling.ThrottlingPhase.runPhase(ThrottlingPhase.java:187)
	at com.mulesoft.mule.throttling.ThrottlingPhase.runPhase(ThrottlingPhase.java:58)
	at org.mule.execution.PhaseExecutionEngine$InternalPhaseExecutionEngine.phaseSuccessfully(PhaseExecutionEngine.java:65)
	at com.mulesoft.gateway.http.phases.GatewayValidationPhase.runPhase(GatewayValidationPhase.java:93)
	at com.mulesoft.gateway.http.phases.GatewayValidationPhase.runPhase(GatewayValidationPhase.java:49)
	at org.mule.execution.PhaseExecutionEngine$InternalPhaseExecutionEngine.phaseSuccessfully(PhaseExecutionEngine.java:65)
	at org.mule.modules.cors.CorsPhase.runPhase(CorsPhase.java:113)
	at org.mule.modules.cors.CorsPhase.runPhase(CorsPhase.java:40)
	at org.mule.execution.PhaseExecutionEngine$InternalPhaseExecutionEngine.process(PhaseExecutionEngine.java:114)
	at org.mule.execution.PhaseExecutionEngine.process(PhaseExecutionEngine.java:41)
	at org.mule.execution.MuleMessageProcessingManager.processMessage(MuleMessageProcessingManager.java:32)
	at org.mule.module.http.internal.listener.DefaultHttpListener$1.handleRequest(DefaultHttpListener.java:133)
	at org.mule.module.http.internal.listener.grizzly.GrizzlyRequestDispatcherFilter.handleRead(GrizzlyRequestDispatcherFilter.java:83)
	at org.glassfish.grizzly.filterchain.ExecutorResolver$9.execute(ExecutorResolver.java:119)
	at org.glassfish.grizzly.filterchain.DefaultFilterChain.executeFilter(DefaultFilterChain.java:284)
	at org.glassfish.grizzly.filterchain.DefaultFilterChain.executeChainPart(DefaultFilterChain.java:201)
	at org.glassfish.grizzly.filterchain.DefaultFilterChain.execute(DefaultFilterChain.java:133)
	at org.glassfish.grizzly.filterchain.DefaultFilterChain.process(DefaultFilterChain.java:112)
	at org.glassfish.grizzly.ProcessorExecutor.execute(ProcessorExecutor.java:77)
	at org.glassfish.grizzly.nio.transport.TCPNIOTransport.fireIOEvent(TCPNIOTransport.java:526)
	at org.glassfish.grizzly.strategies.AbstractIOStrategy.fireIOEvent(AbstractIOStrategy.java:112)
	at org.mule.module.http.internal.listener.grizzly.ExecutorPerServerAddressIOStrategy.run0(ExecutorPerServerAddressIOStrategy.java:102)
	at org.mule.module.http.internal.listener.grizzly.ExecutorPerServerAddressIOStrategy.access$100(ExecutorPerServerAddressIOStrategy.java:30)
	at org.mule.module.http.internal.listener.grizzly.ExecutorPerServerAddressIOStrategy$WorkerThreadRunnable.run(ExecutorPerServerAddressIOStrategy.java:125)
	at java.util.concurrent.ThreadPoolExecutor.runWorker(ThreadPoolExecutor.java:1149)
	at java.util.concurrent.ThreadPoolExecutor$Worker.run(ThreadPoolExecutor.java:624)
	at java.lang.Thread.run(Thread.java:748)

********************************************************************************

2018-12-17 16:19:08,342 [main] INFO  org.mule.module.launcher.application.DefaultMuleApplication - 
++++++++++++++++++++++++++++++++++++++++++++++++++++++++++++
+ Initializing app 'wildcardfilter'                        +
++++++++++++++++++++++++++++++++++++++++++++++++++++++++++++
2018-12-17 16:19:08,513 [main] INFO  org.mule.lifecycle.AbstractLifecycleManager - Initialising RegistryBroker
2018-12-17 16:19:08,637 [main] INFO  org.mule.module.extension.internal.manager.DefaultExtensionManager - Starting discovery of extensions
2018-12-17 16:19:08,807 [main] INFO  org.mule.module.extension.internal.manager.DefaultExtensionManager - Discovered 1 extensions
2018-12-17 16:19:08,807 [main] INFO  org.mule.module.extension.internal.manager.DefaultExtensionManager - Registering extension validation (version 3.8)
2018-12-17 16:19:08,875 [main] INFO  org.mule.config.spring.MuleArtifactContext - Refreshing org.mule.config.spring.MuleArtifactContext@69c79f09: startup date [Mon Dec 17 16:19:08 CET 2018]; root of context hierarchy
2018-12-17 16:19:10,486 [main] INFO  org.mule.config.spring.processors.NoDevkitInjectorProcessor - JSR-330 'javax.inject.Inject' annotation found and supported for autowiring
2018-12-17 16:19:11,414 [main] WARN  org.mule.module.ognl.expression.OgnlExpressionEvaluator - OGNL module is deprecated and will be removed in Mule 4.0. Use MEL expressions instead.
2018-12-17 16:19:11,882 [main] INFO  org.mule.util.journal.TransactionJournal - Using files for tx logs /Users/juan/Documents/AnypointStudio/workspace/.mule/./.mule/wildcardfilter/queue-tx-log/tx1.log and /Users/juan/Documents/AnypointStudio/workspace/.mule/./.mule/wildcardfilter/queue-tx-log/tx2.log
2018-12-17 16:19:11,901 [main] INFO  org.mule.util.journal.TransactionJournal - Using files for tx logs /Users/juan/Documents/AnypointStudio/workspace/.mule/./.mule/wildcardfilter/queue-xa-tx-log/tx1.log and /Users/juan/Documents/AnypointStudio/workspace/.mule/./.mule/wildcardfilter/queue-xa-tx-log/tx2.log
2018-12-17 16:19:12,024 [main] INFO  org.mule.lifecycle.AbstractLifecycleManager - Initialising model: _muleSystemModel
2018-12-17 16:19:12,027 [main] INFO  org.mule.construct.FlowConstructLifecycleManager - Initialising flow: wildcardfilterFlow
2018-12-17 16:19:12,028 [main] INFO  org.mule.exception.DefaultMessagingExceptionStrategy - Initialising exception listener: org.mule.exception.DefaultMessagingExceptionStrategy@3f36e8d1
2018-12-17 16:19:12,064 [main] INFO  org.mule.processor.SedaStageLifecycleManager - Initialising service: wildcardfilterFlow.stage1
2018-12-17 16:19:12,406 [main] INFO  org.mule.config.spring.SpringXmlConfigurationBuilder - Configured Mule using "org.mule.config.spring.SpringXmlConfigurationBuilder" with configuration resource(s): "[ConfigResource{resourceName='/Users/juan/Documents/AnypointStudio/workspace/.mule/apps/wildcardfilter/wildcardfilter.xml'}]"
2018-12-17 16:19:12,407 [main] INFO  org.mule.config.builders.AutoConfigurationBuilder - Configured Mule using "org.mule.config.builders.AutoConfigurationBuilder" with configuration resource(s): "[ConfigResource{resourceName='/Users/juan/Documents/AnypointStudio/workspace/.mule/apps/wildcardfilter/wildcardfilter.xml'}]"
2018-12-17 16:19:15,522 [main] INFO  org.mule.module.launcher.application.DefaultMuleApplication - 
++++++++++++++++++++++++++++++++++++++++++++++++++++++++++++
+ Starting app 'wildcardfilter'                            +
++++++++++++++++++++++++++++++++++++++++++++++++++++++++++++
2018-12-17 16:19:15,524 [main] INFO  org.mule.util.queue.QueueXaResourceManager - Starting ResourceManager
2018-12-17 16:19:15,524 [main] INFO  org.mule.util.queue.QueueXaResourceManager - Started ResourceManager
2018-12-17 16:19:15,746 [main] INFO  org.mule.module.http.internal.listener.DefaultHttpListenerConfig - Listening for requests on http://0.0.0.0:9999
2018-12-17 16:19:15,749 [main] INFO  org.mule.modules.oauth2.provider.agents.DefaultSplashScreenAgent - 
++++++++++++++++++++++++++++++++++++++++++++++++++++++++++++++++++++++++++++++++
+ DevKit Extensions (0) used in this application 
                             +
++++++++++++++++++++++++++++++++++++++++++++++++++++++++++++++++++++++++++++++++
2018-12-17 16:19:15,752 [main] INFO  org.mule.lifecycle.AbstractLifecycleManager - Starting model: _muleSystemModel
2018-12-17 16:19:15,754 [main] INFO  org.mule.construct.FlowConstructLifecycleManager - Starting flow: wildcardfilterFlow
2018-12-17 16:19:15,755 [main] INFO  org.mule.processor.SedaStageLifecycleManager - Starting service: wildcardfilterFlow.stage1
2018-12-17 16:19:15,799 [main] INFO  org.mule.module.management.agent.WrapperManagerAgent - This JVM hasn't been launched by the wrapper, the agent will not run.
2018-12-17 16:19:15,820 [main] INFO  org.mule.DefaultMuleContext - 
**********************************************************************
* Application: wildcardfilter                                        *
* OS encoding: /, Mule encoding: UTF-8                               *
*                                                                    *
* Agents Running:                                                    *
*   JMX Agent                                                        *
*   DevKit Extension Information                                     *
*   Batch module default engine                                      *
*   Wrapper Manager                                                  *
**********************************************************************
2018-12-17 16:19:41,851 [[wildcardfilter].HTTP_Listener_Configuration.worker.01] ERROR org.mule.exception.DefaultMessagingExceptionStrategy - 
********************************************************************************
Message               : This transformer needs a valid endpoint (java.lang.IllegalStateException)
Payload               : {NullPayload}
Transformer           : ObjectToJMSMessage{this=c27a3a2, name='_ObjectToMessage', ignoreBadInput=false, returnClass=SimpleDataType{type=javax.jms.Message, mimeType='*/*', encoding='null'}, sourceTypes=[]}
--------------------------------------------------------------------------------
Root Exception stack trace:
java.lang.IllegalStateException: This transformer needs a valid endpoint
	at org.mule.transport.jms.transformers.AbstractJmsTransformer.getSession(AbstractJmsTransformer.java:196)
	at org.mule.transport.jms.transformers.AbstractJmsTransformer.transformToMessage(AbstractJmsTransformer.java:64)
	at org.mule.transport.jms.transformers.ObjectToJMSMessage.transformMessage(ObjectToJMSMessage.java:54)
	at org.mule.transformer.AbstractMessageTransformer.transform(AbstractMessageTransformer.java:141)
	at org.mule.transformer.AbstractMessageTransformer.transform(AbstractMessageTransformer.java:69)
	at org.mule.transformer.AbstractTransformer.transform(AbstractTransformer.java:366)
	at org.mule.transformer.TransformerChain.transformMessage(TransformerChain.java:66)
	at org.mule.transformer.AbstractMessageTransformer.transform(AbstractMessageTransformer.java:141)
	at org.mule.transformer.AbstractMessageTransformer.transform(AbstractMessageTransformer.java:69)
	at org.mule.DefaultMuleMessage.getPayload(DefaultMuleMessage.java:406)
	at org.mule.DefaultMuleMessage.getPayload(DefaultMuleMessage.java:354)
	at org.mule.DefaultMuleMessage.getPayloadAsBytes(DefaultMuleMessage.java:741)
	at org.mule.module.http.internal.listener.HttpResponseBuilder.build(HttpResponseBuilder.java:208)
	at org.mule.module.http.internal.listener.HttpMessageProcessorTemplate.doBuildResponse(HttpMessageProcessorTemplate.java:122)
	at org.mule.module.http.internal.listener.HttpMessageProcessorTemplate.buildResponse(HttpMessageProcessorTemplate.java:112)
	at org.mule.module.http.internal.listener.HttpMessageProcessorTemplate.sendResponseToClient(HttpMessageProcessorTemplate.java:86)
	at org.mule.execution.AsyncResponseFlowProcessingPhase.runPhase(AsyncResponseFlowProcessingPhase.java:78)
	at org.mule.execution.AsyncResponseFlowProcessingPhase.runPhase(AsyncResponseFlowProcessingPhase.java:35)
	at org.mule.execution.PhaseExecutionEngine$InternalPhaseExecutionEngine.phaseSuccessfully(PhaseExecutionEngine.java:65)
	at org.mule.execution.PhaseExecutionEngine$InternalPhaseExecutionEngine.phaseSuccessfully(PhaseExecutionEngine.java:69)
	at com.mulesoft.mule.throttling.ThrottlingPhase.runPhase(ThrottlingPhase.java:187)
	at com.mulesoft.mule.throttling.ThrottlingPhase.runPhase(ThrottlingPhase.java:58)
	at org.mule.execution.PhaseExecutionEngine$InternalPhaseExecutionEngine.phaseSuccessfully(PhaseExecutionEngine.java:65)
	at com.mulesoft.gateway.http.phases.GatewayValidationPhase.runPhase(GatewayValidationPhase.java:93)
	at com.mulesoft.gateway.http.phases.GatewayValidationPhase.runPhase(GatewayValidationPhase.java:49)
	at org.mule.execution.PhaseExecutionEngine$InternalPhaseExecutionEngine.phaseSuccessfully(PhaseExecutionEngine.java:65)
	at org.mule.modules.cors.CorsPhase.runPhase(CorsPhase.java:113)
	at org.mule.modules.cors.CorsPhase.runPhase(CorsPhase.java:40)
	at org.mule.execution.PhaseExecutionEngine$InternalPhaseExecutionEngine.process(PhaseExecutionEngine.java:114)
	at org.mule.execution.PhaseExecutionEngine.process(PhaseExecutionEngine.java:41)
	at org.mule.execution.MuleMessageProcessingManager.processMessage(MuleMessageProcessingManager.java:32)
	at org.mule.module.http.internal.listener.DefaultHttpListener$1.handleRequest(DefaultHttpListener.java:133)
	at org.mule.module.http.internal.listener.grizzly.GrizzlyRequestDispatcherFilter.handleRead(GrizzlyRequestDispatcherFilter.java:83)
	at org.glassfish.grizzly.filterchain.ExecutorResolver$9.execute(ExecutorResolver.java:119)
	at org.glassfish.grizzly.filterchain.DefaultFilterChain.executeFilter(DefaultFilterChain.java:284)
	at org.glassfish.grizzly.filterchain.DefaultFilterChain.executeChainPart(DefaultFilterChain.java:201)
	at org.glassfish.grizzly.filterchain.DefaultFilterChain.execute(DefaultFilterChain.java:133)
	at org.glassfish.grizzly.filterchain.DefaultFilterChain.process(DefaultFilterChain.java:112)
	at org.glassfish.grizzly.ProcessorExecutor.execute(ProcessorExecutor.java:77)
	at org.glassfish.grizzly.nio.transport.TCPNIOTransport.fireIOEvent(TCPNIOTransport.java:526)
	at org.glassfish.grizzly.strategies.AbstractIOStrategy.fireIOEvent(AbstractIOStrategy.java:112)
	at org.mule.module.http.internal.listener.grizzly.ExecutorPerServerAddressIOStrategy.run0(ExecutorPerServerAddressIOStrategy.java:102)
	at org.mule.module.http.internal.listener.grizzly.ExecutorPerServerAddressIOStrategy.access$100(ExecutorPerServerAddressIOStrategy.java:30)
	at org.mule.module.http.internal.listener.grizzly.ExecutorPerServerAddressIOStrategy$WorkerThreadRunnable.run(ExecutorPerServerAddressIOStrategy.java:125)
	at java.util.concurrent.ThreadPoolExecutor.runWorker(ThreadPoolExecutor.java:1149)
	at java.util.concurrent.ThreadPoolExecutor$Worker.run(ThreadPoolExecutor.java:624)
	at java.lang.Thread.run(Thread.java:748)

********************************************************************************

2018-12-17 16:22:31,884 [main] INFO  org.mule.module.launcher.application.DefaultMuleApplication - 
++++++++++++++++++++++++++++++++++++++++++++++++++++++++++++
+ Initializing app 'wildcardfilter'                        +
++++++++++++++++++++++++++++++++++++++++++++++++++++++++++++
2018-12-17 16:22:32,060 [main] INFO  org.mule.lifecycle.AbstractLifecycleManager - Initialising RegistryBroker
2018-12-17 16:22:32,165 [main] INFO  org.mule.module.extension.internal.manager.DefaultExtensionManager - Starting discovery of extensions
2018-12-17 16:22:32,341 [main] INFO  org.mule.module.extension.internal.manager.DefaultExtensionManager - Discovered 1 extensions
2018-12-17 16:22:32,341 [main] INFO  org.mule.module.extension.internal.manager.DefaultExtensionManager - Registering extension validation (version 3.8)
2018-12-17 16:22:32,407 [main] INFO  org.mule.config.spring.MuleArtifactContext - Refreshing org.mule.config.spring.MuleArtifactContext@69c79f09: startup date [Mon Dec 17 16:22:32 CET 2018]; root of context hierarchy
2018-12-17 16:22:34,207 [main] INFO  org.mule.config.spring.processors.NoDevkitInjectorProcessor - JSR-330 'javax.inject.Inject' annotation found and supported for autowiring
2018-12-17 16:22:35,329 [main] WARN  org.mule.module.ognl.expression.OgnlExpressionEvaluator - OGNL module is deprecated and will be removed in Mule 4.0. Use MEL expressions instead.
2018-12-17 16:22:35,855 [main] INFO  org.mule.util.journal.TransactionJournal - Using files for tx logs /Users/juan/Documents/AnypointStudio/workspace/.mule/./.mule/wildcardfilter/queue-tx-log/tx1.log and /Users/juan/Documents/AnypointStudio/workspace/.mule/./.mule/wildcardfilter/queue-tx-log/tx2.log
2018-12-17 16:22:35,874 [main] INFO  org.mule.util.journal.TransactionJournal - Using files for tx logs /Users/juan/Documents/AnypointStudio/workspace/.mule/./.mule/wildcardfilter/queue-xa-tx-log/tx1.log and /Users/juan/Documents/AnypointStudio/workspace/.mule/./.mule/wildcardfilter/queue-xa-tx-log/tx2.log
2018-12-17 16:22:36,005 [main] INFO  org.mule.lifecycle.AbstractLifecycleManager - Initialising model: _muleSystemModel
2018-12-17 16:22:36,011 [main] INFO  org.mule.construct.FlowConstructLifecycleManager - Initialising flow: wildcardfilterFlow
2018-12-17 16:22:36,012 [main] INFO  org.mule.exception.DefaultMessagingExceptionStrategy - Initialising exception listener: org.mule.exception.DefaultMessagingExceptionStrategy@3f36e8d1
2018-12-17 16:22:36,045 [main] INFO  org.mule.processor.SedaStageLifecycleManager - Initialising service: wildcardfilterFlow.stage1
2018-12-17 16:22:36,394 [main] INFO  org.mule.config.spring.SpringXmlConfigurationBuilder - Configured Mule using "org.mule.config.spring.SpringXmlConfigurationBuilder" with configuration resource(s): "[ConfigResource{resourceName='/Users/juan/Documents/AnypointStudio/workspace/.mule/apps/wildcardfilter/wildcardfilter.xml'}]"
2018-12-17 16:22:36,394 [main] INFO  org.mule.config.builders.AutoConfigurationBuilder - Configured Mule using "org.mule.config.builders.AutoConfigurationBuilder" with configuration resource(s): "[ConfigResource{resourceName='/Users/juan/Documents/AnypointStudio/workspace/.mule/apps/wildcardfilter/wildcardfilter.xml'}]"
2018-12-17 16:22:39,505 [main] INFO  org.mule.module.launcher.application.DefaultMuleApplication - 
++++++++++++++++++++++++++++++++++++++++++++++++++++++++++++
+ Starting app 'wildcardfilter'                            +
++++++++++++++++++++++++++++++++++++++++++++++++++++++++++++
2018-12-17 16:22:39,508 [main] INFO  org.mule.util.queue.QueueXaResourceManager - Starting ResourceManager
2018-12-17 16:22:39,508 [main] INFO  org.mule.util.queue.QueueXaResourceManager - Started ResourceManager
2018-12-17 16:22:39,761 [main] INFO  org.mule.module.http.internal.listener.DefaultHttpListenerConfig - Listening for requests on http://0.0.0.0:9999
2018-12-17 16:22:39,764 [main] INFO  org.mule.modules.oauth2.provider.agents.DefaultSplashScreenAgent - 
++++++++++++++++++++++++++++++++++++++++++++++++++++++++++++++++++++++++++++++++
+ DevKit Extensions (0) used in this application 
                             +
++++++++++++++++++++++++++++++++++++++++++++++++++++++++++++++++++++++++++++++++
2018-12-17 16:22:39,768 [main] INFO  org.mule.lifecycle.AbstractLifecycleManager - Starting model: _muleSystemModel
2018-12-17 16:22:39,771 [main] INFO  org.mule.construct.FlowConstructLifecycleManager - Starting flow: wildcardfilterFlow
2018-12-17 16:22:39,771 [main] INFO  org.mule.processor.SedaStageLifecycleManager - Starting service: wildcardfilterFlow.stage1
2018-12-17 16:22:39,835 [main] INFO  org.mule.module.management.agent.WrapperManagerAgent - This JVM hasn't been launched by the wrapper, the agent will not run.
2018-12-17 16:22:39,855 [main] INFO  org.mule.DefaultMuleContext - 
**********************************************************************
* Application: wildcardfilter                                        *
* OS encoding: /, Mule encoding: UTF-8                               *
*                                                                    *
* Agents Running:                                                    *
*   JMX Agent                                                        *
*   DevKit Extension Information                                     *
*   Batch module default engine                                      *
*   Wrapper Manager                                                  *
**********************************************************************
2018-12-17 16:23:12,572 [[wildcardfilter].HTTP_Listener_Configuration.worker.01] ERROR org.mule.exception.DefaultMessagingExceptionStrategy - 
********************************************************************************
Message               : This transformer needs a valid endpoint (java.lang.IllegalStateException)
Payload               : {NullPayload}
Transformer           : ObjectToJMSMessage{this=c27a3a2, name='_ObjectToMessage', ignoreBadInput=false, returnClass=SimpleDataType{type=javax.jms.Message, mimeType='*/*', encoding='null'}, sourceTypes=[]}
--------------------------------------------------------------------------------
Root Exception stack trace:
java.lang.IllegalStateException: This transformer needs a valid endpoint
	at org.mule.transport.jms.transformers.AbstractJmsTransformer.getSession(AbstractJmsTransformer.java:196)
	at org.mule.transport.jms.transformers.AbstractJmsTransformer.transformToMessage(AbstractJmsTransformer.java:64)
	at org.mule.transport.jms.transformers.ObjectToJMSMessage.transformMessage(ObjectToJMSMessage.java:54)
	at org.mule.transformer.AbstractMessageTransformer.transform(AbstractMessageTransformer.java:141)
	at org.mule.transformer.AbstractMessageTransformer.transform(AbstractMessageTransformer.java:69)
	at org.mule.transformer.AbstractTransformer.transform(AbstractTransformer.java:366)
	at org.mule.transformer.TransformerChain.transformMessage(TransformerChain.java:66)
	at org.mule.transformer.AbstractMessageTransformer.transform(AbstractMessageTransformer.java:141)
	at org.mule.transformer.AbstractMessageTransformer.transform(AbstractMessageTransformer.java:69)
	at org.mule.DefaultMuleMessage.getPayload(DefaultMuleMessage.java:406)
	at org.mule.DefaultMuleMessage.getPayload(DefaultMuleMessage.java:354)
	at org.mule.DefaultMuleMessage.getPayloadAsBytes(DefaultMuleMessage.java:741)
	at org.mule.module.http.internal.listener.HttpResponseBuilder.build(HttpResponseBuilder.java:208)
	at org.mule.module.http.internal.listener.HttpMessageProcessorTemplate.doBuildResponse(HttpMessageProcessorTemplate.java:122)
	at org.mule.module.http.internal.listener.HttpMessageProcessorTemplate.buildResponse(HttpMessageProcessorTemplate.java:112)
	at org.mule.module.http.internal.listener.HttpMessageProcessorTemplate.sendResponseToClient(HttpMessageProcessorTemplate.java:86)
	at org.mule.execution.AsyncResponseFlowProcessingPhase.runPhase(AsyncResponseFlowProcessingPhase.java:78)
	at org.mule.execution.AsyncResponseFlowProcessingPhase.runPhase(AsyncResponseFlowProcessingPhase.java:35)
	at org.mule.execution.PhaseExecutionEngine$InternalPhaseExecutionEngine.phaseSuccessfully(PhaseExecutionEngine.java:65)
	at org.mule.execution.PhaseExecutionEngine$InternalPhaseExecutionEngine.phaseSuccessfully(PhaseExecutionEngine.java:69)
	at com.mulesoft.mule.throttling.ThrottlingPhase.runPhase(ThrottlingPhase.java:187)
	at com.mulesoft.mule.throttling.ThrottlingPhase.runPhase(ThrottlingPhase.java:58)
	at org.mule.execution.PhaseExecutionEngine$InternalPhaseExecutionEngine.phaseSuccessfully(PhaseExecutionEngine.java:65)
	at com.mulesoft.gateway.http.phases.GatewayValidationPhase.runPhase(GatewayValidationPhase.java:93)
	at com.mulesoft.gateway.http.phases.GatewayValidationPhase.runPhase(GatewayValidationPhase.java:49)
	at org.mule.execution.PhaseExecutionEngine$InternalPhaseExecutionEngine.phaseSuccessfully(PhaseExecutionEngine.java:65)
	at org.mule.modules.cors.CorsPhase.runPhase(CorsPhase.java:113)
	at org.mule.modules.cors.CorsPhase.runPhase(CorsPhase.java:40)
	at org.mule.execution.PhaseExecutionEngine$InternalPhaseExecutionEngine.process(PhaseExecutionEngine.java:114)
	at org.mule.execution.PhaseExecutionEngine.process(PhaseExecutionEngine.java:41)
	at org.mule.execution.MuleMessageProcessingManager.processMessage(MuleMessageProcessingManager.java:32)
	at org.mule.module.http.internal.listener.DefaultHttpListener$1.handleRequest(DefaultHttpListener.java:133)
	at org.mule.module.http.internal.listener.grizzly.GrizzlyRequestDispatcherFilter.handleRead(GrizzlyRequestDispatcherFilter.java:83)
	at org.glassfish.grizzly.filterchain.ExecutorResolver$9.execute(ExecutorResolver.java:119)
	at org.glassfish.grizzly.filterchain.DefaultFilterChain.executeFilter(DefaultFilterChain.java:284)
	at org.glassfish.grizzly.filterchain.DefaultFilterChain.executeChainPart(DefaultFilterChain.java:201)
	at org.glassfish.grizzly.filterchain.DefaultFilterChain.execute(DefaultFilterChain.java:133)
	at org.glassfish.grizzly.filterchain.DefaultFilterChain.process(DefaultFilterChain.java:112)
	at org.glassfish.grizzly.ProcessorExecutor.execute(ProcessorExecutor.java:77)
	at org.glassfish.grizzly.nio.transport.TCPNIOTransport.fireIOEvent(TCPNIOTransport.java:526)
	at org.glassfish.grizzly.strategies.AbstractIOStrategy.fireIOEvent(AbstractIOStrategy.java:112)
	at org.mule.module.http.internal.listener.grizzly.ExecutorPerServerAddressIOStrategy.run0(ExecutorPerServerAddressIOStrategy.java:102)
	at org.mule.module.http.internal.listener.grizzly.ExecutorPerServerAddressIOStrategy.access$100(ExecutorPerServerAddressIOStrategy.java:30)
	at org.mule.module.http.internal.listener.grizzly.ExecutorPerServerAddressIOStrategy$WorkerThreadRunnable.run(ExecutorPerServerAddressIOStrategy.java:125)
	at java.util.concurrent.ThreadPoolExecutor.runWorker(ThreadPoolExecutor.java:1149)
	at java.util.concurrent.ThreadPoolExecutor$Worker.run(ThreadPoolExecutor.java:624)
	at java.lang.Thread.run(Thread.java:748)

********************************************************************************

2018-12-17 16:26:40,532 [main] INFO  org.mule.module.launcher.application.DefaultMuleApplication - 
++++++++++++++++++++++++++++++++++++++++++++++++++++++++++++
+ Initializing app 'wildcardfilter'                        +
++++++++++++++++++++++++++++++++++++++++++++++++++++++++++++
2018-12-17 16:26:40,868 [main] INFO  org.mule.lifecycle.AbstractLifecycleManager - Initialising RegistryBroker
2018-12-17 16:26:41,079 [main] INFO  org.mule.module.extension.internal.manager.DefaultExtensionManager - Starting discovery of extensions
2018-12-17 16:26:41,313 [main] INFO  org.mule.module.extension.internal.manager.DefaultExtensionManager - Discovered 1 extensions
2018-12-17 16:26:41,317 [main] INFO  org.mule.module.extension.internal.manager.DefaultExtensionManager - Registering extension validation (version 3.8)
2018-12-17 16:26:41,425 [main] INFO  org.mule.config.spring.MuleArtifactContext - Refreshing org.mule.config.spring.MuleArtifactContext@69c79f09: startup date [Mon Dec 17 16:26:41 CET 2018]; root of context hierarchy
2018-12-17 16:26:43,284 [main] INFO  org.mule.config.spring.processors.NoDevkitInjectorProcessor - JSR-330 'javax.inject.Inject' annotation found and supported for autowiring
2018-12-17 16:26:44,602 [main] WARN  org.mule.module.ognl.expression.OgnlExpressionEvaluator - OGNL module is deprecated and will be removed in Mule 4.0. Use MEL expressions instead.
2018-12-17 16:26:45,032 [main] INFO  org.mule.util.journal.TransactionJournal - Using files for tx logs /Users/juan/Documents/AnypointStudio/workspace/.mule/./.mule/wildcardfilter/queue-tx-log/tx1.log and /Users/juan/Documents/AnypointStudio/workspace/.mule/./.mule/wildcardfilter/queue-tx-log/tx2.log
2018-12-17 16:26:45,046 [main] INFO  org.mule.util.journal.TransactionJournal - Using files for tx logs /Users/juan/Documents/AnypointStudio/workspace/.mule/./.mule/wildcardfilter/queue-xa-tx-log/tx1.log and /Users/juan/Documents/AnypointStudio/workspace/.mule/./.mule/wildcardfilter/queue-xa-tx-log/tx2.log
2018-12-17 16:26:45,222 [main] INFO  org.mule.lifecycle.AbstractLifecycleManager - Initialising model: _muleSystemModel
2018-12-17 16:26:45,226 [main] INFO  org.mule.construct.FlowConstructLifecycleManager - Initialising flow: wildcardfilterFlow
2018-12-17 16:26:45,226 [main] INFO  org.mule.exception.DefaultMessagingExceptionStrategy - Initialising exception listener: org.mule.exception.DefaultMessagingExceptionStrategy@3f36e8d1
2018-12-17 16:26:45,260 [main] INFO  org.mule.processor.SedaStageLifecycleManager - Initialising service: wildcardfilterFlow.stage1
2018-12-17 16:26:45,650 [main] INFO  org.mule.config.spring.SpringXmlConfigurationBuilder - Configured Mule using "org.mule.config.spring.SpringXmlConfigurationBuilder" with configuration resource(s): "[ConfigResource{resourceName='/Users/juan/Documents/AnypointStudio/workspace/.mule/apps/wildcardfilter/wildcardfilter.xml'}]"
2018-12-17 16:26:45,650 [main] INFO  org.mule.config.builders.AutoConfigurationBuilder - Configured Mule using "org.mule.config.builders.AutoConfigurationBuilder" with configuration resource(s): "[ConfigResource{resourceName='/Users/juan/Documents/AnypointStudio/workspace/.mule/apps/wildcardfilter/wildcardfilter.xml'}]"
2018-12-17 16:26:48,805 [main] INFO  org.mule.module.launcher.application.DefaultMuleApplication - 
++++++++++++++++++++++++++++++++++++++++++++++++++++++++++++
+ Starting app 'wildcardfilter'                            +
++++++++++++++++++++++++++++++++++++++++++++++++++++++++++++
2018-12-17 16:26:48,807 [main] INFO  org.mule.util.queue.QueueXaResourceManager - Starting ResourceManager
2018-12-17 16:26:48,807 [main] INFO  org.mule.util.queue.QueueXaResourceManager - Started ResourceManager
2018-12-17 16:26:49,038 [main] INFO  org.mule.module.http.internal.listener.DefaultHttpListenerConfig - Listening for requests on http://0.0.0.0:9999
2018-12-17 16:26:49,040 [main] INFO  org.mule.modules.oauth2.provider.agents.DefaultSplashScreenAgent - 
++++++++++++++++++++++++++++++++++++++++++++++++++++++++++++++++++++++++++++++++
+ DevKit Extensions (0) used in this application 
                             +
++++++++++++++++++++++++++++++++++++++++++++++++++++++++++++++++++++++++++++++++
2018-12-17 16:26:49,043 [main] INFO  org.mule.lifecycle.AbstractLifecycleManager - Starting model: _muleSystemModel
2018-12-17 16:26:49,045 [main] INFO  org.mule.construct.FlowConstructLifecycleManager - Starting flow: wildcardfilterFlow
2018-12-17 16:26:49,046 [main] INFO  org.mule.processor.SedaStageLifecycleManager - Starting service: wildcardfilterFlow.stage1
2018-12-17 16:26:49,085 [main] INFO  org.mule.module.management.agent.WrapperManagerAgent - This JVM hasn't been launched by the wrapper, the agent will not run.
2018-12-17 16:26:49,104 [main] INFO  org.mule.DefaultMuleContext - 
**********************************************************************
* Application: wildcardfilter                                        *
* OS encoding: /, Mule encoding: UTF-8                               *
*                                                                    *
* Agents Running:                                                    *
*   JMX Agent                                                        *
*   DevKit Extension Information                                     *
*   Batch module default engine                                      *
*   Wrapper Manager                                                  *
**********************************************************************
2018-12-17 16:26:53,664 [[wildcardfilter].HTTP_Listener_Configuration.worker.01] ERROR org.mule.exception.DefaultMessagingExceptionStrategy - 
********************************************************************************
Message               : This transformer needs a valid endpoint (java.lang.IllegalStateException)
Payload               : {NullPayload}
Transformer           : ObjectToJMSMessage{this=c27a3a2, name='_ObjectToMessage', ignoreBadInput=false, returnClass=SimpleDataType{type=javax.jms.Message, mimeType='*/*', encoding='null'}, sourceTypes=[]}
--------------------------------------------------------------------------------
Root Exception stack trace:
java.lang.IllegalStateException: This transformer needs a valid endpoint
	at org.mule.transport.jms.transformers.AbstractJmsTransformer.getSession(AbstractJmsTransformer.java:196)
	at org.mule.transport.jms.transformers.AbstractJmsTransformer.transformToMessage(AbstractJmsTransformer.java:64)
	at org.mule.transport.jms.transformers.ObjectToJMSMessage.transformMessage(ObjectToJMSMessage.java:54)
	at org.mule.transformer.AbstractMessageTransformer.transform(AbstractMessageTransformer.java:141)
	at org.mule.transformer.AbstractMessageTransformer.transform(AbstractMessageTransformer.java:69)
	at org.mule.transformer.AbstractTransformer.transform(AbstractTransformer.java:366)
	at org.mule.transformer.TransformerChain.transformMessage(TransformerChain.java:66)
	at org.mule.transformer.AbstractMessageTransformer.transform(AbstractMessageTransformer.java:141)
	at org.mule.transformer.AbstractMessageTransformer.transform(AbstractMessageTransformer.java:69)
	at org.mule.DefaultMuleMessage.getPayload(DefaultMuleMessage.java:406)
	at org.mule.DefaultMuleMessage.getPayload(DefaultMuleMessage.java:354)
	at org.mule.DefaultMuleMessage.getPayloadAsBytes(DefaultMuleMessage.java:741)
	at org.mule.module.http.internal.listener.HttpResponseBuilder.build(HttpResponseBuilder.java:208)
	at org.mule.module.http.internal.listener.HttpMessageProcessorTemplate.doBuildResponse(HttpMessageProcessorTemplate.java:122)
	at org.mule.module.http.internal.listener.HttpMessageProcessorTemplate.buildResponse(HttpMessageProcessorTemplate.java:112)
	at org.mule.module.http.internal.listener.HttpMessageProcessorTemplate.sendResponseToClient(HttpMessageProcessorTemplate.java:86)
	at org.mule.execution.AsyncResponseFlowProcessingPhase.runPhase(AsyncResponseFlowProcessingPhase.java:78)
	at org.mule.execution.AsyncResponseFlowProcessingPhase.runPhase(AsyncResponseFlowProcessingPhase.java:35)
	at org.mule.execution.PhaseExecutionEngine$InternalPhaseExecutionEngine.phaseSuccessfully(PhaseExecutionEngine.java:65)
	at org.mule.execution.PhaseExecutionEngine$InternalPhaseExecutionEngine.phaseSuccessfully(PhaseExecutionEngine.java:69)
	at com.mulesoft.mule.throttling.ThrottlingPhase.runPhase(ThrottlingPhase.java:187)
	at com.mulesoft.mule.throttling.ThrottlingPhase.runPhase(ThrottlingPhase.java:58)
	at org.mule.execution.PhaseExecutionEngine$InternalPhaseExecutionEngine.phaseSuccessfully(PhaseExecutionEngine.java:65)
	at com.mulesoft.gateway.http.phases.GatewayValidationPhase.runPhase(GatewayValidationPhase.java:93)
	at com.mulesoft.gateway.http.phases.GatewayValidationPhase.runPhase(GatewayValidationPhase.java:49)
	at org.mule.execution.PhaseExecutionEngine$InternalPhaseExecutionEngine.phaseSuccessfully(PhaseExecutionEngine.java:65)
	at org.mule.modules.cors.CorsPhase.runPhase(CorsPhase.java:113)
	at org.mule.modules.cors.CorsPhase.runPhase(CorsPhase.java:40)
	at org.mule.execution.PhaseExecutionEngine$InternalPhaseExecutionEngine.process(PhaseExecutionEngine.java:114)
	at org.mule.execution.PhaseExecutionEngine.process(PhaseExecutionEngine.java:41)
	at org.mule.execution.MuleMessageProcessingManager.processMessage(MuleMessageProcessingManager.java:32)
	at org.mule.module.http.internal.listener.DefaultHttpListener$1.handleRequest(DefaultHttpListener.java:133)
	at org.mule.module.http.internal.listener.grizzly.GrizzlyRequestDispatcherFilter.handleRead(GrizzlyRequestDispatcherFilter.java:83)
	at org.glassfish.grizzly.filterchain.ExecutorResolver$9.execute(ExecutorResolver.java:119)
	at org.glassfish.grizzly.filterchain.DefaultFilterChain.executeFilter(DefaultFilterChain.java:284)
	at org.glassfish.grizzly.filterchain.DefaultFilterChain.executeChainPart(DefaultFilterChain.java:201)
	at org.glassfish.grizzly.filterchain.DefaultFilterChain.execute(DefaultFilterChain.java:133)
	at org.glassfish.grizzly.filterchain.DefaultFilterChain.process(DefaultFilterChain.java:112)
	at org.glassfish.grizzly.ProcessorExecutor.execute(ProcessorExecutor.java:77)
	at org.glassfish.grizzly.nio.transport.TCPNIOTransport.fireIOEvent(TCPNIOTransport.java:526)
	at org.glassfish.grizzly.strategies.AbstractIOStrategy.fireIOEvent(AbstractIOStrategy.java:112)
	at org.mule.module.http.internal.listener.grizzly.ExecutorPerServerAddressIOStrategy.run0(ExecutorPerServerAddressIOStrategy.java:102)
	at org.mule.module.http.internal.listener.grizzly.ExecutorPerServerAddressIOStrategy.access$100(ExecutorPerServerAddressIOStrategy.java:30)
	at org.mule.module.http.internal.listener.grizzly.ExecutorPerServerAddressIOStrategy$WorkerThreadRunnable.run(ExecutorPerServerAddressIOStrategy.java:125)
	at java.util.concurrent.ThreadPoolExecutor.runWorker(ThreadPoolExecutor.java:1149)
	at java.util.concurrent.ThreadPoolExecutor$Worker.run(ThreadPoolExecutor.java:624)
	at java.lang.Thread.run(Thread.java:748)

********************************************************************************

